#
# There is insufficient memory for the Java Runtime Environment to continue.
# Native memory allocation (malloc) failed to allocate 32744 bytes for ChunkPool::allocate
# Possible reasons:
#   The system is out of physical RAM or swap space
#   The process is running with CompressedOops enabled, and the Java Heap may be blocking the growth of the native heap
# Possible solutions:
#   Reduce memory load on the system
#   Increase physical memory or swap space
#   Check if swap backing store is full
#   Decrease Java heap size (-Xmx/-Xms)
#   Decrease number of Java threads
#   Decrease Java thread stack sizes (-Xss)
#   Set larger code cache with -XX:ReservedCodeCacheSize=
#   JVM is running with Unscaled Compressed Oops mode in which the Java heap is
#     placed in the first 4GB address space. The Java Heap base address is the
#     maximum limit for the native heap growth. Please use -XX:HeapBaseMinAddress
#     to set the Java Heap base and to place the Java Heap above 4GB virtual address.
# This output file may be truncated or incomplete.
#
#  Out of Memory Error (arena.cpp:81), pid=6696, tid=22828
#
# JRE version: OpenJDK Runtime Environment Microsoft-8035250 (11.0.20+8) (build 11.0.20+8-LTS)
# Java VM: OpenJDK 64-Bit Server VM Microsoft-8035250 (11.0.20+8-LTS, mixed mode, tiered, compressed oops, g1 gc, windows-amd64)
# No core dump will be written. Minidumps are not enabled by default on client versions of Windows
#

---------------  S U M M A R Y ------------

Command Line: -Xmx64m -Xms64m -Dorg.gradle.appname=gradlew org.gradle.wrapper.GradleWrapperMain tasks

Host: Intel(R) Core(TM) i3-1005G1 CPU @ 1.20GHz, 4 cores, 3G,  Windows 11 , 64 bit Build 22621 (10.0.22621.2506)
Time: Mon Dec 18 10:15:48 2023 SE Asia Standard Time elapsed time: 576.297816 seconds (0d 0h 9m 36s)

---------------  T H R E A D  ---------------

Current thread (0x0000020ad2501000):  JavaThread "C2 CompilerThread0" daemon [_thread_in_native, id=22828, stack(0x0000001d93700000,0x0000001d93800000)]


Current CompileTask:
C2: 576297 1690       4       sun.nio.cs.SingleByte$Encoder::encode (32 bytes)

Stack: [0x0000001d93700000,0x0000001d93800000]
Native frames: (J=compiled Java code, j=interpreted, Vv=VM code, C=native code)
V  [jvm.dll+0x62e9da]
V  [jvm.dll+0x7bc4e9]
V  [jvm.dll+0x7bdbd8]
V  [jvm.dll+0x7be2b3]
V  [jvm.dll+0x2505a8]
V  [jvm.dll+0xc289b]
V  [jvm.dll+0xc2bfc]
V  [jvm.dll+0xc274b]
V  [jvm.dll+0x60c2ff]
V  [jvm.dll+0x65ff24]
V  [jvm.dll+0x19f2cd]
V  [jvm.dll+0x2098c5]
V  [jvm.dll+0x20893d]
V  [jvm.dll+0x18a7de]
V  [jvm.dll+0x2181ec]
V  [jvm.dll+0x21642b]
V  [jvm.dll+0x77efc0]
V  [jvm.dll+0x777db4]
V  [jvm.dll+0x62d845]
C  [ucrtbase.dll+0x29363]
C  [KERNEL32.DLL+0x1257d]
C  [ntdll.dll+0x5aa58]


---------------  P R O C E S S  ---------------

Threads class SMR info:
_java_thread_list=0x0000020ad2ac40a0, length=11, elements={
0x0000020ab7ed3000, 0x0000020ad24e4800, 0x0000020ad24e5800, 0x0000020ad2558000,
0x0000020ad255a000, 0x0000020ad255b800, 0x0000020ad2501000, 0x0000020ad2504800,
0x0000020ad250b800, 0x0000020ad27c5800, 0x0000020ad26a1000
}

Java Threads: ( => current thread )
  0x0000020ab7ed3000 JavaThread "main" [_thread_in_native, id=6296, stack(0x0000001d92b00000,0x0000001d92c00000)]
  0x0000020ad24e4800 JavaThread "Reference Handler" daemon [_thread_blocked, id=23388, stack(0x0000001d93200000,0x0000001d93300000)]
  0x0000020ad24e5800 JavaThread "Finalizer" daemon [_thread_blocked, id=2560, stack(0x0000001d93300000,0x0000001d93400000)]
  0x0000020ad2558000 JavaThread "Signal Dispatcher" daemon [_thread_blocked, id=20680, stack(0x0000001d93400000,0x0000001d93500000)]
  0x0000020ad255a000 JavaThread "Attach Listener" daemon [_thread_blocked, id=14540, stack(0x0000001d93500000,0x0000001d93600000)]
  0x0000020ad255b800 JavaThread "Service Thread" daemon [_thread_blocked, id=1180, stack(0x0000001d93600000,0x0000001d93700000)]
=>0x0000020ad2501000 JavaThread "C2 CompilerThread0" daemon [_thread_in_native, id=22828, stack(0x0000001d93700000,0x0000001d93800000)]
  0x0000020ad2504800 JavaThread "C1 CompilerThread0" daemon [_thread_blocked, id=5732, stack(0x0000001d93800000,0x0000001d93900000)]
  0x0000020ad250b800 JavaThread "Sweeper thread" daemon [_thread_blocked, id=2728, stack(0x0000001d93900000,0x0000001d93a00000)]
  0x0000020ad27c5800 JavaThread "Common-Cleaner" daemon [_thread_blocked, id=8052, stack(0x0000001d93b00000,0x0000001d93c00000)]
  0x0000020ad26a1000 JavaThread "pool-1-thread-1" [_thread_blocked, id=15708, stack(0x0000001d93d00000,0x0000001d93e00000)]

Other Threads:
  0x0000020ad24e2000 VMThread "VM Thread" [stack: 0x0000001d93100000,0x0000001d93200000] [id=18352]
  0x0000020ad27bc000 WatcherThread [stack: 0x0000001d93a00000,0x0000001d93b00000] [id=8380]
  0x0000020ab7eeb000 GCTaskThread "GC Thread#0" [stack: 0x0000001d92c00000,0x0000001d92d00000] [id=3832]
  0x0000020ad2847000 GCTaskThread "GC Thread#1" [stack: 0x0000001d93c00000,0x0000001d93d00000] [id=8116]
  0x0000020ad3498800 GCTaskThread "GC Thread#2" [stack: 0x0000001d92800000,0x0000001d92900000] [id=15920]
  0x0000020ad36c2800 GCTaskThread "GC Thread#3" [stack: 0x0000001d92900000,0x0000001d92a00000] [id=2228]
  0x0000020ab7ef1800 ConcurrentGCThread "G1 Main Marker" [stack: 0x0000001d92d00000,0x0000001d92e00000] [id=19628]
  0x0000020ab7ef2800 ConcurrentGCThread "G1 Conc#0" [stack: 0x0000001d92e00000,0x0000001d92f00000] [id=23508]
  0x0000020ab7f48000 ConcurrentGCThread "G1 Refine#0" [stack: 0x0000001d92f00000,0x0000001d93000000] [id=14768]
  0x0000020ad2906800 ConcurrentGCThread "G1 Refine#1" [stack: 0x0000001d92a00000,0x0000001d92b00000] [id=23056]
  0x0000020ab7f49000 ConcurrentGCThread "G1 Young RemSet Sampling" [stack: 0x0000001d93000000,0x0000001d93100000] [id=22416]

Threads with active compile tasks:
C2 CompilerThread0   576351 1690       4       sun.nio.cs.SingleByte$Encoder::encode (32 bytes)

VM state:not at safepoint (normal execution)

VM Mutex/Monitor currently owned by a thread: None

Heap address: 0x00000000fc000000, size: 64 MB, Compressed Oops mode: 32-bit
Narrow klass base: 0x0000000000000000, Narrow klass shift: 3
Compressed class space size: 1073741824 Address: 0x0000000100000000

Heap:
 garbage-first heap   total 65536K, used 12814K [0x00000000fc000000, 0x0000000100000000)
  region size 1024K, 2 young (2048K), 1 survivors (1024K)
 Metaspace       used 17438K, capacity 17751K, committed 17920K, reserved 1064960K
  class space    used 1891K, capacity 2027K, committed 2048K, reserved 1048576K
Heap Regions: E=young(eden), S=young(survivor), O=old, HS=humongous(starts), HC=humongous(continues), CS=collection set, F=free, A=archive, TAMS=top-at-mark-start (previous, next)
|   0|0x00000000fc000000, 0x00000000fc100000, 0x00000000fc100000|100%| O|  |TAMS 0x00000000fc000000, 0x00000000fc000000| Untracked 
|   1|0x00000000fc100000, 0x00000000fc200000, 0x00000000fc200000|100%| O|  |TAMS 0x00000000fc100000, 0x00000000fc100000| Untracked 
|   2|0x00000000fc200000, 0x00000000fc300000, 0x00000000fc300000|100%|HS|  |TAMS 0x00000000fc200000, 0x00000000fc200000| Complete 
|   3|0x00000000fc300000, 0x00000000fc400000, 0x00000000fc400000|100%|HC|  |TAMS 0x00000000fc300000, 0x00000000fc300000| Complete 
|   4|0x00000000fc400000, 0x00000000fc500000, 0x00000000fc500000|100%|HC|  |TAMS 0x00000000fc400000, 0x00000000fc400000| Complete 
|   5|0x00000000fc500000, 0x00000000fc600000, 0x00000000fc600000|100%|HC|  |TAMS 0x00000000fc500000, 0x00000000fc500000| Complete 
|   6|0x00000000fc600000, 0x00000000fc700000, 0x00000000fc700000|100%| O|  |TAMS 0x00000000fc600000, 0x00000000fc600000| Untracked 
|   7|0x00000000fc700000, 0x00000000fc800000, 0x00000000fc800000|100%| O|  |TAMS 0x00000000fc700000, 0x00000000fc700000| Untracked 
|   8|0x00000000fc800000, 0x00000000fc900000, 0x00000000fc900000|100%| O|  |TAMS 0x00000000fc800000, 0x00000000fc800000| Untracked 
|   9|0x00000000fc900000, 0x00000000fca00000, 0x00000000fca00000|100%| O|  |TAMS 0x00000000fc900000, 0x00000000fc900000| Untracked 
|  10|0x00000000fca00000, 0x00000000fcb00000, 0x00000000fcb00000|100%| O|  |TAMS 0x00000000fca00000, 0x00000000fca00000| Untracked 
|  11|0x00000000fcb00000, 0x00000000fcc00000, 0x00000000fcc00000|100%| O|  |TAMS 0x00000000fcb00000, 0x00000000fcb00000| Untracked 
|  12|0x00000000fcc00000, 0x00000000fcc5ba00, 0x00000000fcd00000| 35%| O|  |TAMS 0x00000000fcc00000, 0x00000000fcc00000| Untracked 
|  13|0x00000000fcd00000, 0x00000000fcd00000, 0x00000000fce00000|  0%| F|  |TAMS 0x00000000fcd00000, 0x00000000fcd00000| Untracked 
|  14|0x00000000fce00000, 0x00000000fce00000, 0x00000000fcf00000|  0%| F|  |TAMS 0x00000000fce00000, 0x00000000fce00000| Untracked 
|  15|0x00000000fcf00000, 0x00000000fcf00000, 0x00000000fd000000|  0%| F|  |TAMS 0x00000000fcf00000, 0x00000000fcf00000| Untracked 
|  16|0x00000000fd000000, 0x00000000fd000000, 0x00000000fd100000|  0%| F|  |TAMS 0x00000000fd000000, 0x00000000fd000000| Untracked 
|  17|0x00000000fd100000, 0x00000000fd100000, 0x00000000fd200000|  0%| F|  |TAMS 0x00000000fd100000, 0x00000000fd100000| Untracked 
|  18|0x00000000fd200000, 0x00000000fd200000, 0x00000000fd300000|  0%| F|  |TAMS 0x00000000fd200000, 0x00000000fd200000| Untracked 
|  19|0x00000000fd300000, 0x00000000fd300000, 0x00000000fd400000|  0%| F|  |TAMS 0x00000000fd300000, 0x00000000fd300000| Untracked 
|  20|0x00000000fd400000, 0x00000000fd400000, 0x00000000fd500000|  0%| F|  |TAMS 0x00000000fd400000, 0x00000000fd400000| Untracked 
|  21|0x00000000fd500000, 0x00000000fd500000, 0x00000000fd600000|  0%| F|  |TAMS 0x00000000fd500000, 0x00000000fd500000| Untracked 
|  22|0x00000000fd600000, 0x00000000fd600000, 0x00000000fd700000|  0%| F|  |TAMS 0x00000000fd600000, 0x00000000fd600000| Untracked 
|  23|0x00000000fd700000, 0x00000000fd700000, 0x00000000fd800000|  0%| F|  |TAMS 0x00000000fd700000, 0x00000000fd700000| Untracked 
|  24|0x00000000fd800000, 0x00000000fd800000, 0x00000000fd900000|  0%| F|  |TAMS 0x00000000fd800000, 0x00000000fd800000| Untracked 
|  25|0x00000000fd900000, 0x00000000fd900000, 0x00000000fda00000|  0%| F|  |TAMS 0x00000000fd900000, 0x00000000fd900000| Untracked 
|  26|0x00000000fda00000, 0x00000000fda00000, 0x00000000fdb00000|  0%| F|  |TAMS 0x00000000fda00000, 0x00000000fda00000| Untracked 
|  27|0x00000000fdb00000, 0x00000000fdb00000, 0x00000000fdc00000|  0%| F|  |TAMS 0x00000000fdb00000, 0x00000000fdb00000| Untracked 
|  28|0x00000000fdc00000, 0x00000000fdc00000, 0x00000000fdd00000|  0%| F|  |TAMS 0x00000000fdc00000, 0x00000000fdc00000| Untracked 
|  29|0x00000000fdd00000, 0x00000000fdd00000, 0x00000000fde00000|  0%| F|  |TAMS 0x00000000fdd00000, 0x00000000fdd00000| Untracked 
|  30|0x00000000fde00000, 0x00000000fde00000, 0x00000000fdf00000|  0%| F|  |TAMS 0x00000000fde00000, 0x00000000fde00000| Untracked 
|  31|0x00000000fdf00000, 0x00000000fdf00000, 0x00000000fe000000|  0%| F|  |TAMS 0x00000000fdf00000, 0x00000000fdf00000| Untracked 
|  32|0x00000000fe000000, 0x00000000fe000000, 0x00000000fe100000|  0%| F|  |TAMS 0x00000000fe000000, 0x00000000fe000000| Untracked 
|  33|0x00000000fe100000, 0x00000000fe100000, 0x00000000fe200000|  0%| F|  |TAMS 0x00000000fe100000, 0x00000000fe100000| Untracked 
|  34|0x00000000fe200000, 0x00000000fe200000, 0x00000000fe300000|  0%| F|  |TAMS 0x00000000fe200000, 0x00000000fe200000| Untracked 
|  35|0x00000000fe300000, 0x00000000fe300000, 0x00000000fe400000|  0%| F|  |TAMS 0x00000000fe300000, 0x00000000fe300000| Untracked 
|  36|0x00000000fe400000, 0x00000000fe400000, 0x00000000fe500000|  0%| F|  |TAMS 0x00000000fe400000, 0x00000000fe400000| Untracked 
|  37|0x00000000fe500000, 0x00000000fe500000, 0x00000000fe600000|  0%| F|  |TAMS 0x00000000fe500000, 0x00000000fe500000| Untracked 
|  38|0x00000000fe600000, 0x00000000fe600000, 0x00000000fe700000|  0%| F|  |TAMS 0x00000000fe600000, 0x00000000fe600000| Untracked 
|  39|0x00000000fe700000, 0x00000000fe700000, 0x00000000fe800000|  0%| F|  |TAMS 0x00000000fe700000, 0x00000000fe700000| Untracked 
|  40|0x00000000fe800000, 0x00000000fe800000, 0x00000000fe900000|  0%| F|  |TAMS 0x00000000fe800000, 0x00000000fe800000| Untracked 
|  41|0x00000000fe900000, 0x00000000fe900000, 0x00000000fea00000|  0%| F|  |TAMS 0x00000000fe900000, 0x00000000fe900000| Untracked 
|  42|0x00000000fea00000, 0x00000000fea00000, 0x00000000feb00000|  0%| F|  |TAMS 0x00000000fea00000, 0x00000000fea00000| Untracked 
|  43|0x00000000feb00000, 0x00000000feb00000, 0x00000000fec00000|  0%| F|  |TAMS 0x00000000feb00000, 0x00000000feb00000| Untracked 
|  44|0x00000000fec00000, 0x00000000fec00000, 0x00000000fed00000|  0%| F|  |TAMS 0x00000000fec00000, 0x00000000fec00000| Untracked 
|  45|0x00000000fed00000, 0x00000000fed00000, 0x00000000fee00000|  0%| F|  |TAMS 0x00000000fed00000, 0x00000000fed00000| Untracked 
|  46|0x00000000fee00000, 0x00000000fee00000, 0x00000000fef00000|  0%| F|  |TAMS 0x00000000fee00000, 0x00000000fee00000| Untracked 
|  47|0x00000000fef00000, 0x00000000fef00000, 0x00000000ff000000|  0%| F|  |TAMS 0x00000000fef00000, 0x00000000fef00000| Untracked 
|  48|0x00000000ff000000, 0x00000000ff000000, 0x00000000ff100000|  0%| F|  |TAMS 0x00000000ff000000, 0x00000000ff000000| Untracked 
|  49|0x00000000ff100000, 0x00000000ff100000, 0x00000000ff200000|  0%| F|  |TAMS 0x00000000ff100000, 0x00000000ff100000| Untracked 
|  50|0x00000000ff200000, 0x00000000ff200000, 0x00000000ff300000|  0%| F|  |TAMS 0x00000000ff200000, 0x00000000ff200000| Untracked 
|  51|0x00000000ff300000, 0x00000000ff300000, 0x00000000ff400000|  0%| F|  |TAMS 0x00000000ff300000, 0x00000000ff300000| Untracked 
|  52|0x00000000ff400000, 0x00000000ff400000, 0x00000000ff500000|  0%| F|  |TAMS 0x00000000ff400000, 0x00000000ff400000| Untracked 
|  53|0x00000000ff500000, 0x00000000ff500000, 0x00000000ff600000|  0%| F|  |TAMS 0x00000000ff500000, 0x00000000ff500000| Untracked 
|  54|0x00000000ff600000, 0x00000000ff600000, 0x00000000ff700000|  0%| F|  |TAMS 0x00000000ff600000, 0x00000000ff600000| Untracked 
|  55|0x00000000ff700000, 0x00000000ff700000, 0x00000000ff800000|  0%| F|  |TAMS 0x00000000ff700000, 0x00000000ff700000| Untracked 
|  56|0x00000000ff800000, 0x00000000ff800000, 0x00000000ff900000|  0%| F|  |TAMS 0x00000000ff800000, 0x00000000ff800000| Untracked 
|  57|0x00000000ff900000, 0x00000000ff900000, 0x00000000ffa00000|  0%| F|  |TAMS 0x00000000ff900000, 0x00000000ff900000| Untracked 
|  58|0x00000000ffa00000, 0x00000000ffa00000, 0x00000000ffb00000|  0%| F|  |TAMS 0x00000000ffa00000, 0x00000000ffa00000| Untracked 
|  59|0x00000000ffb00000, 0x00000000ffb00000, 0x00000000ffc00000|  0%| F|  |TAMS 0x00000000ffb00000, 0x00000000ffb00000| Untracked 
|  60|0x00000000ffc00000, 0x00000000ffc00000, 0x00000000ffd00000|  0%| F|  |TAMS 0x00000000ffc00000, 0x00000000ffc00000| Untracked 
|  61|0x00000000ffd00000, 0x00000000ffd00000, 0x00000000ffe00000|  0%| F|  |TAMS 0x00000000ffd00000, 0x00000000ffd00000| Untracked 
|  62|0x00000000ffe00000, 0x00000000ffe281c0, 0x00000000fff00000| 15%| S|CS|TAMS 0x00000000ffe00000, 0x00000000ffe00000| Complete 
|  63|0x00000000fff00000, 0x00000000fff49ae0, 0x0000000100000000| 28%| E|  |TAMS 0x00000000fff00000, 0x00000000fff00000| Complete 

Card table byte_map: [0x0000020ab5e70000,0x0000020ab5e90000] _byte_map_base: 0x0000020ab5690000

Marking Bits (Prev, Next): (CMBitMap*) 0x0000020ab7ef0348, (CMBitMap*) 0x0000020ab7ef0380
 Prev Bits: [0x0000020ab7cc0000, 0x0000020ab7dc0000)
 Next Bits: [0x0000020acf640000, 0x0000020acf740000)

Polling page: 0x0000020ab5e20000

Metaspace:

Usage:
  Non-class:     15.36 MB capacity,    15.18 MB ( 99%) used,   150.25 KB ( <1%) free+waste,    26.31 KB ( <1%) overhead. 
      Class:      1.98 MB capacity,     1.85 MB ( 93%) used,   123.03 KB (  6%) free+waste,    12.56 KB ( <1%) overhead. 
       Both:     17.33 MB capacity,    17.03 MB ( 98%) used,   273.28 KB (  2%) free+waste,    38.88 KB ( <1%) overhead. 

Virtual space:
  Non-class space:       16.00 MB reserved,      15.50 MB ( 97%) committed 
      Class space:        1.00 GB reserved,       2.00 MB ( <1%) committed 
             Both:        1.02 GB reserved,      17.50 MB (  2%) committed 

Chunk freelists:
   Non-Class:  20.00 KB
       Class:  21.00 KB
        Both:  41.00 KB

MaxMetaspaceSize: 17179869184.00 GB
CompressedClassSpaceSize: 1.00 GB
Initial GC threshold: 20.80 MB
Current GC threshold: 20.80 MB
CDS: off

CodeHeap 'non-profiled nmethods': size=120064Kb used=694Kb max_used=694Kb free=119369Kb
 bounds [0x0000020ac8100000, 0x0000020ac8370000, 0x0000020acf640000]
CodeHeap 'profiled nmethods': size=120000Kb used=3367Kb max_used=3367Kb free=116632Kb
 bounds [0x0000020ac0bd0000, 0x0000020ac0f20000, 0x0000020ac8100000]
CodeHeap 'non-nmethods': size=5696Kb used=1184Kb max_used=1205Kb free=4511Kb
 bounds [0x0000020ac0640000, 0x0000020ac08b0000, 0x0000020ac0bd0000]
 total_blobs=2129 nmethods=1687 adapters=355
 compilation: enabled
              stopped_count=0, restarted_count=0
 full_count=0

Compilation events (20 events):
Event: 575.683 Thread 0x0000020ad2504800 1672       3       org.gradle.internal.serialize.kryo.KryoBackedDecoder::readString (5 bytes)
Event: 575.691 Thread 0x0000020ad2504800 nmethod 1672 0x0000020ac0f0fe90 code [0x0000020ac0f100c0, 0x0000020ac0f106a8]
Event: 575.691 Thread 0x0000020ad2504800 1673   !   3       org.gradle.internal.serialize.kryo.KryoBackedDecoder::readNullableString (15 bytes)
Event: 575.692 Thread 0x0000020ad2504800 nmethod 1673 0x0000020ac0f10910 code [0x0000020ac0f10b20, 0x0000020ac0f110a8]
Event: 575.692 Thread 0x0000020ad2504800 1674       3       com.esotericsoftware.kryo.io.Input::readString (127 bytes)
Event: 575.695 Thread 0x0000020ad2504800 nmethod 1674 0x0000020ac0f11310 code [0x0000020ac0f11560, 0x0000020ac0f11c28]
Event: 575.695 Thread 0x0000020ad2504800 1669   !   3       org.gradle.internal.serialize.kryo.KryoBackedDecoder::readSmallLong (16 bytes)
Event: 575.696 Thread 0x0000020ad2504800 nmethod 1669 0x0000020ac0f11f10 code [0x0000020ac0f12140, 0x0000020ac0f12768]
Event: 575.696 Thread 0x0000020ad2504800 1670       3       com.esotericsoftware.kryo.io.Input::readLong (6 bytes)
Event: 575.696 Thread 0x0000020ad2504800 nmethod 1670 0x0000020ac0f12a10 code [0x0000020ac0f12bc0, 0x0000020ac0f12d08]
Event: 575.705 Thread 0x0000020ad2504800 1675       3       java.nio.Buffer::clear (20 bytes)
Event: 575.706 Thread 0x0000020ad2504800 nmethod 1675 0x0000020ac0f12d90 code [0x0000020ac0f12f40, 0x0000020ac0f13058]
Event: 575.706 Thread 0x0000020ad2504800 1676       3       java.nio.ByteBuffer::clear (7 bytes)
Event: 575.707 Thread 0x0000020ad2504800 nmethod 1676 0x0000020ac0f13110 code [0x0000020ac0f132c0, 0x0000020ac0f13438]
Event: 575.707 Thread 0x0000020ad2504800 1677       3       sun.nio.cs.SingleByte$Encoder::encodeArrayLoop (233 bytes)
Event: 575.710 Thread 0x0000020ad2501000 1685       4       org.gradle.internal.logging.text.AbstractLineChoppingStyledTextOutput$StateContext::hasChar (25 bytes)
Event: 575.719 Thread 0x0000020ad2501000 nmethod 1685 0x0000020ac81ac790 code [0x0000020ac81ac920, 0x0000020ac81ac9b8]
Event: 575.719 Thread 0x0000020ad2501000 1690       4       sun.nio.cs.SingleByte$Encoder::encode (32 bytes)
Event: 575.722 Thread 0x0000020ad2504800 nmethod 1677 0x0000020ac0f13510 code [0x0000020ac0f13a20, 0x0000020ac0f160e8]
Event: 575.722 Thread 0x0000020ad2504800 1687       3       org.gradle.internal.logging.console.AbstractUserInputRenderer::onOutput (70 bytes)

GC Heap History (6 events):
Event: 7.622 GC heap before
{Heap before GC invocations=0 (full 0):
 garbage-first heap   total 65536K, used 13312K [0x00000000fc000000, 0x0000000100000000)
  region size 1024K, 14 young (14336K), 0 survivors (0K)
 Metaspace       used 7878K, capacity 8017K, committed 8192K, reserved 1056768K
  class space    used 692K, capacity 754K, committed 768K, reserved 1048576K
}
Event: 7.911 GC heap after
{Heap after GC invocations=1 (full 0):
 garbage-first heap   total 65536K, used 3376K [0x00000000fc000000, 0x0000000100000000)
  region size 1024K, 2 young (2048K), 2 survivors (2048K)
 Metaspace       used 7878K, capacity 8017K, committed 8192K, reserved 1056768K
  class space    used 692K, capacity 754K, committed 768K, reserved 1048576K
}
Event: 235.173 GC heap before
{Heap before GC invocations=1 (full 0):
 garbage-first heap   total 65536K, used 43312K [0x00000000fc000000, 0x0000000100000000)
  region size 1024K, 38 young (38912K), 2 survivors (2048K)
 Metaspace       used 17248K, capacity 17553K, committed 17664K, reserved 1064960K
  class space    used 1877K, capacity 2026K, committed 2048K, reserved 1048576K
}
Event: 235.968 GC heap after
{Heap after GC invocations=2 (full 0):
 garbage-first heap   total 65536K, used 12657K [0x00000000fc000000, 0x0000000100000000)
  region size 1024K, 5 young (5120K), 5 survivors (5120K)
 Metaspace       used 17248K, capacity 17553K, committed 17664K, reserved 1064960K
  class space    used 1877K, capacity 2026K, committed 2048K, reserved 1048576K
}
Event: 524.616 GC heap before
{Heap before GC invocations=2 (full 0):
 garbage-first heap   total 65536K, used 13681K [0x00000000fc000000, 0x0000000100000000)
  region size 1024K, 6 young (6144K), 5 survivors (5120K)
 Metaspace       used 17418K, capacity 17751K, committed 17920K, reserved 1064960K
  class space    used 1891K, capacity 2027K, committed 2048K, reserved 1048576K
}
Event: 524.734 GC heap after
{Heap after GC invocations=3 (full 0):
 garbage-first heap   total 65536K, used 12814K [0x00000000fc000000, 0x0000000100000000)
  region size 1024K, 1 young (1024K), 1 survivors (1024K)
 Metaspace       used 17418K, capacity 17751K, committed 17920K, reserved 1064960K
  class space    used 1891K, capacity 2027K, committed 2048K, reserved 1048576K
}

Deoptimization events (20 events):
Event: 24.512 Thread 0x0000020ad2f19800 Uncommon trap: trap_request=0xffffff4d fr.pc=0x0000020ac81356ec relative=0x00000000000000cc
Event: 24.512 Thread 0x0000020ad2f19800 Uncommon trap: reason=unstable_if action=reinterpret pc=0x0000020ac81356ec method=java.lang.String.getBytes([BIB)V @ 5 c2
Event: 24.512 Thread 0x0000020ad2f19800 DEOPT PACKING pc=0x0000020ac81356ec sp=0x0000001d93efefc0
Event: 24.512 Thread 0x0000020ad2f19800 DEOPT UNPACKING pc=0x0000020ac06485af sp=0x0000001d93efef88 mode 2
Event: 24.512 Thread 0x0000020ad2f19800 Uncommon trap: trap_request=0xffffff4d fr.pc=0x0000020ac816fdc0 relative=0x0000000000000380
Event: 24.512 Thread 0x0000020ad2f19800 Uncommon trap: reason=unstable_if action=reinterpret pc=0x0000020ac816fdc0 method=java.lang.AbstractStringBuilder.isLatin1()Z @ 10 c2
Event: 24.512 Thread 0x0000020ad2f19800 DEOPT PACKING pc=0x0000020ac816fdc0 sp=0x0000001d93eff120
Event: 24.512 Thread 0x0000020ad2f19800 DEOPT UNPACKING pc=0x0000020ac06485af sp=0x0000001d93eff0a0 mode 2
Event: 55.200 Thread 0x0000020ad2f19800 Uncommon trap: trap_request=0xffffff4d fr.pc=0x0000020ac810e59c relative=0x000000000000007c
Event: 55.201 Thread 0x0000020ad2f19800 Uncommon trap: reason=unstable_if action=reinterpret pc=0x0000020ac810e59c method=java.lang.String.codePointAt(I)I @ 4 c2
Event: 55.201 Thread 0x0000020ad2f19800 DEOPT PACKING pc=0x0000020ac810e59c sp=0x0000001d93eff0a0
Event: 55.203 Thread 0x0000020ad2f19800 DEOPT UNPACKING pc=0x0000020ac06485af sp=0x0000001d93eff038 mode 2
Event: 568.810 Thread 0x0000020ad26a1000 Uncommon trap: trap_request=0xffffff4d fr.pc=0x0000020ac819f670 relative=0x0000000000000f90
Event: 568.814 Thread 0x0000020ad26a1000 Uncommon trap: reason=unstable_if action=reinterpret pc=0x0000020ac819f670 method=org.gradle.internal.logging.sink.GroupingProgressLogEventGenerator$OperationGroup.canClaimForeground()Z @ 4 c2
Event: 568.846 Thread 0x0000020ad26a1000 DEOPT PACKING pc=0x0000020ac819f670 sp=0x0000001d93dff0b0
Event: 568.881 Thread 0x0000020ad26a1000 DEOPT UNPACKING pc=0x0000020ac06485af sp=0x0000001d93dfedb0 mode 2
Event: 569.017 Thread 0x0000020ad26a1000 Uncommon trap: trap_request=0xffffff4d fr.pc=0x0000020ac81a2f04 relative=0x0000000000000724
Event: 569.017 Thread 0x0000020ad26a1000 Uncommon trap: reason=unstable_if action=reinterpret pc=0x0000020ac81a2f04 method=org.gradle.internal.logging.sink.GroupingProgressLogEventGenerator$OperationGroup.canClaimForeground()Z @ 4 c2
Event: 569.017 Thread 0x0000020ad26a1000 DEOPT PACKING pc=0x0000020ac81a2f04 sp=0x0000001d93dff000
Event: 569.060 Thread 0x0000020ad26a1000 DEOPT UNPACKING pc=0x0000020ac06485af sp=0x0000001d93dfedc0 mode 2

Classes redefined (0 events):
No events

Internal exceptions (17 events):
Event: 3.767 Thread 0x0000020ab7ed3000 Exception <a 'java/lang/NoSuchMethodError'{0x00000000ffc51ce8}: 'int java.lang.invoke.DirectMethodHandle$Holder.invokeStaticInit(java.lang.Object, java.lang.Object)'> (0x00000000ffc51ce8) thrown at [s\src\hotspot\share\interpreter\linkResolver.cpp, line 773]
Event: 4.702 Thread 0x0000020ab7ed3000 Exception <a 'java/lang/NoSuchMethodError'{0x00000000ffb26cf0}: 'int java.lang.invoke.DirectMethodHandle$Holder.invokeSpecial(java.lang.Object, java.lang.Object, java.lang.Object, java.lang.Object)'> (0x00000000ffb26cf0) thrown at [s\src\hotspot\share\interpreter\linkResolver.cpp, line 773]
Event: 4.724 Thread 0x0000020ab7ed3000 Exception <a 'java/lang/NoSuchMethodError'{0x00000000ffb5f478}: 'int java.lang.invoke.DirectMethodHandle$Holder.invokeSpecialIFC(java.lang.Object, java.lang.Object, int)'> (0x00000000ffb5f478) thrown at [s\src\hotspot\share\interpreter\linkResolver.cpp, line 773]
Event: 11.710 Thread 0x0000020ab7ed3000 Implicit null exception at 0x0000020ac8142af5 to 0x0000020ac8142cc0
Event: 11.841 Thread 0x0000020ab7ed3000 Exception <a 'java/lang/NoClassDefFoundError'{0x00000000ff660a28}: org/slf4j/impl/StaticMarkerBinder> (0x00000000ff660a28) thrown at [s\src\hotspot\share\classfile\systemDictionary.cpp, line 219]
Event: 11.940 Thread 0x0000020ab7ed3000 Exception <a 'java/lang/NoSuchMethodError'{0x00000000ff5617b8}: 'java.lang.Object java.lang.invoke.DirectMethodHandle$Holder.invokeVirtual(java.lang.Object, java.lang.Object, java.lang.Object, java.lang.Object, java.lang.Object, java.lang.Object, java.lang.Object)'> (0x00000000ff5617b8) thrown at [s\src\hotspot\share\interpreter\linkResolver.cpp, line 773]
Event: 11.946 Thread 0x0000020ab7ed3000 Exception <a 'java/lang/NoSuchMethodError'{0x00000000ff575988}: 'java.lang.Object java.lang.invoke.Invokers$Holder.invoker(java.lang.Object, java.lang.Object, java.lang.Object)'> (0x00000000ff575988) thrown at [s\src\hotspot\share\interpreter\linkResolver.cpp, line 773]
Event: 12.017 Thread 0x0000020ab7ed3000 Exception <a 'java/lang/NoSuchMethodError'{0x00000000ff5868d8}: 'void java.lang.invoke.DelegatingMethodHandle$Holder.delegate(java.lang.Object, java.lang.Object, int, java.lang.Object)'> (0x00000000ff5868d8) thrown at [s\src\hotspot\share\interpreter\linkResolver.cpp, line 773]
Event: 13.981 Thread 0x0000020ab7ed3000 Exception <a 'java/lang/NoSuchMethodError'{0x00000000fea6cd90}: 'java.lang.Object java.lang.invoke.DirectMethodHandle$Holder.invokeStaticInit(java.lang.Object, java.lang.Object, java.lang.Object)'> (0x00000000fea6cd90) thrown at [s\src\hotspot\share\interpreter\linkResolver.cpp, line 773]
Event: 14.800 Thread 0x0000020ab7ed3000 Exception <a 'java/lang/NoSuchMethodError'{0x00000000fe5792c8}: 'java.lang.Object java.lang.invoke.DirectMethodHandle$Holder.invokeStaticInit(java.lang.Object, int, int, int, int)'> (0x00000000fe5792c8) thrown at [s\src\hotspot\share\interpreter\linkResolver.cpp, line 773]
Event: 19.676 Thread 0x0000020ab7ed3000 Exception <a 'java/lang/NoSuchMethodError'{0x00000000fe43ec90}: 'java.lang.Object java.lang.invoke.DirectMethodHandle$Holder.invokeStaticInit(java.lang.Object, java.lang.Object, int, int, int, int)'> (0x00000000fe43ec90) thrown at [s\src\hotspot\share\interpreter\linkResolver.cpp, line 773]
Event: 21.118 Thread 0x0000020ab7ed3000 Exception <a 'java/lang/NoSuchMethodError'{0x00000000fe31a578}: 'void java.lang.invoke.DirectMethodHandle$Holder.invokeSpecial(java.lang.Object, java.lang.Object)'> (0x00000000fe31a578) thrown at [s\src\hotspot\share\interpreter\linkResolver.cpp, line 773]
Event: 24.335 Thread 0x0000020ad2f19800 Exception <a 'java/lang/NoSuchMethodError'{0x00000000fdc92760}: 'void java.lang.invoke.DirectMethodHandle$Holder.invokeStatic(java.lang.Object, long)'> (0x00000000fdc92760) thrown at [s\src\hotspot\share\interpreter\linkResolver.cpp, line 773]
Event: 24.337 Thread 0x0000020ad2f19800 Exception <a 'java/lang/NoSuchMethodError'{0x00000000fdc97708}: 'java.lang.Object java.lang.invoke.DirectMethodHandle$Holder.invokeStatic(java.lang.Object, long)'> (0x00000000fdc97708) thrown at [s\src\hotspot\share\interpreter\linkResolver.cpp, line 773]
Event: 24.373 Thread 0x0000020ad2f19800 Exception <a 'java/lang/NoSuchMethodError'{0x00000000fdca57a8}: 'java.lang.Object java.lang.invoke.DirectMethodHandle$Holder.invokeStaticInit(java.lang.Object, java.lang.Object, long, java.lang.Object)'> (0x00000000fdca57a8) thrown at [s\src\hotspot\share\interpreter\linkResolver.cpp, line 773]
Event: 24.384 Thread 0x0000020ad2f19800 Exception <a 'java/lang/NoSuchMethodError'{0x00000000fdcab968}: 'java.lang.Object java.lang.invoke.DirectMethodHandle$Holder.invokeStatic(java.lang.Object, java.lang.Object, long)'> (0x00000000fdcab968) thrown at [s\src\hotspot\share\interpreter\linkResolver.cpp, line 773]
Event: 24.386 Thread 0x0000020ad2f19800 Exception <a 'java/lang/NoSuchMethodError'{0x00000000fdcb1c38}: 'java.lang.Object java.lang.invoke.Invokers$Holder.linkToTargetMethod(java.lang.Object, long, java.lang.Object)'> (0x00000000fdcb1c38) thrown at [s\src\hotspot\share\interpreter\linkResolver.cpp, line 773]

Events (20 events):
Event: 290.713 loading class com/google/common/primitives/Ints
Event: 290.713 loading class com/google/common/primitives/Ints done
Event: 290.720 Executing VM operation: RevokeBias
Event: 290.720 Executing VM operation: RevokeBias done
Event: 290.721 Executing VM operation: RevokeBias
Event: 290.721 Executing VM operation: RevokeBias done
Event: 290.721 Executing VM operation: RevokeBias
Event: 290.721 Executing VM operation: RevokeBias done
Event: 290.837 loading class com/google/common/primitives/IntsMethodsForWeb
Event: 290.837 loading class com/google/common/primitives/IntsMethodsForWeb done
Event: 290.837 Executing VM operation: RevokeBias
Event: 290.837 Executing VM operation: RevokeBias done
Event: 290.841 loading class com/google/common/primitives/Ints$IntConverter
Event: 290.841 loading class com/google/common/primitives/Ints$IntConverter done
Event: 441.828 loading class com/google/common/base/Objects
Event: 441.828 loading class com/google/common/base/Objects done
Event: 441.976 loading class com/google/common/base/ExtraObjectsMethodsForWeb
Event: 441.976 loading class com/google/common/base/ExtraObjectsMethodsForWeb done
Event: 524.608 Executing VM operation: G1CollectForAllocation
Event: 524.734 Executing VM operation: G1CollectForAllocation done


Dynamic libraries:
0x00007ff746040000 - 0x00007ff74604d000 	C:\Program Files\Microsoft\jdk-11.0.20.8-hotspot\bin\java.exe
0x00007fff03a10000 - 0x00007fff03c27000 	C:\WINDOWS\SYSTEM32\ntdll.dll
0x00007fff01dc0000 - 0x00007fff01e84000 	C:\WINDOWS\System32\KERNEL32.DLL
0x00007fff013b0000 - 0x00007fff01755000 	C:\WINDOWS\System32\KERNELBASE.dll
0x00007fff00d80000 - 0x00007fff00e91000 	C:\WINDOWS\System32\ucrtbase.dll
0x00007ffed9be0000 - 0x00007ffed9bf7000 	C:\Program Files\Microsoft\jdk-11.0.20.8-hotspot\bin\jli.dll
0x00007ffed9700000 - 0x00007ffed9715000 	C:\Program Files\Microsoft\jdk-11.0.20.8-hotspot\bin\VCRUNTIME140.dll
0x00007fff036c0000 - 0x00007fff0386e000 	C:\WINDOWS\System32\USER32.dll
0x00007fff00ea0000 - 0x00007fff00ec6000 	C:\WINDOWS\System32\win32u.dll
0x00007fff024a0000 - 0x00007fff024c9000 	C:\WINDOWS\System32\GDI32.dll
0x00007fff00ed0000 - 0x00007fff00fe9000 	C:\WINDOWS\System32\gdi32full.dll
0x00007fff00ff0000 - 0x00007fff0108a000 	C:\WINDOWS\System32\msvcp_win.dll
0x00007ffeec120000 - 0x00007ffeec3b3000 	C:\WINDOWS\WinSxS\amd64_microsoft.windows.common-controls_6595b64144ccf1df_6.0.22621.2506_none_270c5ae97388e100\COMCTL32.dll
0x00007fff02150000 - 0x00007fff021f7000 	C:\WINDOWS\System32\msvcrt.dll
0x00007fff01900000 - 0x00007fff01931000 	C:\WINDOWS\System32\IMM32.DLL
0x00007ffe9ba00000 - 0x00007ffe9ba9b000 	C:\Program Files\Microsoft\jdk-11.0.20.8-hotspot\bin\msvcp140.dll
0x00007ffe45470000 - 0x00007ffe46006000 	C:\Program Files\Microsoft\jdk-11.0.20.8-hotspot\bin\server\jvm.dll
0x00007fff024d0000 - 0x00007fff02581000 	C:\WINDOWS\System32\ADVAPI32.dll
0x00007fff02c10000 - 0x00007fff02cb6000 	C:\WINDOWS\System32\sechost.dll
0x00007fff02590000 - 0x00007fff026a7000 	C:\WINDOWS\System32\RPCRT4.dll
0x00007fff02cc0000 - 0x00007fff02cc8000 	C:\WINDOWS\System32\PSAPI.DLL
0x00007ffef5750000 - 0x00007ffef5784000 	C:\WINDOWS\SYSTEM32\WINMM.dll
0x00007ffefbc30000 - 0x00007ffefbc3a000 	C:\WINDOWS\SYSTEM32\VERSION.dll
0x00007ffeeccd0000 - 0x00007ffeeccd9000 	C:\WINDOWS\SYSTEM32\WSOCK32.dll
0x00007fff03630000 - 0x00007fff036a1000 	C:\WINDOWS\System32\WS2_32.dll
0x00007ffeffd80000 - 0x00007ffeffd98000 	C:\WINDOWS\SYSTEM32\kernel.appcore.dll
0x00007ffef1740000 - 0x00007ffef1750000 	C:\Program Files\Microsoft\jdk-11.0.20.8-hotspot\bin\verify.dll
0x00007ffefe620000 - 0x00007ffefe853000 	C:\WINDOWS\SYSTEM32\DBGHELP.DLL
0x00007fff02800000 - 0x00007fff02b89000 	C:\WINDOWS\System32\combase.dll
0x00007fff03870000 - 0x00007fff03947000 	C:\WINDOWS\System32\OLEAUT32.dll
0x00007ffef1330000 - 0x00007ffef1362000 	C:\WINDOWS\SYSTEM32\dbgcore.DLL
0x00007fff01090000 - 0x00007fff0110a000 	C:\WINDOWS\System32\bcryptPrimitives.dll
0x00007ffecd510000 - 0x00007ffecd538000 	C:\Program Files\Microsoft\jdk-11.0.20.8-hotspot\bin\java.dll
0x00007ffeeff90000 - 0x00007ffeeff9a000 	C:\Program Files\Microsoft\jdk-11.0.20.8-hotspot\bin\jimage.dll
0x00007ffecd660000 - 0x00007ffecd678000 	C:\Program Files\Microsoft\jdk-11.0.20.8-hotspot\bin\zip.dll
0x00007fff02cd0000 - 0x00007fff03529000 	C:\WINDOWS\System32\SHELL32.dll
0x00007ffefeca0000 - 0x00007ffeff594000 	C:\WINDOWS\SYSTEM32\windows.storage.dll
0x00007ffefeb60000 - 0x00007ffefec9e000 	C:\WINDOWS\SYSTEM32\wintypes.dll
0x00007fff02200000 - 0x00007fff022f3000 	C:\WINDOWS\System32\SHCORE.dll
0x00007fff03950000 - 0x00007fff039ae000 	C:\WINDOWS\System32\shlwapi.dll
0x00007fff00cb0000 - 0x00007fff00cd6000 	C:\WINDOWS\SYSTEM32\profapi.dll
0x00007ffecb9f0000 - 0x00007ffecba09000 	C:\Program Files\Microsoft\jdk-11.0.20.8-hotspot\bin\net.dll
0x00007ffef8540000 - 0x00007ffef8677000 	C:\WINDOWS\SYSTEM32\WINHTTP.dll
0x00007fff00200000 - 0x00007fff00269000 	C:\WINDOWS\system32\mswsock.dll
0x00007ffecb690000 - 0x00007ffecb6a3000 	C:\Program Files\Microsoft\jdk-11.0.20.8-hotspot\bin\nio.dll
0x00007ffec8c40000 - 0x00007ffec8c67000 	C:\Users\ASUS\.gradle\native\68d5fa5c4cc2d200863cafc0d521ce42e7d3e7ee720ec0a83991735586a16f82\windows-amd64\native-platform.dll
0x00007ffeea3d0000 - 0x00007ffeea3d9000 	C:\Program Files\Microsoft\jdk-11.0.20.8-hotspot\bin\management.dll
0x00007ffee9d70000 - 0x00007ffee9d7b000 	C:\Program Files\Microsoft\jdk-11.0.20.8-hotspot\bin\management_ext.dll
0x00007fff00460000 - 0x00007fff0047b000 	C:\WINDOWS\SYSTEM32\CRYPTSP.dll
0x00007ffeffce0000 - 0x00007ffeffd15000 	C:\WINDOWS\system32\rsaenh.dll
0x00007fff002f0000 - 0x00007fff0031c000 	C:\WINDOWS\SYSTEM32\USERENV.dll
0x00007fff00620000 - 0x00007fff00648000 	C:\WINDOWS\SYSTEM32\bcrypt.dll
0x00007fff00450000 - 0x00007fff0045c000 	C:\WINDOWS\SYSTEM32\CRYPTBASE.dll
0x00007ffeff800000 - 0x00007ffeff82d000 	C:\WINDOWS\SYSTEM32\IPHLPAPI.DLL
0x00007fff026b0000 - 0x00007fff026b9000 	C:\WINDOWS\System32\NSI.dll
0x00007ffef8490000 - 0x00007ffef84a9000 	C:\WINDOWS\SYSTEM32\dhcpcsvc6.DLL
0x00007ffef8230000 - 0x00007ffef824f000 	C:\WINDOWS\SYSTEM32\dhcpcsvc.DLL
0x00007ffeff870000 - 0x00007ffeff969000 	C:\WINDOWS\SYSTEM32\DNSAPI.dll

dbghelp: loaded successfully - version: 4.0.5 - missing functions: none
symbol engine: initialized successfully - sym options: 0x614 - pdb path: .;C:\Program Files\Microsoft\jdk-11.0.20.8-hotspot\bin;C:\WINDOWS\SYSTEM32;C:\WINDOWS\WinSxS\amd64_microsoft.windows.common-controls_6595b64144ccf1df_6.0.22621.2506_none_270c5ae97388e100;C:\Program Files\Microsoft\jdk-11.0.20.8-hotspot\bin\server;C:\Users\ASUS\.gradle\native\68d5fa5c4cc2d200863cafc0d521ce42e7d3e7ee720ec0a83991735586a16f82\windows-amd64

VM Arguments:
jvm_args: -Xmx64m -Xms64m -Dorg.gradle.appname=gradlew 
java_command: org.gradle.wrapper.GradleWrapperMain tasks
java_class_path (initial): C:\Users\ASUS\OneDrive\Dokumen\SEMS 5\project\MarkieBakery\android\\gradle\wrapper\gradle-wrapper.jar
Launcher Type: SUN_STANDARD

[Global flags]
     intx CICompilerCount                          = 3                                         {product} {ergonomic}
     uint ConcGCThreads                            = 1                                         {product} {ergonomic}
     uint G1ConcRefinementThreads                  = 4                                         {product} {ergonomic}
   size_t G1HeapRegionSize                         = 1048576                                   {product} {ergonomic}
    uintx GCDrainStackTargetSize                   = 64                                        {product} {ergonomic}
   size_t InitialHeapSize                          = 67108864                                  {product} {command line}
   size_t MarkStackSize                            = 4194304                                   {product} {ergonomic}
   size_t MaxHeapSize                              = 67108864                                  {product} {command line}
   size_t MaxNewSize                               = 39845888                                  {product} {ergonomic}
   size_t MinHeapDeltaBytes                        = 1048576                                   {product} {ergonomic}
    uintx NonNMethodCodeHeapSize                   = 5830732                                {pd product} {ergonomic}
    uintx NonProfiledCodeHeapSize                  = 122913754                              {pd product} {ergonomic}
    uintx ProfiledCodeHeapSize                     = 122913754                              {pd product} {ergonomic}
    uintx ReservedCodeCacheSize                    = 251658240                              {pd product} {ergonomic}
     bool SegmentedCodeCache                       = true                                      {product} {ergonomic}
     bool UseCompressedClassPointers               = true                                 {lp64_product} {ergonomic}
     bool UseCompressedOops                        = true                                 {lp64_product} {ergonomic}
     bool UseG1GC                                  = true                                      {product} {ergonomic}
     bool UseLargePagesIndividualAllocation        = false                                  {pd product} {ergonomic}

Logging:
Log output configuration:
 #0: stdout all=warning uptime,level,tags
 #1: stderr all=off uptime,level,tags

Environment Variables:
JAVA_HOME=C:\Program Files\Microsoft\jdk-11.0.20.8-hotspot\
CLASSPATH=C:\Users\ASUS\OneDrive\Dokumen\SEMS 5\project\MarkieBakery\android\\gradle\wrapper\gradle-wrapper.jar
PATH=C:\Users\ASUS\OneDrive\Dokumen\SEMS 5\project\MarkieBakery\node_modules\.bin;C:\Users\ASUS\OneDrive\Dokumen\SEMS 5\project\MarkieBakery\node_modules\.bin;C:\Users\ASUS\OneDrive\Dokumen\SEMS 5\project\node_modules\.bin;C:\Users\ASUS\OneDrive\Dokumen\SEMS 5\node_modules\.bin;C:\Users\ASUS\OneDrive\Dokumen\node_modules\.bin;C:\Users\ASUS\OneDrive\node_modules\.bin;C:\Users\ASUS\node_modules\.bin;C:\Users\node_modules\.bin;C:\node_modules\.bin;C:\Users\ASUS\AppData\Roaming\npm\node_modules\npm\node_modules\@npmcli\run-script\lib\node-gyp-bin;C:\Users\ASUS\OneDrive\Dokumen\SEMS 5\project\MarkieBakery\node_modules\.bin;C:\Users\ASUS\OneDrive\Dokumen\SEMS 5\project\MarkieBakery\node_modules\.bin;C:\Users\ASUS\OneDrive\Dokumen\SEMS 5\project\node_modules\.bin;C:\Users\ASUS\OneDrive\Dokumen\SEMS 5\node_modules\.bin;C:\Users\ASUS\OneDrive\Dokumen\node_modules\.bin;C:\Users\ASUS\OneDrive\node_modules\.bin;C:\Users\ASUS\node_modules\.bin;C:\Users\node_modules\.bin;C:\node_modules\.bin;C:\Users\ASUS\AppData\Roaming\npm\node_modules\npm\node_modules\@npmcli\run-script\lib\node-gyp-bin;C:\Program Files\Microsoft\jdk-11.0.20.8-hotspot\bin;C:\Program Files (x86)\Seagate Software\NOTES\;C:\Program Files (x86)\Seagate Software\NOTES\DATA\;C:\Program Files (x86)\Borland\Delphi for .NET Preview\aspx\bin\;C:\Program Files (x86)\Borland\Delphi for .NET Preview\aspx\framework\;C:\Program Files (x86)\Borland\Delphi for .NET Preview\bin\;C:\Program Files (x86)\Borland\Delphi7\Bin;C:\Program Files (x86)\Borland\Delphi7\Projects\Bpl\;C:\ProgramData\Oracle\Java\javapath;C:\WINDOWS\system32;C:\WINDOWS;C:\WINDOWS\System32\Wbem;C:\WINDOWS\System32\WindowsPowerShell\v1.0\;C:\WINDOWS\System32\OpenSSH\;C:\Program Files\dotnet\;C:\Program Files\Microsoft SQL Server\120\DTS\Binn\;C:\Program Files\Microsoft SQL Server\Client SDK\ODBC\110\Tools\Binn\;C:\Program Files (x86)\Microsoft SQL Server\120\Tools\Binn\;C:\Program Files\Microsoft SQL Server\120\Tools\Binn\;C:\Program Files (x86)\Microsoft SQL Ser
USERNAME=ASUS
LANG=en_US.UTF-8
OS=Windows_NT
PROCESSOR_IDENTIFIER=Intel64 Family 6 Model 126 Stepping 5, GenuineIntel
TMP=C:\Users\ASUS\AppData\Local\Temp
TEMP=C:\Users\ASUS\AppData\Local\Temp



---------------  S Y S T E M  ---------------

OS: Windows 11 , 64 bit Build 22621 (10.0.22621.2506)
OS uptime: 0 days 20:28 hours

CPU:total 4 (initial active 4) (2 cores per cpu, 2 threads per core) family 6 model 126 stepping 5 microcode 0xa6, cmov, cx8, fxsr, mmx, sse, sse2, sse3, ssse3, sse4.1, sse4.2, popcnt, avx, avx2, aes, clmul, erms, 3dnowpref, lzcnt, ht, tsc, tscinvbit, bmi1, bmi2, adx, evex, sha, fma

Memory: 4k page, system-wide physical 3836M (407M free)
TotalPageFile size 15612M (AvailPageFile size 0M)
current process WorkingSet (physical memory assigned to process): 13M, peak: 79M
current process commit charge ("private bytes"): 155M, peak: 160M

vm_info: OpenJDK 64-Bit Server VM (11.0.20+8-LTS) for windows-amd64 JRE (11.0.20+8-LTS), built on Jul  7 2023 17:05:21 by "MicrosoftCorporation" with MS VC++ 15.9 (VS2017)

END.
