#
# There is insufficient memory for the Java Runtime Environment to continue.
# Native memory allocation (malloc) failed to allocate 32744 bytes for ChunkPool::allocate
# Possible reasons:
#   The system is out of physical RAM or swap space
#   The process is running with CompressedOops enabled, and the Java Heap may be blocking the growth of the native heap
# Possible solutions:
#   Reduce memory load on the system
#   Increase physical memory or swap space
#   Check if swap backing store is full
#   Decrease Java heap size (-Xmx/-Xms)
#   Decrease number of Java threads
#   Decrease Java thread stack sizes (-Xss)
#   Set larger code cache with -XX:ReservedCodeCacheSize=
#   JVM is running with Unscaled Compressed Oops mode in which the Java heap is
#     placed in the first 4GB address space. The Java Heap base address is the
#     maximum limit for the native heap growth. Please use -XX:HeapBaseMinAddress
#     to set the Java Heap base and to place the Java Heap above 4GB virtual address.
# This output file may be truncated or incomplete.
#
#  Out of Memory Error (arena.cpp:81), pid=1424, tid=12824
#
# JRE version: OpenJDK Runtime Environment Microsoft-8035250 (11.0.20+8) (build 11.0.20+8-LTS)
# Java VM: OpenJDK 64-Bit Server VM Microsoft-8035250 (11.0.20+8-LTS, mixed mode, tiered, compressed oops, g1 gc, windows-amd64)
# No core dump will be written. Minidumps are not enabled by default on client versions of Windows
#

---------------  S U M M A R Y ------------

Command Line: -XX:MaxMetaspaceSize=512m --add-opens=java.base/java.util=ALL-UNNAMED --add-opens=java.base/java.lang=ALL-UNNAMED --add-opens=java.base/java.lang.invoke=ALL-UNNAMED --add-opens=java.prefs/java.util.prefs=ALL-UNNAMED --add-opens=java.base/java.nio.charset=ALL-UNNAMED --add-opens=java.base/java.net=ALL-UNNAMED --add-opens=java.base/java.util.concurrent.atomic=ALL-UNNAMED -Xmx2048m -Dfile.encoding=windows-1252 -Duser.country=US -Duser.language=en -Duser.variant org.gradle.launcher.daemon.bootstrap.GradleDaemon 8.0.1

Host: Intel(R) Core(TM) i3-1005G1 CPU @ 1.20GHz, 4 cores, 3G,  Windows 11 , 64 bit Build 22621 (10.0.22621.2506)
Time: Tue Dec 19 23:38:04 2023 SE Asia Standard Time elapsed time: 53.136459 seconds (0d 0h 0m 53s)

---------------  T H R E A D  ---------------

Current thread (0x00000133314a5800):  JavaThread "C2 CompilerThread0" daemon [_thread_in_native, id=12824, stack(0x0000001822d00000,0x0000001822e00000)]


Current CompileTask:
C2:  53136 2323       4       java.net.URLClassLoader$1::run (5 bytes)

Stack: [0x0000001822d00000,0x0000001822e00000]
Native frames: (J=compiled Java code, j=interpreted, Vv=VM code, C=native code)
V  [jvm.dll+0x62e9da]
V  [jvm.dll+0x7bc4e9]
V  [jvm.dll+0x7bdbd8]
V  [jvm.dll+0x7be2b3]
V  [jvm.dll+0x2505a8]
V  [jvm.dll+0xc289b]
V  [jvm.dll+0xc2bfc]
V  [jvm.dll+0xc274b]
V  [jvm.dll+0x60c2ff]
V  [jvm.dll+0x65ff43]
V  [jvm.dll+0x19f2cd]
V  [jvm.dll+0x2098c5]
V  [jvm.dll+0x20893d]
V  [jvm.dll+0x18a7de]
V  [jvm.dll+0x2181ec]
V  [jvm.dll+0x21642b]
V  [jvm.dll+0x77efc0]
V  [jvm.dll+0x777db4]
V  [jvm.dll+0x62d845]
C  [ucrtbase.dll+0x29363]
C  [KERNEL32.DLL+0x1257d]
C  [ntdll.dll+0x5aa58]


---------------  P R O C E S S  ---------------

Threads class SMR info:
_java_thread_list=0x0000013332077120, length=24, elements={
0x0000013312441000, 0x000001333144f000, 0x0000013331458800, 0x00000133314a0800,
0x00000133314a3800, 0x00000133314a4800, 0x00000133314a5800, 0x0000013331610800,
0x000001333161b800, 0x000001333171f800, 0x00000133323f8800, 0x00000133327b0000,
0x00000133320a9800, 0x0000013332737800, 0x000001333308b800, 0x0000013332725800,
0x0000013332726800, 0x00000133327cf800, 0x00000133327d0000, 0x0000013332730800,
0x000001333292c000, 0x0000013332929800, 0x000001333292e800, 0x000001333292a800
}

Java Threads: ( => current thread )
  0x0000013312441000 JavaThread "main" [_thread_blocked, id=16164, stack(0x0000001822100000,0x0000001822200000)]
  0x000001333144f000 JavaThread "Reference Handler" daemon [_thread_blocked, id=8660, stack(0x0000001822800000,0x0000001822900000)]
  0x0000013331458800 JavaThread "Finalizer" daemon [_thread_blocked, id=20408, stack(0x0000001822900000,0x0000001822a00000)]
  0x00000133314a0800 JavaThread "Signal Dispatcher" daemon [_thread_blocked, id=18160, stack(0x0000001822a00000,0x0000001822b00000)]
  0x00000133314a3800 JavaThread "Attach Listener" daemon [_thread_blocked, id=9804, stack(0x0000001822b00000,0x0000001822c00000)]
  0x00000133314a4800 JavaThread "Service Thread" daemon [_thread_blocked, id=10512, stack(0x0000001822c00000,0x0000001822d00000)]
=>0x00000133314a5800 JavaThread "C2 CompilerThread0" daemon [_thread_in_native, id=12824, stack(0x0000001822d00000,0x0000001822e00000)]
  0x0000013331610800 JavaThread "C1 CompilerThread0" daemon [_thread_blocked, id=13284, stack(0x0000001822e00000,0x0000001822f00000)]
  0x000001333161b800 JavaThread "Sweeper thread" daemon [_thread_blocked, id=16228, stack(0x0000001822f00000,0x0000001823000000)]
  0x000001333171f800 JavaThread "Common-Cleaner" daemon [_thread_blocked, id=1432, stack(0x0000001823000000,0x0000001823100000)]
  0x00000133323f8800 JavaThread "Daemon health stats" [_thread_blocked, id=19016, stack(0x0000001823300000,0x0000001823400000)]
  0x00000133327b0000 JavaThread "Incoming local TCP Connector on port 1202" [_thread_in_native, id=15200, stack(0x0000001823400000,0x0000001823500000)]
  0x00000133320a9800 JavaThread "Daemon periodic checks" [_thread_blocked, id=7836, stack(0x0000001823500000,0x0000001823600000)]
  0x0000013332737800 JavaThread "Daemon" [_thread_blocked, id=8808, stack(0x0000001823600000,0x0000001823700000)]
  0x000001333308b800 JavaThread "Handler for socket connection from /127.0.0.1:1202 to /127.0.0.1:1210" [_thread_in_native, id=7652, stack(0x0000001823700000,0x0000001823800000)]
  0x0000013332725800 JavaThread "Cancel handler" [_thread_blocked, id=11872, stack(0x0000001823800000,0x0000001823900000)]
  0x0000013332726800 JavaThread "Daemon worker" [_thread_in_native, id=18852, stack(0x0000001823900000,0x0000001823a00000)]
  0x00000133327cf800 JavaThread "Asynchronous log dispatcher for DefaultDaemonConnection: socket connection from /127.0.0.1:1202 to /127.0.0.1:1210" [_thread_blocked, id=10308, stack(0x0000001823a00000,0x0000001823b00000)]
  0x00000133327d0000 JavaThread "Stdin handler" [_thread_blocked, id=17308, stack(0x0000001823b00000,0x0000001823c00000)]
  0x0000013332730800 JavaThread "Daemon client event forwarder" [_thread_blocked, id=6612, stack(0x0000001823c00000,0x0000001823d00000)]
  0x000001333292c000 JavaThread "Cache worker for journal cache (C:\Users\ASUS\.gradle\caches\journal-1)" [_thread_blocked, id=12980, stack(0x0000001823f00000,0x0000001824000000)]
  0x0000013332929800 JavaThread "File lock request listener" [_thread_in_native, id=4916, stack(0x0000001824000000,0x0000001824100000)]
  0x000001333292e800 JavaThread "File lock release action executor" [_thread_blocked, id=16820, stack(0x0000001824100000,0x0000001824200000)]
  0x000001333292a800 JavaThread "Cache worker for file hash cache (C:\Users\ASUS\.gradle\caches\8.0.1\fileHashes)" [_thread_blocked, id=5856, stack(0x0000001824200000,0x0000001824300000)]

Other Threads:
  0x000001333143a800 VMThread "VM Thread" [stack: 0x0000001822700000,0x0000001822800000] [id=21040]
  0x0000013331729800 WatcherThread [stack: 0x0000001823100000,0x0000001823200000] [id=12080]
  0x0000013312459800 GCTaskThread "GC Thread#0" [stack: 0x0000001822200000,0x0000001822300000] [id=15012]
  0x0000013331eec000 GCTaskThread "GC Thread#1" [stack: 0x0000001823200000,0x0000001823300000] [id=20808]
  0x0000013332257800 GCTaskThread "GC Thread#2" [stack: 0x0000001823d00000,0x0000001823e00000] [id=13000]
  0x00000133326fb000 GCTaskThread "GC Thread#3" [stack: 0x0000001823e00000,0x0000001823f00000] [id=4900]
  0x000001331248b000 ConcurrentGCThread "G1 Main Marker" [stack: 0x0000001822300000,0x0000001822400000] [id=16708]
  0x000001331248c800 ConcurrentGCThread "G1 Conc#0" [stack: 0x0000001822400000,0x0000001822500000] [id=16112]
  0x00000133124d5000 ConcurrentGCThread "G1 Refine#0" [stack: 0x0000001822500000,0x0000001822600000] [id=9876]
  0x00000133124d7000 ConcurrentGCThread "G1 Young RemSet Sampling" [stack: 0x0000001822600000,0x0000001822700000] [id=1768]

Threads with active compile tasks:
C2 CompilerThread0    53160 2323       4       java.net.URLClassLoader$1::run (5 bytes)

VM state:not at safepoint (normal execution)

VM Mutex/Monitor currently owned by a thread: None

Heap address: 0x0000000080000000, size: 2048 MB, Compressed Oops mode: 32-bit
Narrow klass base: 0x0000000000000000, Narrow klass shift: 3
Compressed class space size: 528482304 Address: 0x0000000100000000

Heap:
 garbage-first heap   total 61440K, used 31455K [0x0000000080000000, 0x0000000100000000)
  region size 1024K, 15 young (15360K), 2 survivors (2048K)
 Metaspace       used 24188K, capacity 24762K, committed 25008K, reserved 538624K
  class space    used 2977K, capacity 3203K, committed 3328K, reserved 516096K
Heap Regions: E=young(eden), S=young(survivor), O=old, HS=humongous(starts), HC=humongous(continues), CS=collection set, F=free, A=archive, TAMS=top-at-mark-start (previous, next)
|   0|0x0000000080000000, 0x0000000080100000, 0x0000000080100000|100%| O|  |TAMS 0x0000000080100000, 0x0000000080000000| Untracked 
|   1|0x0000000080100000, 0x0000000080200000, 0x0000000080200000|100%| O|  |TAMS 0x0000000080200000, 0x0000000080100000| Untracked 
|   2|0x0000000080200000, 0x0000000080300000, 0x0000000080300000|100%| O|  |TAMS 0x0000000080300000, 0x0000000080200000| Untracked 
|   3|0x0000000080300000, 0x0000000080400000, 0x0000000080400000|100%|HS|  |TAMS 0x0000000080400000, 0x0000000080300000| Complete 
|   4|0x0000000080400000, 0x0000000080500000, 0x0000000080500000|100%|HC|  |TAMS 0x0000000080500000, 0x0000000080400000| Complete 
|   5|0x0000000080500000, 0x0000000080600000, 0x0000000080600000|100%|HC|  |TAMS 0x0000000080600000, 0x0000000080500000| Complete 
|   6|0x0000000080600000, 0x0000000080700000, 0x0000000080700000|100%|HC|  |TAMS 0x0000000080700000, 0x0000000080600000| Complete 
|   7|0x0000000080700000, 0x0000000080800000, 0x0000000080800000|100%| O|  |TAMS 0x0000000080800000, 0x0000000080700000| Untracked 
|   8|0x0000000080800000, 0x0000000080900000, 0x0000000080900000|100%| O|  |TAMS 0x0000000080900000, 0x0000000080800000| Untracked 
|   9|0x0000000080900000, 0x0000000080a00000, 0x0000000080a00000|100%| O|  |TAMS 0x0000000080a00000, 0x0000000080900000| Untracked 
|  10|0x0000000080a00000, 0x0000000080b00000, 0x0000000080b00000|100%| O|  |TAMS 0x0000000080b00000, 0x0000000080a00000| Untracked 
|  11|0x0000000080b00000, 0x0000000080c00000, 0x0000000080c00000|100%| O|  |TAMS 0x0000000080c00000, 0x0000000080b00000| Untracked 
|  12|0x0000000080c00000, 0x0000000080d00000, 0x0000000080d00000|100%| O|  |TAMS 0x0000000080d00000, 0x0000000080c00000| Untracked 
|  13|0x0000000080d00000, 0x0000000080e00000, 0x0000000080e00000|100%| O|  |TAMS 0x0000000080e00000, 0x0000000080d00000| Untracked 
|  14|0x0000000080e00000, 0x0000000080f00000, 0x0000000080f00000|100%| O|  |TAMS 0x0000000080f00000, 0x0000000080e00000| Untracked 
|  15|0x0000000080f00000, 0x0000000081000000, 0x0000000081000000|100%| O|  |TAMS 0x0000000081000000, 0x0000000080f00000| Untracked 
|  16|0x0000000081000000, 0x0000000081100000, 0x0000000081100000|100%| O|  |TAMS 0x0000000081100000, 0x0000000081000000| Untracked 
|  17|0x0000000081100000, 0x000000008111b600, 0x0000000081200000| 10%| O|  |TAMS 0x000000008111b600, 0x0000000081100000| Untracked 
|  18|0x0000000081200000, 0x0000000081200000, 0x0000000081300000|  0%| F|  |TAMS 0x0000000081200000, 0x0000000081200000| Untracked 
|  19|0x0000000081300000, 0x0000000081300000, 0x0000000081400000|  0%| F|  |TAMS 0x0000000081300000, 0x0000000081300000| Untracked 
|  20|0x0000000081400000, 0x0000000081400000, 0x0000000081500000|  0%| F|  |TAMS 0x0000000081400000, 0x0000000081400000| Untracked 
|  21|0x0000000081500000, 0x0000000081500000, 0x0000000081600000|  0%| F|  |TAMS 0x0000000081500000, 0x0000000081500000| Untracked 
|  22|0x0000000081600000, 0x0000000081600000, 0x0000000081700000|  0%| F|  |TAMS 0x0000000081600000, 0x0000000081600000| Untracked 
|  23|0x0000000081700000, 0x0000000081700000, 0x0000000081800000|  0%| F|  |TAMS 0x0000000081700000, 0x0000000081700000| Untracked 
|  24|0x0000000081800000, 0x0000000081800000, 0x0000000081900000|  0%| F|  |TAMS 0x0000000081800000, 0x0000000081800000| Untracked 
|  25|0x0000000081900000, 0x0000000081900000, 0x0000000081a00000|  0%| F|  |TAMS 0x0000000081900000, 0x0000000081900000| Untracked 
|  26|0x0000000081a00000, 0x0000000081a00000, 0x0000000081b00000|  0%| F|  |TAMS 0x0000000081a00000, 0x0000000081a00000| Untracked 
|  27|0x0000000081b00000, 0x0000000081b00000, 0x0000000081c00000|  0%| F|  |TAMS 0x0000000081b00000, 0x0000000081b00000| Untracked 
|  28|0x0000000081c00000, 0x0000000081c00000, 0x0000000081d00000|  0%| F|  |TAMS 0x0000000081c00000, 0x0000000081c00000| Untracked 
|  29|0x0000000081d00000, 0x0000000081d00000, 0x0000000081e00000|  0%| F|  |TAMS 0x0000000081d00000, 0x0000000081d00000| Untracked 
|  30|0x0000000081e00000, 0x0000000081e00000, 0x0000000081f00000|  0%| F|  |TAMS 0x0000000081e00000, 0x0000000081e00000| Untracked 
|  31|0x0000000081f00000, 0x0000000081f00000, 0x0000000082000000|  0%| F|  |TAMS 0x0000000081f00000, 0x0000000081f00000| Untracked 
|  32|0x0000000082000000, 0x0000000082000000, 0x0000000082100000|  0%| F|  |TAMS 0x0000000082000000, 0x0000000082000000| Untracked 
|  33|0x0000000082100000, 0x0000000082100000, 0x0000000082200000|  0%| F|  |TAMS 0x0000000082100000, 0x0000000082100000| Untracked 
|  34|0x0000000082200000, 0x0000000082200000, 0x0000000082300000|  0%| F|  |TAMS 0x0000000082200000, 0x0000000082200000| Untracked 
|  35|0x0000000082300000, 0x000000008239c960, 0x0000000082400000| 61%| S|CS|TAMS 0x0000000082300000, 0x0000000082300000| Complete 
|  36|0x0000000082400000, 0x0000000082500000, 0x0000000082500000|100%| S|CS|TAMS 0x0000000082400000, 0x0000000082400000| Complete 
|  37|0x0000000082500000, 0x0000000082500000, 0x0000000082600000|  0%| F|  |TAMS 0x0000000082500000, 0x0000000082500000| Untracked 
|  38|0x0000000082600000, 0x0000000082600000, 0x0000000082700000|  0%| F|  |TAMS 0x0000000082600000, 0x0000000082600000| Untracked 
|  39|0x0000000082700000, 0x0000000082700000, 0x0000000082800000|  0%| F|  |TAMS 0x0000000082700000, 0x0000000082700000| Untracked 
|  40|0x0000000082800000, 0x0000000082800000, 0x0000000082900000|  0%| F|  |TAMS 0x0000000082800000, 0x0000000082800000| Untracked 
|  41|0x0000000082900000, 0x0000000082900000, 0x0000000082a00000|  0%| F|  |TAMS 0x0000000082900000, 0x0000000082900000| Untracked 
|  42|0x0000000082a00000, 0x0000000082a00000, 0x0000000082b00000|  0%| F|  |TAMS 0x0000000082a00000, 0x0000000082a00000| Untracked 
|  43|0x0000000082b00000, 0x0000000082b00000, 0x0000000082c00000|  0%| F|  |TAMS 0x0000000082b00000, 0x0000000082b00000| Untracked 
|  44|0x0000000082c00000, 0x0000000082c00000, 0x0000000082d00000|  0%| F|  |TAMS 0x0000000082c00000, 0x0000000082c00000| Untracked 
|  45|0x0000000082d00000, 0x0000000082d00000, 0x0000000082e00000|  0%| F|  |TAMS 0x0000000082d00000, 0x0000000082d00000| Untracked 
|  46|0x0000000082e00000, 0x0000000082e00000, 0x0000000082f00000|  0%| F|  |TAMS 0x0000000082e00000, 0x0000000082e00000| Untracked 
|  47|0x0000000082f00000, 0x0000000082fac600, 0x0000000083000000| 67%| E|  |TAMS 0x0000000082f00000, 0x0000000082f00000| Complete 
|  48|0x0000000083000000, 0x0000000083100000, 0x0000000083100000|100%| E|CS|TAMS 0x0000000083000000, 0x0000000083000000| Complete 
|  49|0x0000000083100000, 0x0000000083200000, 0x0000000083200000|100%| E|CS|TAMS 0x0000000083100000, 0x0000000083100000| Complete 
|  50|0x0000000083200000, 0x0000000083300000, 0x0000000083300000|100%| E|CS|TAMS 0x0000000083200000, 0x0000000083200000| Complete 
|  51|0x0000000083300000, 0x0000000083400000, 0x0000000083400000|100%| E|CS|TAMS 0x0000000083300000, 0x0000000083300000| Complete 
|  52|0x0000000083400000, 0x0000000083500000, 0x0000000083500000|100%| E|CS|TAMS 0x0000000083400000, 0x0000000083400000| Complete 
|  53|0x0000000083500000, 0x0000000083600000, 0x0000000083600000|100%| E|CS|TAMS 0x0000000083500000, 0x0000000083500000| Complete 
|  54|0x0000000083600000, 0x0000000083700000, 0x0000000083700000|100%| E|CS|TAMS 0x0000000083600000, 0x0000000083600000| Complete 
|  55|0x0000000083700000, 0x0000000083800000, 0x0000000083800000|100%| E|CS|TAMS 0x0000000083700000, 0x0000000083700000| Complete 
|  56|0x0000000083800000, 0x0000000083900000, 0x0000000083900000|100%| E|CS|TAMS 0x0000000083800000, 0x0000000083800000| Complete 
|  57|0x0000000083900000, 0x0000000083a00000, 0x0000000083a00000|100%| E|CS|TAMS 0x0000000083900000, 0x0000000083900000| Complete 
|  58|0x0000000083a00000, 0x0000000083b00000, 0x0000000083b00000|100%| E|CS|TAMS 0x0000000083a00000, 0x0000000083a00000| Complete 
|  59|0x0000000083b00000, 0x0000000083c00000, 0x0000000083c00000|100%| E|CS|TAMS 0x0000000083b00000, 0x0000000083b00000| Complete 

Card table byte_map: [0x0000013329fb0000,0x000001332a3b0000] _byte_map_base: 0x0000013329bb0000

Marking Bits (Prev, Next): (CMBitMap*) 0x00000133124821b0, (CMBitMap*) 0x0000013312482178
 Prev Bits: [0x000001332c7b0000, 0x000001332e7b0000)
 Next Bits: [0x000001332a7b0000, 0x000001332c7b0000)

Polling page: 0x0000013310450000

Metaspace:

Usage:
  Non-class:     21.05 MB capacity,    20.71 MB ( 98%) used,   299.47 KB (  1%) free+waste,    48.06 KB ( <1%) overhead. 
      Class:      3.13 MB capacity,     2.91 MB ( 93%) used,   201.72 KB (  6%) free+waste,    23.81 KB ( <1%) overhead. 
       Both:     24.18 MB capacity,    23.62 MB ( 98%) used,   501.19 KB (  2%) free+waste,    71.88 KB ( <1%) overhead. 

Virtual space:
  Non-class space:       22.00 MB reserved,      21.17 MB ( 96%) committed 
      Class space:      504.00 MB reserved,       3.25 MB ( <1%) committed 
             Both:      526.00 MB reserved,      24.42 MB (  5%) committed 

Chunk freelists:
   Non-Class:  57.00 KB
       Class:  29.00 KB
        Both:  86.00 KB

MaxMetaspaceSize: 512.00 MB
CompressedClassSpaceSize: 504.00 MB
Initial GC threshold: 20.80 MB
Current GC threshold: 35.08 MB
CDS: off

CodeHeap 'non-profiled nmethods': size=120064Kb used=1149Kb max_used=1149Kb free=118914Kb
 bounds [0x0000013322670000, 0x00000133228e0000, 0x0000013329bb0000]
CodeHeap 'profiled nmethods': size=120000Kb used=4993Kb max_used=4993Kb free=115007Kb
 bounds [0x000001331b140000, 0x000001331b630000, 0x0000013322670000]
CodeHeap 'non-nmethods': size=5696Kb used=1240Kb max_used=1272Kb free=4455Kb
 bounds [0x000001331abb0000, 0x000001331ae20000, 0x000001331b140000]
 total_blobs=2835 nmethods=2326 adapters=421
 compilation: enabled
              stopped_count=0, restarted_count=0
 full_count=0

Compilation events (20 events):
Event: 52.356 Thread 0x0000013331610800 nmethod 2318 0x000001331b613910 code [0x000001331b613c80, 0x000001331b6151e8]
Event: 52.356 Thread 0x0000013331610800 2319       3       java.lang.reflect.Method::getGenericParameterTypes (5 bytes)
Event: 52.357 Thread 0x0000013331610800 nmethod 2319 0x000001331b615910 code [0x000001331b615be0, 0x000001331b616c38]
Event: 52.357 Thread 0x0000013331610800 2320       3       java.lang.reflect.Method::hasGenericInformation (13 bytes)
Event: 52.358 Thread 0x0000013331610800 nmethod 2320 0x000001331b617110 code [0x000001331b6172c0, 0x000001331b617438]
Event: 52.489 Thread 0x0000013331610800 2321   !   3       org.gradle.internal.classloader.TransformingClassLoader::findClass (203 bytes)
Event: 52.494 Thread 0x0000013331610800 nmethod 2321 0x000001331b617510 code [0x000001331b617a60, 0x000001331b61a378]
Event: 52.494 Thread 0x0000013331610800 2322       3       org.gradle.initialization.MixInLegacyTypesClassLoader::shouldTransform (42 bytes)
Event: 52.494 Thread 0x0000013331610800 nmethod 2322 0x000001331b61b390 code [0x000001331b61b580, 0x000001331b61b978]
Event: 52.614 Thread 0x00000133314a5800 2323       4       java.net.URLClassLoader$1::run (5 bytes)
Event: 52.640 Thread 0x0000013331610800 2325       3       java.util.LinkedList::unlink (91 bytes)
Event: 52.640 Thread 0x0000013331610800 nmethod 2325 0x000001331b61bb10 code [0x000001331b61bce0, 0x000001331b61c0b8]
Event: 52.640 Thread 0x0000013331610800 2326       3       sun.reflect.generics.parser.SignatureParser::parseTypeSignature (130 bytes)
Event: 52.641 Thread 0x0000013331610800 nmethod 2326 0x000001331b61c210 code [0x000001331b61c400, 0x000001331b61c868]
Event: 52.768 Thread 0x0000013331610800 2327       3       org.gradle.internal.service.AbstractServiceMethod::<init> (42 bytes)
Event: 52.771 Thread 0x0000013331610800 nmethod 2327 0x000001331b61c990 code [0x000001331b61cd00, 0x000001331b61e808]
Event: 52.773 Thread 0x0000013331610800 2328       3       org.gradle.internal.service.DefaultServiceRegistry$FactoryMethodService::<init> (22 bytes)
Event: 52.773 Thread 0x0000013331610800 nmethod 2328 0x000001331b61ef90 code [0x000001331b61f1e0, 0x000001331b61fc28]
Event: 52.782 Thread 0x0000013331610800 2329       3       java.util.HashMap$HashMapSpliterator::getFence (53 bytes)
Event: 52.782 Thread 0x0000013331610800 nmethod 2329 0x000001331b61ff90 code [0x000001331b620140, 0x000001331b6202f8]

GC Heap History (14 events):
Event: 8.292 GC heap before
{Heap before GC invocations=0 (full 0):
 garbage-first heap   total 61440K, used 13312K [0x0000000080000000, 0x0000000100000000)
  region size 1024K, 14 young (14336K), 0 survivors (0K)
 Metaspace       used 6823K, capacity 7057K, committed 7424K, reserved 524288K
  class space    used 574K, capacity 650K, committed 768K, reserved 516096K
}
Event: 8.643 GC heap after
{Heap after GC invocations=1 (full 0):
 garbage-first heap   total 61440K, used 4285K [0x0000000080000000, 0x0000000100000000)
  region size 1024K, 2 young (2048K), 2 survivors (2048K)
 Metaspace       used 6823K, capacity 7057K, committed 7424K, reserved 524288K
  class space    used 574K, capacity 650K, committed 768K, reserved 516096K
}
Event: 12.926 GC heap before
{Heap before GC invocations=1 (full 0):
 garbage-first heap   total 61440K, used 19645K [0x0000000080000000, 0x0000000100000000)
  region size 1024K, 13 young (13312K), 2 survivors (2048K)
 Metaspace       used 9979K, capacity 10186K, committed 10368K, reserved 526336K
  class space    used 1014K, capacity 1102K, committed 1152K, reserved 516096K
}
Event: 12.932 GC heap after
{Heap after GC invocations=2 (full 0):
 garbage-first heap   total 61440K, used 10522K [0x0000000080000000, 0x0000000100000000)
  region size 1024K, 2 young (2048K), 2 survivors (2048K)
 Metaspace       used 9979K, capacity 10186K, committed 10368K, reserved 526336K
  class space    used 1014K, capacity 1102K, committed 1152K, reserved 516096K
}
Event: 19.105 GC heap before
{Heap before GC invocations=2 (full 0):
 garbage-first heap   total 61440K, used 31002K [0x0000000080000000, 0x0000000100000000)
  region size 1024K, 22 young (22528K), 2 survivors (2048K)
 Metaspace       used 10959K, capacity 11203K, committed 11520K, reserved 526336K
  class space    used 1115K, capacity 1206K, committed 1280K, reserved 516096K
}
Event: 19.110 GC heap after
{Heap after GC invocations=3 (full 0):
 garbage-first heap   total 61440K, used 11029K [0x0000000080000000, 0x0000000100000000)
  region size 1024K, 1 young (1024K), 1 survivors (1024K)
 Metaspace       used 10959K, capacity 11203K, committed 11520K, reserved 526336K
  class space    used 1115K, capacity 1206K, committed 1280K, reserved 516096K
}
Event: 22.965 GC heap before
{Heap before GC invocations=3 (full 0):
 garbage-first heap   total 61440K, used 33557K [0x0000000080000000, 0x0000000100000000)
  region size 1024K, 23 young (23552K), 1 survivors (1024K)
 Metaspace       used 11314K, capacity 11547K, committed 11776K, reserved 528384K
  class space    used 1193K, capacity 1278K, committed 1280K, reserved 516096K
}
Event: 22.972 GC heap after
{Heap after GC invocations=4 (full 0):
 garbage-first heap   total 61440K, used 15292K [0x0000000080000000, 0x0000000100000000)
  region size 1024K, 3 young (3072K), 3 survivors (3072K)
 Metaspace       used 11314K, capacity 11547K, committed 11776K, reserved 528384K
  class space    used 1193K, capacity 1278K, committed 1280K, reserved 516096K
}
Event: 43.748 GC heap before
{Heap before GC invocations=4 (full 0):
 garbage-first heap   total 61440K, used 37820K [0x0000000080000000, 0x0000000100000000)
  region size 1024K, 25 young (25600K), 3 survivors (3072K)
 Metaspace       used 17878K, capacity 18224K, committed 18304K, reserved 532480K
  class space    used 2017K, capacity 2141K, committed 2176K, reserved 516096K
}
Event: 43.969 GC heap after
{Heap after GC invocations=5 (full 0):
 garbage-first heap   total 61440K, used 17527K [0x0000000080000000, 0x0000000100000000)
  region size 1024K, 3 young (3072K), 3 survivors (3072K)
 Metaspace       used 17878K, capacity 18224K, committed 18304K, reserved 532480K
  class space    used 2017K, capacity 2141K, committed 2176K, reserved 516096K
}
Event: 47.338 GC heap before
{Heap before GC invocations=5 (full 0):
 garbage-first heap   total 61440K, used 34935K [0x0000000080000000, 0x0000000100000000)
  region size 1024K, 22 young (22528K), 3 survivors (3072K)
 Metaspace       used 20724K, capacity 21196K, committed 21552K, reserved 536576K
  class space    used 2428K, capacity 2607K, committed 2688K, reserved 516096K
}
Event: 47.349 GC heap after
{Heap after GC invocations=6 (full 0):
 garbage-first heap   total 61440K, used 18386K [0x0000000080000000, 0x0000000100000000)
  region size 1024K, 1 young (1024K), 1 survivors (1024K)
 Metaspace       used 20724K, capacity 21196K, committed 21552K, reserved 536576K
  class space    used 2428K, capacity 2607K, committed 2688K, reserved 516096K
}
Event: 51.759 GC heap before
{Heap before GC invocations=7 (full 0):
 garbage-first heap   total 61440K, used 39890K [0x0000000080000000, 0x0000000100000000)
  region size 1024K, 23 young (23552K), 1 survivors (1024K)
 Metaspace       used 23264K, capacity 23888K, committed 23984K, reserved 538624K
  class space    used 2813K, capacity 3039K, committed 3072K, reserved 516096K
}
Event: 51.765 GC heap after
{Heap after GC invocations=8 (full 0):
 garbage-first heap   total 61440K, used 19167K [0x0000000080000000, 0x0000000100000000)
  region size 1024K, 2 young (2048K), 2 survivors (2048K)
 Metaspace       used 23264K, capacity 23888K, committed 23984K, reserved 538624K
  class space    used 2813K, capacity 3039K, committed 3072K, reserved 516096K
}

Deoptimization events (20 events):
Event: 48.809 Thread 0x0000013332726800 Uncommon trap: trap_request=0xffffffc6 fr.pc=0x00000133226e9fa4 relative=0x0000000000000084
Event: 48.809 Thread 0x0000013332726800 Uncommon trap: reason=bimorphic_or_optimized_type_check action=maybe_recompile pc=0x00000133226e9fa4 method=java.util.AbstractList$Itr.hasNext()Z @ 8 c2
Event: 48.809 Thread 0x0000013332726800 DEOPT PACKING pc=0x00000133226e9fa4 sp=0x00000018239fc580
Event: 48.809 Thread 0x0000013332726800 DEOPT UNPACKING pc=0x000001331abb85af sp=0x00000018239fc518 mode 2
Event: 48.809 Thread 0x0000013332726800 Uncommon trap: trap_request=0xffffffc6 fr.pc=0x00000133226ed8d4 relative=0x0000000000000114
Event: 48.809 Thread 0x0000013332726800 Uncommon trap: reason=bimorphic_or_optimized_type_check action=maybe_recompile pc=0x00000133226ed8d4 method=java.util.AbstractList$Itr.next()Ljava/lang/Object; @ 14 c2
Event: 48.809 Thread 0x0000013332726800 DEOPT PACKING pc=0x00000133226ed8d4 sp=0x00000018239fc570
Event: 48.809 Thread 0x0000013332726800 DEOPT UNPACKING pc=0x000001331abb85af sp=0x00000018239fc508 mode 2
Event: 48.810 Thread 0x0000013332726800 Uncommon trap: trap_request=0xffffff4d fr.pc=0x00000133226e65dc relative=0x000000000000051c
Event: 48.810 Thread 0x0000013332726800 Uncommon trap: reason=unstable_if action=reinterpret pc=0x00000133226e65dc method=java.io.File.getName()Ljava/lang/String; @ 16 c2
Event: 48.810 Thread 0x0000013332726800 DEOPT PACKING pc=0x00000133226e65dc sp=0x00000018239fcfb0
Event: 48.810 Thread 0x0000013332726800 DEOPT UNPACKING pc=0x000001331abb85af sp=0x00000018239fcf80 mode 2
Event: 48.810 Thread 0x0000013332726800 Uncommon trap: trap_request=0xffffff4d fr.pc=0x00000133226e2b34 relative=0x0000000000000474
Event: 48.810 Thread 0x0000013332726800 Uncommon trap: reason=unstable_if action=reinterpret pc=0x00000133226e2b34 method=java.lang.String.substring(I)Ljava/lang/String; @ 34 c2
Event: 48.810 Thread 0x0000013332726800 DEOPT PACKING pc=0x00000133226e2b34 sp=0x00000018239fcf30
Event: 48.810 Thread 0x0000013332726800 DEOPT UNPACKING pc=0x000001331abb85af sp=0x00000018239fcf08 mode 2
Event: 51.468 Thread 0x0000013332726800 Uncommon trap: trap_request=0xffffff4d fr.pc=0x00000133227801f4 relative=0x0000000000004434
Event: 51.469 Thread 0x0000013332726800 Uncommon trap: reason=unstable_if action=reinterpret pc=0x00000133227801f4 method=jdk.internal.loader.BuiltinClassLoader.loadClassOrNull(Ljava/lang/String;Z)Ljava/lang/Class; @ 17 c2
Event: 51.469 Thread 0x0000013332726800 DEOPT PACKING pc=0x00000133227801f4 sp=0x00000018239f4780
Event: 51.469 Thread 0x0000013332726800 DEOPT UNPACKING pc=0x000001331abb85af sp=0x00000018239f46d0 mode 2

Classes redefined (0 events):
No events

Internal exceptions (20 events):
Event: 38.404 Thread 0x0000013312441000 Exception <a 'java/io/IOException'{0x0000000082b57d00}> (0x0000000082b57d00) thrown at [s\src\hotspot\share\prims\jni.cpp, line 617]
Event: 43.705 Thread 0x0000013332726800 Exception <a 'java/lang/NoSuchMethodError'{0x00000000826c0c18}: 'long java.lang.invoke.DirectMethodHandle$Holder.invokeInterface(java.lang.Object, java.lang.Object)'> (0x00000000826c0c18) thrown at [s\src\hotspot\share\interpreter\linkResolver.cpp, line 773]
Event: 43.976 Thread 0x0000013332726800 Exception <a 'java/lang/NoSuchMethodError'{0x0000000083b4d3c8}: 'java.lang.Object java.lang.invoke.DirectMethodHandle$Holder.invokeVirtual(java.lang.Object, java.lang.Object, java.lang.Object)'> (0x0000000083b4d3c8) thrown at [s\src\hotspot\share\interpreter\linkResolver.cpp, line 773]
Event: 45.452 Thread 0x0000013332726800 Exception <a 'java/lang/NoSuchMethodError'{0x00000000832f0460}: 'java.lang.Object java.lang.invoke.Invokers$Holder.linkToTargetMethod(java.lang.Object, java.lang.Object, java.lang.Object, java.lang.Object, java.lang.Object, java.lang.Object)'> (0x00000000832f0460) thrown at [s\src\hotspot\share\interpreter\linkResolver.cpp, line 773]
Event: 45.462 Thread 0x0000013332726800 Exception <a 'java/lang/NoSuchMethodError'{0x000000008311ea60}: 'void java.lang.invoke.DirectMethodHandle$Holder.invokeSpecial(java.lang.Object, java.lang.Object, java.lang.Object, java.lang.Object, java.lang.Object, java.lang.Object)'> (0x000000008311ea60) thrown at [s\src\hotspot\share\interpreter\linkResolver.cpp, line 773]
Event: 45.468 Thread 0x0000013332726800 Exception <a 'java/lang/NoSuchMethodError'{0x000000008314cc38}: 'java.lang.Object java.lang.invoke.DirectMethodHandle$Holder.invokeSpecial(java.lang.Object, java.lang.Object, java.lang.Object, java.lang.Object, java.lang.Object, java.lang.Object, java.lang.Object, java.lang.Object, int, int)'> (0x000000008314cc38) thrown at [s\src\hotspot\share\interpreter\linkResolver.cpp, line 773]
Event: 45.602 Thread 0x0000013332726800 Exception <a 'java/lang/NoSuchMethodError'{0x0000000083070688}: 'java.lang.Object java.lang.invoke.DirectMethodHandle$Holder.invokeStatic(java.lang.Object, java.lang.Object, java.lang.Object, int, java.lang.Object, java.lang.Object)'> (0x0000000083070688) thrown at [s\src\hotspot\share\interpreter\linkResolver.cpp, line 773]
Event: 45.603 Thread 0x0000013332726800 Exception <a 'java/lang/NoSuchMethodError'{0x0000000083077af0}: 'java.lang.Object java.lang.invoke.Invokers$Holder.linkToTargetMethod(java.lang.Object, java.lang.Object, int, java.lang.Object, java.lang.Object, java.lang.Object)'> (0x0000000083077af0) thrown at [s\src\hotspot\share\interpreter\linkResolver.cpp, line 773]
Event: 46.151 Thread 0x0000013332726800 Exception <a 'java/lang/NoSuchMethodError'{0x0000000082ebfba0}: 'void java.lang.invoke.DelegatingMethodHandle$Holder.reinvoke_L(java.lang.Object, java.lang.Object, java.lang.Object, java.lang.Object, java.lang.Object, java.lang.Object, java.lang.Object, java.lang.Object, java.lang.Object, java.lang.Object, java.lang.Object)'> (0x0000000082ebfba0) thrown at [s\src\hotspot\share\interpreter\linkResolver.cpp, line 773]
Event: 46.153 Thread 0x0000013332726800 Exception <a 'java/lang/NoSuchMethodError'{0x0000000082ec8018}: 'java.lang.Object java.lang.invoke.DirectMethodHandle$Holder.invokeSpecial(java.lang.Object, java.lang.Object, java.lang.Object, java.lang.Object, java.lang.Object, java.lang.Object, java.lang.Object, java.lang.Object, java.lang.Object, java.lang.Object, java.lang.Object)'> (0x0000000082ec8018) thrown at [s\src\hotspot\share\interpreter\linkResolver.cpp, line 773]
Event: 46.154 Thread 0x0000013332726800 Exception <a 'java/lang/NoSuchMethodError'{0x0000000082ecc788}: 'java.lang.Object java.lang.invoke.Invokers$Holder.invoker(java.lang.Object, java.lang.Object, java.lang.Object, java.lang.Object, java.lang.Object, java.lang.Object, java.lang.Object, java.lang.Object, java.lang.Object, java.lang.Object, java.lang.Object)'> (0x0000000082ecc788) thrown at [s\src\hotspot\share\interpreter\linkResolver.cpp, line 773]
Event: 46.155 Thread 0x0000013332726800 Exception <a 'java/lang/NoSuchMethodError'{0x0000000082ed18a0}: 'java.lang.Object java.lang.invoke.DirectMethodHandle$Holder.invokeSpecial(java.lang.Object, java.lang.Object, java.lang.Object, java.lang.Object, java.lang.Object, java.lang.Object, java.lang.Object, java.lang.Object, java.lang.Object, java.lang.Object, java.lang.Object, java.lang.Object)'> (0x0000000082ed18a0) thrown at [s\src\hotspot\share\interpreter\linkResolver.cpp, line 773]
Event: 46.759 Thread 0x0000013332726800 Exception <a 'java/lang/NoSuchMethodError'{0x0000000082c30f98}: 'java.lang.Object java.lang.invoke.DirectMethodHandle$Holder.invokeSpecial(java.lang.Object, java.lang.Object, java.lang.Object, java.lang.Object, java.lang.Object, java.lang.Object, java.lang.Object, java.lang.Object, java.lang.Object)'> (0x0000000082c30f98) thrown at [s\src\hotspot\share\interpreter\linkResolver.cpp, line 773]
Event: 47.789 Thread 0x0000013332726800 Exception <a 'java/lang/NoSuchMethodError'{0x00000000838ff1a0}: 'void java.lang.invoke.DirectMethodHandle$Holder.invokeStaticInit(java.lang.Object)'> (0x00000000838ff1a0) thrown at [s\src\hotspot\share\interpreter\linkResolver.cpp, line 773]
Event: 47.962 Thread 0x0000013332726800 Exception <a 'java/lang/NoSuchMethodError'{0x00000000837b4e78}: 'java.lang.Object java.lang.invoke.DirectMethodHandle$Holder.invokeStatic(java.lang.Object, java.lang.Object, java.lang.Object, int)'> (0x00000000837b4e78) thrown at [s\src\hotspot\share\interpreter\linkResolver.cpp, line 773]
Event: 47.963 Thread 0x0000013332726800 Exception <a 'java/lang/NoSuchMethodError'{0x00000000837b9040}: 'java.lang.Object java.lang.invoke.DirectMethodHandle$Holder.invokeSpecial(java.lang.Object, java.lang.Object, java.lang.Object, java.lang.Object, int)'> (0x00000000837b9040) thrown at [s\src\hotspot\share\interpreter\linkResolver.cpp, line 773]
Event: 47.963 Thread 0x0000013332726800 Exception <a 'java/lang/NoSuchMethodError'{0x00000000837bca28}: 'java.lang.Object java.lang.invoke.Invokers$Holder.linkToTargetMethod(java.lang.Object, java.lang.Object, int, java.lang.Object)'> (0x00000000837bca28) thrown at [s\src\hotspot\share\interpreter\linkResolver.cpp, line 773]
Event: 51.500 Thread 0x0000013332726800 Exception <a 'java/lang/NoSuchMethodError'{0x0000000082516218}: 'int java.lang.invoke.DirectMethodHandle$Holder.invokeSpecialIFC(java.lang.Object, java.lang.Object, java.lang.Object, java.lang.Object)'> (0x0000000082516218) thrown at [s\src\hotspot\share\interpreter\linkResolver.cpp, line 773]
Event: 51.604 Thread 0x0000013332726800 Exception <a 'java/lang/NoSuchMethodError'{0x00000000825241d0}: 'java.lang.Object java.lang.invoke.DirectMethodHandle$Holder.invokeInterface(java.lang.Object, java.lang.Object, java.lang.Object)'> (0x00000000825241d0) thrown at [s\src\hotspot\share\interpreter\linkResolver.cpp, line 773]
Event: 51.605 Thread 0x0000013332726800 Exception <a 'java/lang/IncompatibleClassChangeError'{0x00000000825276a8}: Found class java.lang.Object, but interface was expected> (0x00000000825276a8) thrown at [s\src\hotspot\share\interpreter\linkResolver.cpp, line 839]

Events (20 events):
Event: 52.997 loading class org/gradle/plugin/use/resolve/internal/PluginResolver
Event: 52.997 loading class org/gradle/plugin/use/resolve/internal/PluginResolver done
Event: 52.998 loading class org/gradle/plugin/use/internal/DefaultPluginRequestApplicator
Event: 52.998 loading class org/gradle/plugin/use/internal/DefaultPluginRequestApplicator done
Event: 53.093 loading class org/gradle/api/plugins/UnknownPluginException
Event: 53.093 loading class org/gradle/api/plugins/UnknownPluginException done
Event: 53.095 loading class org/gradle/api/plugins/InvalidPluginException
Event: 53.095 loading class org/gradle/api/plugins/InvalidPluginException done
Event: 53.097 loading class org/gradle/api/internal/plugins/PluginDescriptorLocator
Event: 53.097 loading class org/gradle/api/internal/plugins/PluginDescriptorLocator done
Event: 53.100 loading class org/gradle/plugin/use/resolve/internal/PluginResolutionResult
Event: 53.100 loading class org/gradle/plugin/use/resolve/internal/PluginResolutionResult done
Event: 53.101 loading class org/gradle/plugin/use/tracker/internal/PluginVersionTracker
Event: 53.101 loading class org/gradle/plugin/use/tracker/internal/PluginVersionTracker done
Event: 53.104 loading class org/gradle/platform/base/internal/registry/ComponentModelBaseServiceRegistry$BuildScopeServices
Event: 53.104 loading class org/gradle/platform/base/internal/registry/ComponentModelBaseServiceRegistry$BuildScopeServices done
Event: 53.106 loading class org/gradle/api/internal/resolve/ProjectModelResolver
Event: 53.106 loading class org/gradle/api/internal/resolve/ProjectModelResolver done
Event: 53.116 loading class org/gradle/api/publish/ivy/internal/IvyServices$BuildServices
Event: 53.116 loading class org/gradle/api/publish/ivy/internal/IvyServices$BuildServices done


Dynamic libraries:
0x00007ff740a30000 - 0x00007ff740a3d000 	C:\Program Files\Microsoft\jdk-11.0.20.8-hotspot\bin\java.exe
0x00007ffd74410000 - 0x00007ffd74627000 	C:\WINDOWS\SYSTEM32\ntdll.dll
0x00007ffd73f20000 - 0x00007ffd73fe4000 	C:\WINDOWS\System32\KERNEL32.DLL
0x00007ffd71780000 - 0x00007ffd71b25000 	C:\WINDOWS\System32\KERNELBASE.dll
0x00007ffd71b30000 - 0x00007ffd71c41000 	C:\WINDOWS\System32\ucrtbase.dll
0x00007ffd5cb20000 - 0x00007ffd5cb37000 	C:\Program Files\Microsoft\jdk-11.0.20.8-hotspot\bin\jli.dll
0x00007ffd72270000 - 0x00007ffd7241e000 	C:\WINDOWS\System32\USER32.dll
0x00007ffd71e80000 - 0x00007ffd71ea6000 	C:\WINDOWS\System32\win32u.dll
0x00007ffd73ef0000 - 0x00007ffd73f19000 	C:\WINDOWS\System32\GDI32.dll
0x00007ffd71eb0000 - 0x00007ffd71fc9000 	C:\WINDOWS\System32\gdi32full.dll
0x00007ffd72040000 - 0x00007ffd720da000 	C:\WINDOWS\System32\msvcp_win.dll
0x00007ffd5d800000 - 0x00007ffd5da93000 	C:\WINDOWS\WinSxS\amd64_microsoft.windows.common-controls_6595b64144ccf1df_6.0.22621.2506_none_270c5ae97388e100\COMCTL32.dll
0x00007ffd72160000 - 0x00007ffd72207000 	C:\WINDOWS\System32\msvcrt.dll
0x00007ffd3d8c0000 - 0x00007ffd3d8d5000 	C:\Program Files\Microsoft\jdk-11.0.20.8-hotspot\bin\VCRUNTIME140.dll
0x00007ffd73440000 - 0x00007ffd73471000 	C:\WINDOWS\System32\IMM32.DLL
0x00007ffd120d0000 - 0x00007ffd1216b000 	C:\Program Files\Microsoft\jdk-11.0.20.8-hotspot\bin\msvcp140.dll
0x00007ffd0e110000 - 0x00007ffd0eca6000 	C:\Program Files\Microsoft\jdk-11.0.20.8-hotspot\bin\server\jvm.dll
0x00007ffd73d80000 - 0x00007ffd73e31000 	C:\WINDOWS\System32\ADVAPI32.dll
0x00007ffd72540000 - 0x00007ffd725e6000 	C:\WINDOWS\System32\sechost.dll
0x00007ffd74230000 - 0x00007ffd74347000 	C:\WINDOWS\System32\RPCRT4.dll
0x00007ffd73ff0000 - 0x00007ffd73ff8000 	C:\WINDOWS\System32\PSAPI.DLL
0x00007ffd5de30000 - 0x00007ffd5de39000 	C:\WINDOWS\SYSTEM32\WSOCK32.dll
0x00007ffd73e70000 - 0x00007ffd73ee1000 	C:\WINDOWS\System32\WS2_32.dll
0x00007ffd66660000 - 0x00007ffd66694000 	C:\WINDOWS\SYSTEM32\WINMM.dll
0x00007ffd6c610000 - 0x00007ffd6c61a000 	C:\WINDOWS\SYSTEM32\VERSION.dll
0x00007ffd70780000 - 0x00007ffd70798000 	C:\WINDOWS\SYSTEM32\kernel.appcore.dll
0x00007ffd5cbc0000 - 0x00007ffd5cbd0000 	C:\Program Files\Microsoft\jdk-11.0.20.8-hotspot\bin\verify.dll
0x00007ffd6efd0000 - 0x00007ffd6f203000 	C:\WINDOWS\SYSTEM32\DBGHELP.DLL
0x00007ffd730b0000 - 0x00007ffd73439000 	C:\WINDOWS\System32\combase.dll
0x00007ffd72e30000 - 0x00007ffd72f07000 	C:\WINDOWS\System32\OLEAUT32.dll
0x00007ffd62020000 - 0x00007ffd62052000 	C:\WINDOWS\SYSTEM32\dbgcore.DLL
0x00007ffd720e0000 - 0x00007ffd7215a000 	C:\WINDOWS\System32\bcryptPrimitives.dll
0x00007ffd18f80000 - 0x00007ffd18fa8000 	C:\Program Files\Microsoft\jdk-11.0.20.8-hotspot\bin\java.dll
0x00007ffd5c8f0000 - 0x00007ffd5c8fa000 	C:\Program Files\Microsoft\jdk-11.0.20.8-hotspot\bin\jimage.dll
0x00007ffd315b0000 - 0x00007ffd315c8000 	C:\Program Files\Microsoft\jdk-11.0.20.8-hotspot\bin\zip.dll
0x00007ffd734a0000 - 0x00007ffd73cf9000 	C:\WINDOWS\System32\SHELL32.dll
0x00007ffd6f6a0000 - 0x00007ffd6ff94000 	C:\WINDOWS\SYSTEM32\windows.storage.dll
0x00007ffd6f560000 - 0x00007ffd6f69e000 	C:\WINDOWS\SYSTEM32\wintypes.dll
0x00007ffd72c30000 - 0x00007ffd72d23000 	C:\WINDOWS\System32\SHCORE.dll
0x00007ffd72210000 - 0x00007ffd7226e000 	C:\WINDOWS\System32\shlwapi.dll
0x00007ffd716b0000 - 0x00007ffd716d6000 	C:\WINDOWS\SYSTEM32\profapi.dll
0x00007ffd2f9d0000 - 0x00007ffd2f9e9000 	C:\Program Files\Microsoft\jdk-11.0.20.8-hotspot\bin\net.dll
0x00007ffd65ee0000 - 0x00007ffd66017000 	C:\WINDOWS\SYSTEM32\WINHTTP.dll
0x00007ffd70c70000 - 0x00007ffd70cd9000 	C:\WINDOWS\system32\mswsock.dll
0x00007ffd2f8a0000 - 0x00007ffd2f8b3000 	C:\Program Files\Microsoft\jdk-11.0.20.8-hotspot\bin\nio.dll
0x00007ffd68a20000 - 0x00007ffd68a47000 	C:\Users\ASUS\.gradle\native\68d5fa5c4cc2d200863cafc0d521ce42e7d3e7ee720ec0a83991735586a16f82\windows-amd64\native-platform.dll
0x00007ffd0a890000 - 0x00007ffd0a9d4000 	C:\Users\ASUS\.gradle\native\e376f236ea51e6404a007f0833ffe2c6e607c4080706a723a18a27aeea778392\windows-amd64\native-platform-file-events.dll
0x00007ffd5c810000 - 0x00007ffd5c819000 	C:\Program Files\Microsoft\jdk-11.0.20.8-hotspot\bin\management.dll
0x00007ffd5c6a0000 - 0x00007ffd5c6ab000 	C:\Program Files\Microsoft\jdk-11.0.20.8-hotspot\bin\management_ext.dll
0x00007ffd70ed0000 - 0x00007ffd70eeb000 	C:\WINDOWS\SYSTEM32\CRYPTSP.dll
0x00007ffd706e0000 - 0x00007ffd70715000 	C:\WINDOWS\system32\rsaenh.dll
0x00007ffd70d60000 - 0x00007ffd70d8c000 	C:\WINDOWS\SYSTEM32\USERENV.dll
0x00007ffd71110000 - 0x00007ffd71138000 	C:\WINDOWS\SYSTEM32\bcrypt.dll
0x00007ffd70ec0000 - 0x00007ffd70ecc000 	C:\WINDOWS\SYSTEM32\CRYPTBASE.dll
0x00007ffd70240000 - 0x00007ffd7026d000 	C:\WINDOWS\SYSTEM32\IPHLPAPI.DLL
0x00007ffd73d70000 - 0x00007ffd73d79000 	C:\WINDOWS\System32\NSI.dll
0x00007ffd68db0000 - 0x00007ffd68dc9000 	C:\WINDOWS\SYSTEM32\dhcpcsvc6.DLL
0x00007ffd666b0000 - 0x00007ffd666cf000 	C:\WINDOWS\SYSTEM32\dhcpcsvc.DLL
0x00007ffd70270000 - 0x00007ffd70369000 	C:\WINDOWS\SYSTEM32\DNSAPI.dll

dbghelp: loaded successfully - version: 4.0.5 - missing functions: none
symbol engine: initialized successfully - sym options: 0x614 - pdb path: .;C:\Program Files\Microsoft\jdk-11.0.20.8-hotspot\bin;C:\WINDOWS\SYSTEM32;C:\WINDOWS\WinSxS\amd64_microsoft.windows.common-controls_6595b64144ccf1df_6.0.22621.2506_none_270c5ae97388e100;C:\Program Files\Microsoft\jdk-11.0.20.8-hotspot\bin\server;C:\Users\ASUS\.gradle\native\68d5fa5c4cc2d200863cafc0d521ce42e7d3e7ee720ec0a83991735586a16f82\windows-amd64;C:\Users\ASUS\.gradle\native\e376f236ea51e6404a007f0833ffe2c6e607c4080706a723a18a27aeea778392\windows-amd64

VM Arguments:
jvm_args: -XX:MaxMetaspaceSize=512m --add-opens=java.base/java.util=ALL-UNNAMED --add-opens=java.base/java.lang=ALL-UNNAMED --add-opens=java.base/java.lang.invoke=ALL-UNNAMED --add-opens=java.prefs/java.util.prefs=ALL-UNNAMED --add-opens=java.base/java.nio.charset=ALL-UNNAMED --add-opens=java.base/java.net=ALL-UNNAMED --add-opens=java.base/java.util.concurrent.atomic=ALL-UNNAMED -Xmx2048m -Dfile.encoding=windows-1252 -Duser.country=US -Duser.language=en -Duser.variant 
java_command: org.gradle.launcher.daemon.bootstrap.GradleDaemon 8.0.1
java_class_path (initial): C:\Users\ASUS\.gradle\wrapper\dists\gradle-8.0.1-all\aro4hu1c3oeioove7l0i4i14o\gradle-8.0.1\lib\gradle-launcher-8.0.1.jar
Launcher Type: SUN_STANDARD

[Global flags]
     intx CICompilerCount                          = 3                                         {product} {ergonomic}
   size_t CompressedClassSpaceSize                 = 528482304                                 {product} {ergonomic}
     uint ConcGCThreads                            = 1                                         {product} {ergonomic}
     uint G1ConcRefinementThreads                  = 4                                         {product} {ergonomic}
   size_t G1HeapRegionSize                         = 1048576                                   {product} {ergonomic}
    uintx GCDrainStackTargetSize                   = 64                                        {product} {ergonomic}
   size_t InitialHeapSize                          = 62914560                                  {product} {ergonomic}
   size_t MarkStackSize                            = 4194304                                   {product} {ergonomic}
   size_t MaxHeapSize                              = 2147483648                                {product} {command line}
   size_t MaxMetaspaceSize                         = 536870912                                 {product} {command line}
   size_t MaxNewSize                               = 1287651328                                {product} {ergonomic}
   size_t MinHeapDeltaBytes                        = 1048576                                   {product} {ergonomic}
    uintx NonNMethodCodeHeapSize                   = 5830732                                {pd product} {ergonomic}
    uintx NonProfiledCodeHeapSize                  = 122913754                              {pd product} {ergonomic}
    uintx ProfiledCodeHeapSize                     = 122913754                              {pd product} {ergonomic}
    uintx ReservedCodeCacheSize                    = 251658240                              {pd product} {ergonomic}
     bool SegmentedCodeCache                       = true                                      {product} {ergonomic}
     bool UseCompressedClassPointers               = true                                 {lp64_product} {ergonomic}
     bool UseCompressedOops                        = true                                 {lp64_product} {ergonomic}
     bool UseG1GC                                  = true                                      {product} {ergonomic}
     bool UseLargePagesIndividualAllocation        = false                                  {pd product} {ergonomic}

Logging:
Log output configuration:
 #0: stdout all=warning uptime,level,tags
 #1: stderr all=off uptime,level,tags

Environment Variables:
JAVA_HOME=C:\Program Files\Microsoft\jdk-11.0.20.8-hotspot\
CLASSPATH=C:\Users\ASUS\OneDrive\Dokumen\SEMS 5\project\MarkieBakery\android\\gradle\wrapper\gradle-wrapper.jar
PATH=C:\Users\ASUS\OneDrive\Dokumen\SEMS 5\project\MarkieBakery\node_modules\.bin;C:\Users\ASUS\OneDrive\Dokumen\SEMS 5\project\MarkieBakery\node_modules\.bin;C:\Users\ASUS\OneDrive\Dokumen\SEMS 5\project\node_modules\.bin;C:\Users\ASUS\OneDrive\Dokumen\SEMS 5\node_modules\.bin;C:\Users\ASUS\OneDrive\Dokumen\node_modules\.bin;C:\Users\ASUS\OneDrive\node_modules\.bin;C:\Users\ASUS\node_modules\.bin;C:\Users\node_modules\.bin;C:\node_modules\.bin;C:\Users\ASUS\AppData\Roaming\npm\node_modules\npm\node_modules\@npmcli\run-script\lib\node-gyp-bin;C:\Users\ASUS\OneDrive\Dokumen\SEMS 5\project\MarkieBakery\node_modules\.bin;C:\Users\ASUS\OneDrive\Dokumen\SEMS 5\project\MarkieBakery\node_modules\.bin;C:\Users\ASUS\OneDrive\Dokumen\SEMS 5\project\node_modules\.bin;C:\Users\ASUS\OneDrive\Dokumen\SEMS 5\node_modules\.bin;C:\Users\ASUS\OneDrive\Dokumen\node_modules\.bin;C:\Users\ASUS\OneDrive\node_modules\.bin;C:\Users\ASUS\node_modules\.bin;C:\Users\node_modules\.bin;C:\node_modules\.bin;C:\Users\ASUS\AppData\Roaming\npm\node_modules\npm\node_modules\@npmcli\run-script\lib\node-gyp-bin;C:\Program Files\Microsoft\jdk-11.0.20.8-hotspot\bin;C:\Program Files (x86)\Seagate Software\NOTES\;C:\Program Files (x86)\Seagate Software\NOTES\DATA\;C:\Program Files (x86)\Borland\Delphi for .NET Preview\aspx\bin\;C:\Program Files (x86)\Borland\Delphi for .NET Preview\aspx\framework\;C:\Program Files (x86)\Borland\Delphi for .NET Preview\bin\;C:\Program Files (x86)\Borland\Delphi7\Bin;C:\Program Files (x86)\Borland\Delphi7\Projects\Bpl\;C:\ProgramData\Oracle\Java\javapath;C:\WINDOWS\system32;C:\WINDOWS;C:\WINDOWS\System32\Wbem;C:\WINDOWS\System32\WindowsPowerShell\v1.0\;C:\WINDOWS\System32\OpenSSH\;C:\Program Files\dotnet\;C:\Program Files\Microsoft SQL Server\120\DTS\Binn\;C:\Program Files\Microsoft SQL Server\Client SDK\ODBC\110\Tools\Binn\;C:\Program Files (x86)\Microsoft SQL Server\120\Tools\Binn\;C:\Program Files\Microsoft SQL Server\120\Tools\Binn\;C:\Program Files (x86)\Microsoft SQL Ser
USERNAME=ASUS
LANG=en_US.UTF-8
OS=Windows_NT
PROCESSOR_IDENTIFIER=Intel64 Family 6 Model 126 Stepping 5, GenuineIntel
TMP=C:\Users\ASUS\AppData\Local\Temp
TEMP=C:\Users\ASUS\AppData\Local\Temp



---------------  S Y S T E M  ---------------

OS: Windows 11 , 64 bit Build 22621 (10.0.22621.2506)
OS uptime: 1 days 10:31 hours

CPU:total 4 (initial active 4) (2 cores per cpu, 2 threads per core) family 6 model 126 stepping 5 microcode 0xa6, cmov, cx8, fxsr, mmx, sse, sse2, sse3, ssse3, sse4.1, sse4.2, popcnt, avx, avx2, aes, clmul, erms, 3dnowpref, lzcnt, ht, tsc, tscinvbit, bmi1, bmi2, adx, evex, sha, fma

Memory: 4k page, system-wide physical 3836M (82M free)
TotalPageFile size 15612M (AvailPageFile size 2M)
current process WorkingSet (physical memory assigned to process): 117M, peak: 117M
current process commit charge ("private bytes"): 196M, peak: 196M

vm_info: OpenJDK 64-Bit Server VM (11.0.20+8-LTS) for windows-amd64 JRE (11.0.20+8-LTS), built on Jul  7 2023 17:05:21 by "MicrosoftCorporation" with MS VC++ 15.9 (VS2017)

END.
