#
# There is insufficient memory for the Java Runtime Environment to continue.
# Native memory allocation (malloc) failed to allocate 154256 bytes for Chunk::new
# Possible reasons:
#   The system is out of physical RAM or swap space
#   The process is running with CompressedOops enabled, and the Java Heap may be blocking the growth of the native heap
# Possible solutions:
#   Reduce memory load on the system
#   Increase physical memory or swap space
#   Check if swap backing store is full
#   Decrease Java heap size (-Xmx/-Xms)
#   Decrease number of Java threads
#   Decrease Java thread stack sizes (-Xss)
#   Set larger code cache with -XX:ReservedCodeCacheSize=
#   JVM is running with Unscaled Compressed Oops mode in which the Java heap is
#     placed in the first 4GB address space. The Java Heap base address is the
#     maximum limit for the native heap growth. Please use -XX:HeapBaseMinAddress
#     to set the Java Heap base and to place the Java Heap above 4GB virtual address.
# This output file may be truncated or incomplete.
#
#  Out of Memory Error (arena.cpp:197), pid=13888, tid=3976
#
# JRE version: OpenJDK Runtime Environment Microsoft-8035250 (11.0.20+8) (build 11.0.20+8-LTS)
# Java VM: OpenJDK 64-Bit Server VM Microsoft-8035250 (11.0.20+8-LTS, mixed mode, tiered, compressed oops, g1 gc, windows-amd64)
# No core dump will be written. Minidumps are not enabled by default on client versions of Windows
#

---------------  S U M M A R Y ------------

Command Line: org.jetbrains.kotlin.cli.jvm.K2JVMCompiler @C:\Users\ASUS\OneDrive\Dokumen\SEMS 5\project\MarkieBakery\node_modules\react-native-gesture-handler\android\build\20231218_14345999596221804212.compiler.options

Host: Intel(R) Core(TM) i3-1005G1 CPU @ 1.20GHz, 4 cores, 3G,  Windows 11 , 64 bit Build 22621 (10.0.22621.2506)
Time: Mon Dec 18 10:14:17 2023 SE Asia Standard Time elapsed time: 21.938878 seconds (0d 0h 0m 21s)

---------------  T H R E A D  ---------------

Current thread (0x0000028a3e553800):  JavaThread "C2 CompilerThread0" daemon [_thread_in_native, id=3976, stack(0x000000f3d2600000,0x000000f3d2700000)]


Current CompileTask:
C2:  21939 2298       4       org.jetbrains.kotlin.com.intellij.openapi.vfs.impl.ZipEntryMap::put (80 bytes)

Stack: [0x000000f3d2600000,0x000000f3d2700000]
Native frames: (J=compiled Java code, j=interpreted, Vv=VM code, C=native code)
V  [jvm.dll+0x62e9da]
V  [jvm.dll+0x7bc4e9]
V  [jvm.dll+0x7bdbd8]
V  [jvm.dll+0x7be2b3]
V  [jvm.dll+0x2505a8]
V  [jvm.dll+0xc263c]
V  [jvm.dll+0xc2bfc]
V  [jvm.dll+0x35fdc7]
V  [jvm.dll+0x32bf13]
V  [jvm.dll+0x32b24a]
V  [jvm.dll+0x2097e3]
V  [jvm.dll+0x20893d]
V  [jvm.dll+0x18a7de]
V  [jvm.dll+0x2181ec]
V  [jvm.dll+0x21642b]
V  [jvm.dll+0x77efc0]
V  [jvm.dll+0x777db4]
V  [jvm.dll+0x62d845]
C  [ucrtbase.dll+0x29363]
C  [KERNEL32.DLL+0x1257d]
C  [ntdll.dll+0x5aa58]


---------------  P R O C E S S  ---------------

Threads class SMR info:
_java_thread_list=0x0000028a3e7f64e0, length=10, elements={
0x0000028a21e42000, 0x0000028a3e539800, 0x0000028a3e53a800, 0x0000028a3e5ab800,
0x0000028a3e5ad000, 0x0000028a3e5b1000, 0x0000028a3e553800, 0x0000028a3e558000,
0x0000028a3e5cb000, 0x0000028a3e80f000
}

Java Threads: ( => current thread )
  0x0000028a21e42000 JavaThread "main" [_thread_in_native, id=7784, stack(0x000000f3d1a00000,0x000000f3d1b00000)]
  0x0000028a3e539800 JavaThread "Reference Handler" daemon [_thread_blocked, id=3984, stack(0x000000f3d2100000,0x000000f3d2200000)]
  0x0000028a3e53a800 JavaThread "Finalizer" daemon [_thread_blocked, id=14812, stack(0x000000f3d2200000,0x000000f3d2300000)]
  0x0000028a3e5ab800 JavaThread "Signal Dispatcher" daemon [_thread_blocked, id=11792, stack(0x000000f3d2300000,0x000000f3d2400000)]
  0x0000028a3e5ad000 JavaThread "Attach Listener" daemon [_thread_blocked, id=22700, stack(0x000000f3d2400000,0x000000f3d2500000)]
  0x0000028a3e5b1000 JavaThread "Service Thread" daemon [_thread_blocked, id=12396, stack(0x000000f3d2500000,0x000000f3d2600000)]
=>0x0000028a3e553800 JavaThread "C2 CompilerThread0" daemon [_thread_in_native, id=3976, stack(0x000000f3d2600000,0x000000f3d2700000)]
  0x0000028a3e558000 JavaThread "C1 CompilerThread0" daemon [_thread_blocked, id=2676, stack(0x000000f3d2700000,0x000000f3d2800000)]
  0x0000028a3e5cb000 JavaThread "Sweeper thread" daemon [_thread_blocked, id=11732, stack(0x000000f3d2800000,0x000000f3d2900000)]
  0x0000028a3e80f000 JavaThread "Common-Cleaner" daemon [_thread_blocked, id=21260, stack(0x000000f3d2a00000,0x000000f3d2b00000)]

Other Threads:
  0x0000028a3e516800 VMThread "VM Thread" [stack: 0x000000f3d2000000,0x000000f3d2100000] [id=988]
  0x0000028a3e806800 WatcherThread [stack: 0x000000f3d2900000,0x000000f3d2a00000] [id=11224]
  0x0000028a21e5b800 GCTaskThread "GC Thread#0" [stack: 0x000000f3d1b00000,0x000000f3d1c00000] [id=14668]
  0x0000028a3ebe2800 GCTaskThread "GC Thread#1" [stack: 0x000000f3d2b00000,0x000000f3d2c00000] [id=23068]
  0x0000028a21e74800 ConcurrentGCThread "G1 Main Marker" [stack: 0x000000f3d1c00000,0x000000f3d1d00000] [id=11624]
  0x0000028a21e76000 ConcurrentGCThread "G1 Conc#0" [stack: 0x000000f3d1d00000,0x000000f3d1e00000] [id=8884]
  0x0000028a21ebd800 ConcurrentGCThread "G1 Refine#0" [stack: 0x000000f3d1e00000,0x000000f3d1f00000] [id=16396]
  0x0000028a21ebe800 ConcurrentGCThread "G1 Young RemSet Sampling" [stack: 0x000000f3d1f00000,0x000000f3d2000000] [id=23480]

Threads with active compile tasks:
C2 CompilerThread0    22048 2298       4       org.jetbrains.kotlin.com.intellij.openapi.vfs.impl.ZipEntryMap::put (80 bytes)

VM state:not at safepoint (normal execution)

VM Mutex/Monitor currently owned by a thread: None

Heap address: 0x00000000c4000000, size: 960 MB, Compressed Oops mode: 32-bit
Narrow klass base: 0x0000000000000000, Narrow klass shift: 3
Compressed class space size: 1073741824 Address: 0x0000000100000000

Heap:
 garbage-first heap   total 61440K, used 23331K [0x00000000c4000000, 0x0000000100000000)
  region size 1024K, 14 young (14336K), 3 survivors (3072K)
 Metaspace       used 30625K, capacity 31094K, committed 31232K, reserved 1077248K
  class space    used 3588K, capacity 3764K, committed 3840K, reserved 1048576K
Heap Regions: E=young(eden), S=young(survivor), O=old, HS=humongous(starts), HC=humongous(continues), CS=collection set, F=free, A=archive, TAMS=top-at-mark-start (previous, next)
|   0|0x00000000c4000000, 0x00000000c4100000, 0x00000000c4100000|100%|HS|  |TAMS 0x00000000c4100000, 0x00000000c4000000| Complete 
|   1|0x00000000c4100000, 0x00000000c4200000, 0x00000000c4200000|100%|HC|  |TAMS 0x00000000c4200000, 0x00000000c4100000| Complete 
|   2|0x00000000c4200000, 0x00000000c4300000, 0x00000000c4300000|100%|HC|  |TAMS 0x00000000c4300000, 0x00000000c4200000| Complete 
|   3|0x00000000c4300000, 0x00000000c4400000, 0x00000000c4400000|100%| O|  |TAMS 0x00000000c4400000, 0x00000000c4300000| Untracked 
|   4|0x00000000c4400000, 0x00000000c4500000, 0x00000000c4500000|100%| O|  |TAMS 0x00000000c4500000, 0x00000000c4400000| Untracked 
|   5|0x00000000c4500000, 0x00000000c4600000, 0x00000000c4600000|100%| O|  |TAMS 0x00000000c4600000, 0x00000000c4500000| Untracked 
|   6|0x00000000c4600000, 0x00000000c4700000, 0x00000000c4700000|100%| O|  |TAMS 0x00000000c4700000, 0x00000000c4600000| Untracked 
|   7|0x00000000c4700000, 0x00000000c4800000, 0x00000000c4800000|100%| O|  |TAMS 0x00000000c4800000, 0x00000000c4700000| Untracked 
|   8|0x00000000c4800000, 0x00000000c4888600, 0x00000000c4900000| 53%| O|  |TAMS 0x00000000c4888600, 0x00000000c4800000| Untracked 
|   9|0x00000000c4900000, 0x00000000c4a00000, 0x00000000c4a00000|100%|HS|  |TAMS 0x00000000c4900000, 0x00000000c4900000| Complete 
|  10|0x00000000c4a00000, 0x00000000c4b00000, 0x00000000c4b00000|100%|HC|  |TAMS 0x00000000c4a00000, 0x00000000c4a00000| Complete 
|  11|0x00000000c4b00000, 0x00000000c4c00000, 0x00000000c4c00000|100%|HC|  |TAMS 0x00000000c4b00000, 0x00000000c4b00000| Complete 
|  12|0x00000000c4c00000, 0x00000000c4c00000, 0x00000000c4d00000|  0%| F|  |TAMS 0x00000000c4c00000, 0x00000000c4c00000| Untracked 
|  13|0x00000000c4d00000, 0x00000000c4d00000, 0x00000000c4e00000|  0%| F|  |TAMS 0x00000000c4d00000, 0x00000000c4d00000| Untracked 
|  14|0x00000000c4e00000, 0x00000000c4e00000, 0x00000000c4f00000|  0%| F|  |TAMS 0x00000000c4e00000, 0x00000000c4e00000| Untracked 
|  15|0x00000000c4f00000, 0x00000000c4f00000, 0x00000000c5000000|  0%| F|  |TAMS 0x00000000c4f00000, 0x00000000c4f00000| Untracked 
|  16|0x00000000c5000000, 0x00000000c5000000, 0x00000000c5100000|  0%| F|  |TAMS 0x00000000c5000000, 0x00000000c5000000| Untracked 
|  17|0x00000000c5100000, 0x00000000c5100000, 0x00000000c5200000|  0%| F|  |TAMS 0x00000000c5100000, 0x00000000c5100000| Untracked 
|  18|0x00000000c5200000, 0x00000000c5200000, 0x00000000c5300000|  0%| F|  |TAMS 0x00000000c5200000, 0x00000000c5200000| Untracked 
|  19|0x00000000c5300000, 0x00000000c5300000, 0x00000000c5400000|  0%| F|  |TAMS 0x00000000c5300000, 0x00000000c5300000| Untracked 
|  20|0x00000000c5400000, 0x00000000c5400000, 0x00000000c5500000|  0%| F|  |TAMS 0x00000000c5400000, 0x00000000c5400000| Untracked 
|  21|0x00000000c5500000, 0x00000000c5500000, 0x00000000c5600000|  0%| F|  |TAMS 0x00000000c5500000, 0x00000000c5500000| Untracked 
|  22|0x00000000c5600000, 0x00000000c5600000, 0x00000000c5700000|  0%| F|  |TAMS 0x00000000c5600000, 0x00000000c5600000| Untracked 
|  23|0x00000000c5700000, 0x00000000c5700000, 0x00000000c5800000|  0%| F|  |TAMS 0x00000000c5700000, 0x00000000c5700000| Untracked 
|  24|0x00000000c5800000, 0x00000000c5800000, 0x00000000c5900000|  0%| F|  |TAMS 0x00000000c5800000, 0x00000000c5800000| Untracked 
|  25|0x00000000c5900000, 0x00000000c5900000, 0x00000000c5a00000|  0%| F|  |TAMS 0x00000000c5900000, 0x00000000c5900000| Untracked 
|  26|0x00000000c5a00000, 0x00000000c5a00000, 0x00000000c5b00000|  0%| F|  |TAMS 0x00000000c5a00000, 0x00000000c5a00000| Untracked 
|  27|0x00000000c5b00000, 0x00000000c5b00000, 0x00000000c5c00000|  0%| F|  |TAMS 0x00000000c5b00000, 0x00000000c5b00000| Untracked 
|  28|0x00000000c5c00000, 0x00000000c5c00000, 0x00000000c5d00000|  0%| F|  |TAMS 0x00000000c5c00000, 0x00000000c5c00000| Untracked 
|  29|0x00000000c5d00000, 0x00000000c5d00000, 0x00000000c5e00000|  0%| F|  |TAMS 0x00000000c5d00000, 0x00000000c5d00000| Untracked 
|  30|0x00000000c5e00000, 0x00000000c5e00000, 0x00000000c5f00000|  0%| F|  |TAMS 0x00000000c5e00000, 0x00000000c5e00000| Untracked 
|  31|0x00000000c5f00000, 0x00000000c5f00000, 0x00000000c6000000|  0%| F|  |TAMS 0x00000000c5f00000, 0x00000000c5f00000| Untracked 
|  32|0x00000000c6000000, 0x00000000c6000000, 0x00000000c6100000|  0%| F|  |TAMS 0x00000000c6000000, 0x00000000c6000000| Untracked 
|  33|0x00000000c6100000, 0x00000000c6100000, 0x00000000c6200000|  0%| F|  |TAMS 0x00000000c6100000, 0x00000000c6100000| Untracked 
|  34|0x00000000c6200000, 0x00000000c62408a0, 0x00000000c6300000| 25%| S|CS|TAMS 0x00000000c6200000, 0x00000000c6200000| Complete 
|  35|0x00000000c6300000, 0x00000000c6400000, 0x00000000c6400000|100%| S|CS|TAMS 0x00000000c6300000, 0x00000000c6300000| Complete 
|  36|0x00000000c6400000, 0x00000000c6500000, 0x00000000c6500000|100%| S|CS|TAMS 0x00000000c6400000, 0x00000000c6400000| Complete 
|  37|0x00000000c6500000, 0x00000000c6500000, 0x00000000c6600000|  0%| F|  |TAMS 0x00000000c6500000, 0x00000000c6500000| Untracked 
|  38|0x00000000c6600000, 0x00000000c6600000, 0x00000000c6700000|  0%| F|  |TAMS 0x00000000c6600000, 0x00000000c6600000| Untracked 
|  39|0x00000000c6700000, 0x00000000c6700000, 0x00000000c6800000|  0%| F|  |TAMS 0x00000000c6700000, 0x00000000c6700000| Untracked 
|  40|0x00000000c6800000, 0x00000000c6800000, 0x00000000c6900000|  0%| F|  |TAMS 0x00000000c6800000, 0x00000000c6800000| Untracked 
|  41|0x00000000c6900000, 0x00000000c6900000, 0x00000000c6a00000|  0%| F|  |TAMS 0x00000000c6900000, 0x00000000c6900000| Untracked 
|  42|0x00000000c6a00000, 0x00000000c6a00000, 0x00000000c6b00000|  0%| F|  |TAMS 0x00000000c6a00000, 0x00000000c6a00000| Untracked 
|  43|0x00000000c6b00000, 0x00000000c6b00000, 0x00000000c6c00000|  0%| F|  |TAMS 0x00000000c6b00000, 0x00000000c6b00000| Untracked 
|  44|0x00000000c6c00000, 0x00000000c6c00000, 0x00000000c6d00000|  0%| F|  |TAMS 0x00000000c6c00000, 0x00000000c6c00000| Untracked 
|  45|0x00000000c6d00000, 0x00000000c6d00000, 0x00000000c6e00000|  0%| F|  |TAMS 0x00000000c6d00000, 0x00000000c6d00000| Untracked 
|  46|0x00000000c6e00000, 0x00000000c6e00000, 0x00000000c6f00000|  0%| F|  |TAMS 0x00000000c6e00000, 0x00000000c6e00000| Untracked 
|  47|0x00000000c6f00000, 0x00000000c6f00000, 0x00000000c7000000|  0%| F|  |TAMS 0x00000000c6f00000, 0x00000000c6f00000| Untracked 
|  48|0x00000000c7000000, 0x00000000c7000000, 0x00000000c7100000|  0%| F|  |TAMS 0x00000000c7000000, 0x00000000c7000000| Untracked 
|  49|0x00000000c7100000, 0x00000000c7200000, 0x00000000c7200000|100%| E|  |TAMS 0x00000000c7100000, 0x00000000c7100000| Complete 
|  50|0x00000000c7200000, 0x00000000c7300000, 0x00000000c7300000|100%| E|CS|TAMS 0x00000000c7200000, 0x00000000c7200000| Complete 
|  51|0x00000000c7300000, 0x00000000c7400000, 0x00000000c7400000|100%| E|CS|TAMS 0x00000000c7300000, 0x00000000c7300000| Complete 
|  52|0x00000000c7400000, 0x00000000c7500000, 0x00000000c7500000|100%| E|CS|TAMS 0x00000000c7400000, 0x00000000c7400000| Complete 
|  53|0x00000000c7500000, 0x00000000c7600000, 0x00000000c7600000|100%| E|CS|TAMS 0x00000000c7500000, 0x00000000c7500000| Complete 
|  54|0x00000000c7600000, 0x00000000c7700000, 0x00000000c7700000|100%| E|CS|TAMS 0x00000000c7600000, 0x00000000c7600000| Complete 
|  55|0x00000000c7700000, 0x00000000c7800000, 0x00000000c7800000|100%| E|CS|TAMS 0x00000000c7700000, 0x00000000c7700000| Complete 
|  56|0x00000000c7800000, 0x00000000c7900000, 0x00000000c7900000|100%| E|CS|TAMS 0x00000000c7800000, 0x00000000c7800000| Complete 
|  57|0x00000000c7900000, 0x00000000c7a00000, 0x00000000c7a00000|100%| E|  |TAMS 0x00000000c7900000, 0x00000000c7900000| Complete 
|  58|0x00000000c7a00000, 0x00000000c7b00000, 0x00000000c7b00000|100%| E|CS|TAMS 0x00000000c7a00000, 0x00000000c7a00000| Complete 
|  59|0x00000000c7b00000, 0x00000000c7c00000, 0x00000000c7c00000|100%| E|CS|TAMS 0x00000000c7b00000, 0x00000000c7b00000| Complete 

Card table byte_map: [0x0000028a395b0000,0x0000028a39790000] _byte_map_base: 0x0000028a38f90000

Marking Bits (Prev, Next): (CMBitMap*) 0x0000028a21e6fcd0, (CMBitMap*) 0x0000028a21e6fc98
 Prev Bits: [0x0000028a3a870000, 0x0000028a3b770000)
 Next Bits: [0x0000028a39970000, 0x0000028a3a870000)

Polling page: 0x0000028a1ffb0000

Metaspace:

Usage:
  Non-class:     26.69 MB capacity,    26.40 MB ( 99%) used,   246.13 KB ( <1%) free+waste,    47.31 KB ( <1%) overhead. 
      Class:      3.68 MB capacity,     3.50 MB ( 95%) used,   152.41 KB (  4%) free+waste,    22.63 KB ( <1%) overhead. 
       Both:     30.37 MB capacity,    29.91 MB ( 98%) used,   398.54 KB (  1%) free+waste,    69.94 KB ( <1%) overhead. 

Virtual space:
  Non-class space:       28.00 MB reserved,      26.75 MB ( 96%) committed 
      Class space:        1.00 GB reserved,       3.75 MB ( <1%) committed 
             Both:        1.03 GB reserved,      30.50 MB (  3%) committed 

Chunk freelists:
   Non-Class:  62.00 KB
       Class:  12.00 KB
        Both:  74.00 KB

MaxMetaspaceSize: 17179869184.00 GB
CompressedClassSpaceSize: 1.00 GB
Initial GC threshold: 20.80 MB
Current GC threshold: 35.00 MB
CDS: off

CodeHeap 'non-profiled nmethods': size=120064Kb used=892Kb max_used=892Kb free=119171Kb
 bounds [0x0000028a32070000, 0x0000028a322e0000, 0x0000028a395b0000]
CodeHeap 'profiled nmethods': size=120000Kb used=4446Kb max_used=4446Kb free=115553Kb
 bounds [0x0000028a2ab40000, 0x0000028a2afa0000, 0x0000028a32070000]
CodeHeap 'non-nmethods': size=5696Kb used=1248Kb max_used=1293Kb free=4447Kb
 bounds [0x0000028a2a5b0000, 0x0000028a2a820000, 0x0000028a2ab40000]
 total_blobs=2809 nmethods=2292 adapters=429
 compilation: enabled
              stopped_count=0, restarted_count=0
 full_count=0

Compilation events (20 events):
Event: 21.501 Thread 0x0000028a3e558000 nmethod 2288 0x0000028a2af94910 code [0x0000028a2af94b40, 0x0000028a2af95228]
Event: 21.506 Thread 0x0000028a3e553800 2289       4       java.lang.AbstractStringBuilder::appendChars (133 bytes)
Event: 21.510 Thread 0x0000028a3e553800 nmethod 2289 0x0000028a3214be90 code [0x0000028a3214c040, 0x0000028a3214c308]
Event: 21.514 Thread 0x0000028a3e553800 2290       4       java.util.zip.ZipFile::getZipEntry (325 bytes)
Event: 21.596 Thread 0x0000028a3e553800 nmethod 2290 0x0000028a3214c510 code [0x0000028a3214c720, 0x0000028a3214dd68]
Event: 21.630 Thread 0x0000028a3e558000 2291       3       org.jetbrains.kotlin.com.intellij.openapi.vfs.impl.ZipEntryMap::getRelativePath (94 bytes)
Event: 21.631 Thread 0x0000028a3e558000 nmethod 2291 0x0000028a2af95410 code [0x0000028a2af956c0, 0x0000028a2af96278]
Event: 21.650 Thread 0x0000028a3e558000 2292       3       java.io.File::isDirectory (43 bytes)
Event: 21.650 Thread 0x0000028a3e558000 nmethod 2292 0x0000028a2af96690 code [0x0000028a2af96880, 0x0000028a2af96c28]
Event: 21.681 Thread 0x0000028a3e558000 2293       1       org.jetbrains.kotlin.com.intellij.util.containers.hash.LinkedHashMap$Entry::access$200 (5 bytes)
Event: 21.681 Thread 0x0000028a3e558000 nmethod 2293 0x0000028a3214e810 code [0x0000028a3214e9c0, 0x0000028a3214ea58]
Event: 21.706 Thread 0x0000028a3e558000 2294       3       java.io.ExpiringCache::entryFor (57 bytes)
Event: 21.707 Thread 0x0000028a3e558000 nmethod 2294 0x0000028a2af96d90 code [0x0000028a2af96f80, 0x0000028a2af97438]
Event: 21.729 Thread 0x0000028a3e558000 2295       3       java.nio.DirectLongBufferU::ix (10 bytes)
Event: 21.729 Thread 0x0000028a3e558000 nmethod 2295 0x0000028a2af97590 code [0x0000028a2af97740, 0x0000028a2af97858]
Event: 21.907 Thread 0x0000028a3e558000 2296       1       org.jetbrains.kotlin.com.intellij.util.containers.hash.LinkedHashMap$Entry::access$100 (5 bytes)
Event: 21.907 Thread 0x0000028a3e558000 nmethod 2296 0x0000028a3214eb10 code [0x0000028a3214ecc0, 0x0000028a3214ed58]
Event: 21.907 Thread 0x0000028a3e558000 2297       1       org.jetbrains.kotlin.com.intellij.util.containers.hash.LinkedHashMap$Entry::access$000 (5 bytes)
Event: 21.907 Thread 0x0000028a3e558000 nmethod 2297 0x0000028a3214ee10 code [0x0000028a3214efc0, 0x0000028a3214f058]
Event: 21.914 Thread 0x0000028a3e553800 2298       4       org.jetbrains.kotlin.com.intellij.openapi.vfs.impl.ZipEntryMap::put (80 bytes)

GC Heap History (8 events):
Event: 3.488 GC heap before
{Heap before GC invocations=0 (full 0):
 garbage-first heap   total 61440K, used 17408K [0x00000000c4000000, 0x0000000100000000)
  region size 1024K, 14 young (14336K), 0 survivors (0K)
 Metaspace       used 9881K, capacity 9970K, committed 10112K, reserved 1058816K
  class space    used 825K, capacity 853K, committed 896K, reserved 1048576K
}
Event: 3.632 GC heap after
{Heap after GC invocations=1 (full 0):
 garbage-first heap   total 61440K, used 5397K [0x00000000c4000000, 0x0000000100000000)
  region size 1024K, 2 young (2048K), 2 survivors (2048K)
 Metaspace       used 9881K, capacity 9970K, committed 10112K, reserved 1058816K
  class space    used 825K, capacity 853K, committed 896K, reserved 1048576K
}
Event: 8.430 GC heap before
{Heap before GC invocations=1 (full 0):
 garbage-first heap   total 61440K, used 40213K [0x00000000c4000000, 0x0000000100000000)
  region size 1024K, 36 young (36864K), 2 survivors (2048K)
 Metaspace       used 17664K, capacity 17834K, committed 18048K, reserved 1064960K
  class space    used 1748K, capacity 1799K, committed 1920K, reserved 1048576K
}
Event: 8.446 GC heap after
{Heap after GC invocations=2 (full 0):
 garbage-first heap   total 61440K, used 8713K [0x00000000c4000000, 0x0000000100000000)
  region size 1024K, 5 young (5120K), 5 survivors (5120K)
 Metaspace       used 17664K, capacity 17834K, committed 18048K, reserved 1064960K
  class space    used 1748K, capacity 1799K, committed 1920K, reserved 1048576K
}
Event: 12.540 GC heap before
{Heap before GC invocations=2 (full 0):
 garbage-first heap   total 61440K, used 19977K [0x00000000c4000000, 0x0000000100000000)
  region size 1024K, 17 young (17408K), 5 survivors (5120K)
 Metaspace       used 20989K, capacity 21182K, committed 21248K, reserved 1069056K
  class space    used 2199K, capacity 2280K, committed 2304K, reserved 1048576K
}
Event: 12.557 GC heap after
{Heap after GC invocations=3 (full 0):
 garbage-first heap   total 61440K, used 9761K [0x00000000c4000000, 0x0000000100000000)
  region size 1024K, 1 young (1024K), 1 survivors (1024K)
 Metaspace       used 20989K, capacity 21182K, committed 21248K, reserved 1069056K
  class space    used 2199K, capacity 2280K, committed 2304K, reserved 1048576K
}
Event: 18.135 GC heap before
{Heap before GC invocations=4 (full 0):
 garbage-first heap   total 61440K, used 34337K [0x00000000c4000000, 0x0000000100000000)
  region size 1024K, 23 young (23552K), 1 survivors (1024K)
 Metaspace       used 27752K, capacity 28191K, committed 28288K, reserved 1075200K
  class space    used 2969K, capacity 3138K, committed 3200K, reserved 1048576K
}
Event: 18.171 GC heap after
{Heap after GC invocations=5 (full 0):
 garbage-first heap   total 61440K, used 14115K [0x00000000c4000000, 0x0000000100000000)
  region size 1024K, 3 young (3072K), 3 survivors (3072K)
 Metaspace       used 27752K, capacity 28191K, committed 28288K, reserved 1075200K
  class space    used 2969K, capacity 3138K, committed 3200K, reserved 1048576K
}

Deoptimization events (20 events):
Event: 19.460 Thread 0x0000028a21e42000 DEOPT PACKING pc=0x0000028a3208d124 sp=0x000000f3d1afe240
Event: 19.460 Thread 0x0000028a21e42000 DEOPT UNPACKING pc=0x0000028a2a5b85af sp=0x000000f3d1afe1e0 mode 2
Event: 19.576 Thread 0x0000028a21e42000 Uncommon trap: trap_request=0xffffffde fr.pc=0x0000028a32111e04 relative=0x0000000000000064
Event: 19.576 Thread 0x0000028a21e42000 Uncommon trap: reason=class_check action=maybe_recompile pc=0x0000028a32111e04 method=java.util.LinkedHashMap.afterNodeInsertion(Z)V @ 15 c2
Event: 19.576 Thread 0x0000028a21e42000 DEOPT PACKING pc=0x0000028a32111e04 sp=0x000000f3d1afdfa0
Event: 19.577 Thread 0x0000028a21e42000 DEOPT UNPACKING pc=0x0000028a2a5b85af sp=0x000000f3d1afdf18 mode 2
Event: 19.577 Thread 0x0000028a21e42000 Uncommon trap: trap_request=0xffffffde fr.pc=0x0000028a32111e04 relative=0x0000000000000064
Event: 19.577 Thread 0x0000028a21e42000 Uncommon trap: reason=class_check action=maybe_recompile pc=0x0000028a32111e04 method=java.util.LinkedHashMap.afterNodeInsertion(Z)V @ 15 c2
Event: 19.577 Thread 0x0000028a21e42000 DEOPT PACKING pc=0x0000028a32111e04 sp=0x000000f3d1afdfa0
Event: 19.577 Thread 0x0000028a21e42000 DEOPT UNPACKING pc=0x0000028a2a5b85af sp=0x000000f3d1afdf18 mode 2
Event: 19.946 Thread 0x0000028a21e42000 DEOPT PACKING pc=0x0000028a2ae74fe8 sp=0x000000f3d1afe400
Event: 19.946 Thread 0x0000028a21e42000 DEOPT UNPACKING pc=0x0000028a2a5f9d0e sp=0x000000f3d1afd908 mode 0
Event: 20.233 Thread 0x0000028a21e42000 Uncommon trap: trap_request=0xffffff4d fr.pc=0x0000028a32144c1c relative=0x00000000000006fc
Event: 20.233 Thread 0x0000028a21e42000 Uncommon trap: reason=unstable_if action=reinterpret pc=0x0000028a32144c1c method=org.jetbrains.kotlin.com.intellij.openapi.vfs.impl.ZipEntryMap.isTheOne(Lorg/jetbrains/kotlin/com/intellij/openapi/vfs/impl/ArchiveHandler$EntryInfo;Ljava/lang/CharSequence;
Event: 20.233 Thread 0x0000028a21e42000 DEOPT PACKING pc=0x0000028a32144c1c sp=0x000000f3d1afe2d0
Event: 20.233 Thread 0x0000028a21e42000 DEOPT UNPACKING pc=0x0000028a2a5b85af sp=0x000000f3d1afe218 mode 2
Event: 20.503 Thread 0x0000028a21e42000 Uncommon trap: trap_request=0xffffff4d fr.pc=0x0000028a321431e4 relative=0x0000000000000464
Event: 20.503 Thread 0x0000028a21e42000 Uncommon trap: reason=unstable_if action=reinterpret pc=0x0000028a321431e4 method=org.jetbrains.kotlin.com.intellij.openapi.vfs.impl.ZipEntryMap.isTheOne(Lorg/jetbrains/kotlin/com/intellij/openapi/vfs/impl/ArchiveHandler$EntryInfo;Ljava/lang/CharSequence;
Event: 20.503 Thread 0x0000028a21e42000 DEOPT PACKING pc=0x0000028a321431e4 sp=0x000000f3d1afe270
Event: 20.503 Thread 0x0000028a21e42000 DEOPT UNPACKING pc=0x0000028a2a5b85af sp=0x000000f3d1afe220 mode 2

Classes redefined (0 events):
No events

Internal exceptions (20 events):
Event: 12.491 Thread 0x0000028a21e42000 Exception <a 'java/lang/NoSuchMethodError'{0x00000000c71a0250}: 'long java.lang.invoke.DirectMethodHandle$Holder.invokeStatic(java.lang.Object)'> (0x00000000c71a0250) thrown at [s\src\hotspot\share\interpreter\linkResolver.cpp, line 773]
Event: 12.492 Thread 0x0000028a21e42000 Exception <a 'java/lang/NoSuchMethodError'{0x00000000c71a30a8}: 'long java.lang.invoke.DirectMethodHandle$Holder.invokeStaticInit(java.lang.Object)'> (0x00000000c71a30a8) thrown at [s\src\hotspot\share\interpreter\linkResolver.cpp, line 773]
Event: 13.347 Thread 0x0000028a21e42000 Exception <a 'java/lang/NoSuchMethodError'{0x00000000c7815a30}: 'int java.lang.invoke.DirectMethodHandle$Holder.invokeStaticInit(java.lang.Object, java.lang.Object, java.lang.Object)'> (0x00000000c7815a30) thrown at [s\src\hotspot\share\interpreter\linkResolver.cpp, line 773]
Event: 13.391 Thread 0x0000028a21e42000 Exception <a 'java/lang/NoSuchMethodError'{0x00000000c78412d0}: 'int java.lang.invoke.DirectMethodHandle$Holder.invokeStaticInit(java.lang.Object, java.lang.Object)'> (0x00000000c78412d0) thrown at [s\src\hotspot\share\interpreter\linkResolver.cpp, line 773]
Event: 13.915 Thread 0x0000028a21e42000 Exception <a 'java/lang/NoSuchMethodError'{0x00000000c7656e90}: 'void java.lang.invoke.DirectMethodHandle$Holder.invokeSpecial(java.lang.Object, java.lang.Object)'> (0x00000000c7656e90) thrown at [s\src\hotspot\share\interpreter\linkResolver.cpp, line 773]
Event: 15.304 Thread 0x0000028a21e42000 Exception <a 'java/lang/NoSuchMethodError'{0x00000000c6d3c9d0}: 'java.lang.Object java.lang.invoke.DirectMethodHandle$Holder.invokeStatic(java.lang.Object, java.lang.Object, java.lang.Object, java.lang.Object, java.lang.Object, java.lang.Object, java.lang.Object, java.lang.Object, java.lang.Object, java.lang.Object, java.lang.Object, java.lang.Object, java.lang.Object, java.lang.Object, java.lang.Object)'> (0x00000000c6d3c9d0) thrown at [s\src\hotspot\share\interpreter\linkResolver.cpp, line 773]
Event: 15.330 Thread 0x0000028a21e42000 Exception <a 'java/lang/NoSuchMethodError'{0x00000000c6d4a9d8}: 'java.lang.Object java.lang.invoke.DirectMethodHandle$Holder.invokeStatic(java.lang.Object, java.lang.Object, java.lang.Object, java.lang.Object, java.lang.Object, java.lang.Object, java.lang.Object, java.lang.Object, java.lang.Object, java.lang.Object, java.lang.Object, java.lang.Object, java.lang.Object, java.lang.Object, java.lang.Object, java.lang.Object)'> (0x00000000c6d4a9d8) thrown at [s\src\hotspot\share\interpreter\linkResolver.cpp, l
Event: 15.334 Thread 0x0000028a21e42000 Exception <a 'java/lang/NoSuchMethodError'{0x00000000c6d588f0}: 'java.lang.Object java.lang.invoke.DirectMethodHandle$Holder.invokeSpecial(java.lang.Object, java.lang.Object, int, int, java.lang.Object, java.lang.Object, java.lang.Object)'> (0x00000000c6d588f0) thrown at [s\src\hotspot\share\interpreter\linkResolver.cpp, line 773]
Event: 15.335 Thread 0x0000028a21e42000 Exception <a 'java/lang/NoSuchMethodError'{0x00000000c6d5c128}: 'java.lang.Object java.lang.invoke.DelegatingMethodHandle$Holder.reinvoke_L(java.lang.Object, int, int, java.lang.Object, java.lang.Object, java.lang.Object)'> (0x00000000c6d5c128) thrown at [s\src\hotspot\share\interpreter\linkResolver.cpp, line 773]
Event: 15.338 Thread 0x0000028a21e42000 Exception <a 'java/lang/NoSuchMethodError'{0x00000000c6d604b0}: 'java.lang.Object java.lang.invoke.DirectMethodHandle$Holder.invokeStatic(java.lang.Object, java.lang.Object, java.lang.Object, java.lang.Object, int)'> (0x00000000c6d604b0) thrown at [s\src\hotspot\share\interpreter\linkResolver.cpp, line 773]
Event: 15.901 Thread 0x0000028a21e42000 Exception <a 'sun/nio/fs/WindowsException'{0x00000000c6ca2378}> (0x00000000c6ca2378) thrown at [s\src\hotspot\share\prims\jni.cpp, line 617]
Event: 15.921 Thread 0x0000028a21e42000 Exception <a 'sun/nio/fs/WindowsException'{0x00000000c6ca2bf0}> (0x00000000c6ca2bf0) thrown at [s\src\hotspot\share\prims\jni.cpp, line 617]
Event: 15.924 Thread 0x0000028a21e42000 Exception <a 'sun/nio/fs/WindowsException'{0x00000000c6ca3478}> (0x00000000c6ca3478) thrown at [s\src\hotspot\share\prims\jni.cpp, line 617]
Event: 15.927 Thread 0x0000028a21e42000 Exception <a 'sun/nio/fs/WindowsException'{0x00000000c6ca3e60}> (0x00000000c6ca3e60) thrown at [s\src\hotspot\share\prims\jni.cpp, line 617]
Event: 15.927 Thread 0x0000028a21e42000 Exception <a 'sun/nio/fs/WindowsException'{0x00000000c6ca4748}> (0x00000000c6ca4748) thrown at [s\src\hotspot\share\prims\jni.cpp, line 617]
Event: 15.928 Thread 0x0000028a21e42000 Exception <a 'sun/nio/fs/WindowsException'{0x00000000c6ca5080}> (0x00000000c6ca5080) thrown at [s\src\hotspot\share\prims\jni.cpp, line 617]
Event: 16.293 Thread 0x0000028a21e42000 Exception <a 'java/lang/NoSuchMethodError'{0x00000000c6cab840}: 'void java.lang.invoke.DirectMethodHandle$Holder.invokeStatic(java.lang.Object, java.lang.Object, java.lang.Object, java.lang.Object)'> (0x00000000c6cab840) thrown at [s\src\hotspot\share\interpreter\linkResolver.cpp, line 773]
Event: 17.279 Thread 0x0000028a21e42000 Exception <a 'java/lang/NoSuchMethodError'{0x00000000c688d9c0}: 'void java.lang.invoke.DirectMethodHandle$Holder.invokeStaticInit(java.lang.Object, java.lang.Object)'> (0x00000000c688d9c0) thrown at [s\src\hotspot\share\interpreter\linkResolver.cpp, line 773]
Event: 18.228 Thread 0x0000028a21e42000 Exception <a 'java/lang/NoSuchMethodError'{0x00000000c7bb0550}: 'void java.lang.invoke.DirectMethodHandle$Holder.invokeVirtual(java.lang.Object, java.lang.Object)'> (0x00000000c7bb0550) thrown at [s\src\hotspot\share\interpreter\linkResolver.cpp, line 773]
Event: 18.260 Thread 0x0000028a21e42000 Exception <a 'java/lang/NoSuchMethodError'{0x00000000c7a300a8}: 'int java.lang.invoke.DirectMethodHandle$Holder.invokeVirtual(java.lang.Object, java.lang.Object)'> (0x00000000c7a300a8) thrown at [s\src\hotspot\share\interpreter\linkResolver.cpp, line 773]

Events (20 events):
Event: 19.491 loading class org/jetbrains/kotlin/com/intellij/openapi/vfs/impl/jar/CoreJarVirtualFile
Event: 19.491 loading class org/jetbrains/kotlin/com/intellij/openapi/vfs/impl/jar/CoreJarVirtualFile done
Event: 19.491 loading class org/jetbrains/kotlin/com/intellij/openapi/vfs/impl/jar/CoreJarVirtualFile
Event: 19.491 loading class org/jetbrains/kotlin/com/intellij/openapi/vfs/impl/jar/CoreJarVirtualFile done
Event: 19.491 loading class org/jetbrains/kotlin/com/intellij/util/Function
Event: 19.491 loading class org/jetbrains/kotlin/com/intellij/util/Function done
Event: 19.492 loading class org/jetbrains/kotlin/com/intellij/util/containers/FactoryMap
Event: 19.492 loading class org/jetbrains/kotlin/com/intellij/util/containers/FactoryMap done
Event: 19.497 loading class org/jetbrains/kotlin/com/intellij/util/containers/FactoryMap$1
Event: 19.497 loading class org/jetbrains/kotlin/com/intellij/util/containers/FactoryMap$1 done
Event: 19.498 loading class org/jetbrains/kotlin/com/intellij/openapi/util/io/BufferExposingByteArrayInputStream
Event: 19.498 loading class org/jetbrains/kotlin/com/intellij/openapi/util/io/BufferExposingByteArrayInputStream done
Event: 19.506 loading class org/jetbrains/kotlin/com/intellij/util/io/UnsyncByteArrayInputStream
Event: 19.506 loading class org/jetbrains/kotlin/com/intellij/util/io/UnsyncByteArrayInputStream done
Event: 19.528 loading class org/jetbrains/kotlin/com/intellij/util/Function
Event: 19.528 loading class org/jetbrains/kotlin/com/intellij/util/Function done
Event: 19.529 loading class java/util/AbstractMap$SimpleEntry
Event: 19.531 loading class java/util/AbstractMap$SimpleEntry done
Event: 20.034 loading class java/io/RandomAccessFile$1
Event: 20.034 loading class java/io/RandomAccessFile$1 done


Dynamic libraries:
0x00007ff746040000 - 0x00007ff74604d000 	C:\Program Files\Microsoft\jdk-11.0.20.8-hotspot\bin\java.exe
0x00007fff03a10000 - 0x00007fff03c27000 	C:\WINDOWS\SYSTEM32\ntdll.dll
0x00007fff01dc0000 - 0x00007fff01e84000 	C:\WINDOWS\System32\KERNEL32.DLL
0x00007fff013b0000 - 0x00007fff01755000 	C:\WINDOWS\System32\KERNELBASE.dll
0x00007fff00d80000 - 0x00007fff00e91000 	C:\WINDOWS\System32\ucrtbase.dll
0x00007ffed9700000 - 0x00007ffed9715000 	C:\Program Files\Microsoft\jdk-11.0.20.8-hotspot\bin\VCRUNTIME140.dll
0x00007ffed9be0000 - 0x00007ffed9bf7000 	C:\Program Files\Microsoft\jdk-11.0.20.8-hotspot\bin\jli.dll
0x00007fff036c0000 - 0x00007fff0386e000 	C:\WINDOWS\System32\USER32.dll
0x00007fff00ea0000 - 0x00007fff00ec6000 	C:\WINDOWS\System32\win32u.dll
0x00007fff024a0000 - 0x00007fff024c9000 	C:\WINDOWS\System32\GDI32.dll
0x00007fff00ed0000 - 0x00007fff00fe9000 	C:\WINDOWS\System32\gdi32full.dll
0x00007fff00ff0000 - 0x00007fff0108a000 	C:\WINDOWS\System32\msvcp_win.dll
0x00007ffeec120000 - 0x00007ffeec3b3000 	C:\WINDOWS\WinSxS\amd64_microsoft.windows.common-controls_6595b64144ccf1df_6.0.22621.2506_none_270c5ae97388e100\COMCTL32.dll
0x00007fff02150000 - 0x00007fff021f7000 	C:\WINDOWS\System32\msvcrt.dll
0x00007fff01900000 - 0x00007fff01931000 	C:\WINDOWS\System32\IMM32.DLL
0x00007ffe9ba00000 - 0x00007ffe9ba9b000 	C:\Program Files\Microsoft\jdk-11.0.20.8-hotspot\bin\msvcp140.dll
0x00007ffe45470000 - 0x00007ffe46006000 	C:\Program Files\Microsoft\jdk-11.0.20.8-hotspot\bin\server\jvm.dll
0x00007fff024d0000 - 0x00007fff02581000 	C:\WINDOWS\System32\ADVAPI32.dll
0x00007fff02c10000 - 0x00007fff02cb6000 	C:\WINDOWS\System32\sechost.dll
0x00007fff02590000 - 0x00007fff026a7000 	C:\WINDOWS\System32\RPCRT4.dll
0x00007fff02cc0000 - 0x00007fff02cc8000 	C:\WINDOWS\System32\PSAPI.DLL
0x00007ffeeccd0000 - 0x00007ffeeccd9000 	C:\WINDOWS\SYSTEM32\WSOCK32.dll
0x00007fff03630000 - 0x00007fff036a1000 	C:\WINDOWS\System32\WS2_32.dll
0x00007ffef5750000 - 0x00007ffef5784000 	C:\WINDOWS\SYSTEM32\WINMM.dll
0x00007ffefbc30000 - 0x00007ffefbc3a000 	C:\WINDOWS\SYSTEM32\VERSION.dll
0x00007ffeffd80000 - 0x00007ffeffd98000 	C:\WINDOWS\SYSTEM32\kernel.appcore.dll
0x00007ffef1740000 - 0x00007ffef1750000 	C:\Program Files\Microsoft\jdk-11.0.20.8-hotspot\bin\verify.dll
0x00007ffefe620000 - 0x00007ffefe853000 	C:\WINDOWS\SYSTEM32\DBGHELP.DLL
0x00007fff02800000 - 0x00007fff02b89000 	C:\WINDOWS\System32\combase.dll
0x00007fff03870000 - 0x00007fff03947000 	C:\WINDOWS\System32\OLEAUT32.dll
0x00007ffef1330000 - 0x00007ffef1362000 	C:\WINDOWS\SYSTEM32\dbgcore.DLL
0x00007fff01090000 - 0x00007fff0110a000 	C:\WINDOWS\System32\bcryptPrimitives.dll
0x00007ffecd510000 - 0x00007ffecd538000 	C:\Program Files\Microsoft\jdk-11.0.20.8-hotspot\bin\java.dll
0x00007ffeeff90000 - 0x00007ffeeff9a000 	C:\Program Files\Microsoft\jdk-11.0.20.8-hotspot\bin\jimage.dll
0x00007ffecd660000 - 0x00007ffecd678000 	C:\Program Files\Microsoft\jdk-11.0.20.8-hotspot\bin\zip.dll
0x00007fff02cd0000 - 0x00007fff03529000 	C:\WINDOWS\System32\SHELL32.dll
0x00007ffefeca0000 - 0x00007ffeff594000 	C:\WINDOWS\SYSTEM32\windows.storage.dll
0x00007ffefeb60000 - 0x00007ffefec9e000 	C:\WINDOWS\SYSTEM32\wintypes.dll
0x00007fff02200000 - 0x00007fff022f3000 	C:\WINDOWS\System32\SHCORE.dll
0x00007fff03950000 - 0x00007fff039ae000 	C:\WINDOWS\System32\shlwapi.dll
0x00007fff00cb0000 - 0x00007fff00cd6000 	C:\WINDOWS\SYSTEM32\profapi.dll
0x00007ffecb9f0000 - 0x00007ffecba09000 	C:\Program Files\Microsoft\jdk-11.0.20.8-hotspot\bin\net.dll
0x00007ffef8540000 - 0x00007ffef8677000 	C:\WINDOWS\SYSTEM32\WINHTTP.dll
0x00007fff00200000 - 0x00007fff00269000 	C:\WINDOWS\system32\mswsock.dll
0x00007ffecb690000 - 0x00007ffecb6a3000 	C:\Program Files\Microsoft\jdk-11.0.20.8-hotspot\bin\nio.dll

dbghelp: loaded successfully - version: 4.0.5 - missing functions: none
symbol engine: initialized successfully - sym options: 0x614 - pdb path: .;C:\Program Files\Microsoft\jdk-11.0.20.8-hotspot\bin;C:\WINDOWS\SYSTEM32;C:\WINDOWS\WinSxS\amd64_microsoft.windows.common-controls_6595b64144ccf1df_6.0.22621.2506_none_270c5ae97388e100;C:\Program Files\Microsoft\jdk-11.0.20.8-hotspot\bin\server

VM Arguments:
java_command: org.jetbrains.kotlin.cli.jvm.K2JVMCompiler @C:\Users\ASUS\OneDrive\Dokumen\SEMS 5\project\MarkieBakery\node_modules\react-native-gesture-handler\android\build\20231218_14345999596221804212.compiler.options
java_class_path (initial): C:\Users\ASUS\.gradle\caches\modules-2\files-2.1\org.jetbrains.kotlin\kotlin-compiler-embeddable\1.6.21\97bdd5a752ce73b58ef16c17bc7f0ea2faff7a2e\kotlin-compiler-embeddable-1.6.21.jar;C:\Users\ASUS\.gradle\caches\modules-2\files-2.1\org.jetbrains.kotlin\kotlin-reflect\1.6.21\5dc3574d9b7bebfcb4ec6b10ada4aaa9e140bd0b\kotlin-reflect-1.6.21.jar;C:\Users\ASUS\.gradle\caches\modules-2\files-2.1\org.jetbrains.kotlin\kotlin-stdlib\1.6.21\11ef67f1900634fd951bad28c53ec957fabbe5b8\kotlin-stdlib-1.6.21.jar;C:\Users\ASUS\.gradle\caches\modules-2\files-2.1\org.jetbrains.kotlin\kotlin-script-runtime\1.6.21\99c6675100da5d6d5b1c5a1032f27f28008d101b\kotlin-script-runtime-1.6.21.jar;C:\Users\ASUS\.gradle\caches\modules-2\files-2.1\org.jetbrains.kotlin\kotlin-daemon-embeddable\1.6.21\46b78cf392e1c4f10854c3cadba44abb7b82250f\kotlin-daemon-embeddable-1.6.21.jar;C:\Users\ASUS\.gradle\caches\modules-2\files-2.1\org.jetbrains.intellij.deps\trove4j\1.0.20200330\3afb14d5f9ceb459d724e907a21145e8ff394f02\trove4j-1.0.20200330.jar;C:\Users\ASUS\.gradle\caches\modules-2\files-2.1\net.java.dev.jna\jna\5.6.0\330f2244e9030119ab3030fc3fededc86713d9cc\jna-5.6.0.jar;C:\Users\ASUS\.gradle\caches\modules-2\files-2.1\org.jetbrains.kotlin\kotlin-stdlib-common\1.6.21\5e5b55c26dbc80372a920aef60eb774b714559b8\kotlin-stdlib-common-1.6.21.jar;C:\Users\ASUS\.gradle\caches\modules-2\files-2.1\org.jetbrains\annotations\13.0\919f0dfe192fb4e063e7dacadee7f8bb9a2672a9\annotations-13.0.jar
Launcher Type: SUN_STANDARD

[Global flags]
     intx CICompilerCount                          = 3                                         {product} {ergonomic}
     uint ConcGCThreads                            = 1                                         {product} {ergonomic}
     uint G1ConcRefinementThreads                  = 4                                         {product} {ergonomic}
   size_t G1HeapRegionSize                         = 1048576                                   {product} {ergonomic}
    uintx GCDrainStackTargetSize                   = 64                                        {product} {ergonomic}
   size_t InitialHeapSize                          = 62914560                                  {product} {ergonomic}
   size_t MarkStackSize                            = 4194304                                   {product} {ergonomic}
   size_t MaxHeapSize                              = 1006632960                                {product} {ergonomic}
   size_t MaxNewSize                               = 603979776                                 {product} {ergonomic}
   size_t MinHeapDeltaBytes                        = 1048576                                   {product} {ergonomic}
    uintx NonNMethodCodeHeapSize                   = 5830732                                {pd product} {ergonomic}
    uintx NonProfiledCodeHeapSize                  = 122913754                              {pd product} {ergonomic}
    uintx ProfiledCodeHeapSize                     = 122913754                              {pd product} {ergonomic}
    uintx ReservedCodeCacheSize                    = 251658240                              {pd product} {ergonomic}
     bool SegmentedCodeCache                       = true                                      {product} {ergonomic}
     bool UseCompressedClassPointers               = true                                 {lp64_product} {ergonomic}
     bool UseCompressedOops                        = true                                 {lp64_product} {ergonomic}
     bool UseG1GC                                  = true                                      {product} {ergonomic}
     bool UseLargePagesIndividualAllocation        = false                                  {pd product} {ergonomic}

Logging:
Log output configuration:
 #0: stdout all=warning uptime,level,tags
 #1: stderr all=off uptime,level,tags

Environment Variables:
JAVA_HOME=C:\Program Files\Microsoft\jdk-11.0.20.8-hotspot\
CLASSPATH=C:\Users\ASUS\OneDrive\Dokumen\SEMS 5\project\MarkieBakery\android\\gradle\wrapper\gradle-wrapper.jar
PATH=C:\Users\ASUS\OneDrive\Dokumen\SEMS 5\project\MarkieBakery\node_modules\.bin;C:\Users\ASUS\OneDrive\Dokumen\SEMS 5\project\MarkieBakery\node_modules\.bin;C:\Users\ASUS\OneDrive\Dokumen\SEMS 5\project\node_modules\.bin;C:\Users\ASUS\OneDrive\Dokumen\SEMS 5\node_modules\.bin;C:\Users\ASUS\OneDrive\Dokumen\node_modules\.bin;C:\Users\ASUS\OneDrive\node_modules\.bin;C:\Users\ASUS\node_modules\.bin;C:\Users\node_modules\.bin;C:\node_modules\.bin;C:\Users\ASUS\AppData\Roaming\npm\node_modules\npm\node_modules\@npmcli\run-script\lib\node-gyp-bin;C:\Users\ASUS\OneDrive\Dokumen\SEMS 5\project\MarkieBakery\node_modules\.bin;C:\Users\ASUS\OneDrive\Dokumen\SEMS 5\project\MarkieBakery\node_modules\.bin;C:\Users\ASUS\OneDrive\Dokumen\SEMS 5\project\node_modules\.bin;C:\Users\ASUS\OneDrive\Dokumen\SEMS 5\node_modules\.bin;C:\Users\ASUS\OneDrive\Dokumen\node_modules\.bin;C:\Users\ASUS\OneDrive\node_modules\.bin;C:\Users\ASUS\node_modules\.bin;C:\Users\node_modules\.bin;C:\node_modules\.bin;C:\Users\ASUS\AppData\Roaming\npm\node_modules\npm\node_modules\@npmcli\run-script\lib\node-gyp-bin;C:\Program Files\Microsoft\jdk-11.0.20.8-hotspot\bin;C:\Program Files (x86)\Seagate Software\NOTES\;C:\Program Files (x86)\Seagate Software\NOTES\DATA\;C:\Program Files (x86)\Borland\Delphi for .NET Preview\aspx\bin\;C:\Program Files (x86)\Borland\Delphi for .NET Preview\aspx\framework\;C:\Program Files (x86)\Borland\Delphi for .NET Preview\bin\;C:\Program Files (x86)\Borland\Delphi7\Bin;C:\Program Files (x86)\Borland\Delphi7\Projects\Bpl\;C:\ProgramData\Oracle\Java\javapath;C:\WINDOWS\system32;C:\WINDOWS;C:\WINDOWS\System32\Wbem;C:\WINDOWS\System32\WindowsPowerShell\v1.0\;C:\WINDOWS\System32\OpenSSH\;C:\Program Files\dotnet\;C:\Program Files\Microsoft SQL Server\120\DTS\Binn\;C:\Program Files\Microsoft SQL Server\Client SDK\ODBC\110\Tools\Binn\;C:\Program Files (x86)\Microsoft SQL Server\120\Tools\Binn\;C:\Program Files\Microsoft SQL Server\120\Tools\Binn\;C:\Program Files (x86)\Microsoft SQL Ser
USERNAME=ASUS
LANG=en_US.UTF-8
OS=Windows_NT
PROCESSOR_IDENTIFIER=Intel64 Family 6 Model 126 Stepping 5, GenuineIntel
TMP=C:\Users\ASUS\AppData\Local\Temp
TEMP=C:\Users\ASUS\AppData\Local\Temp



---------------  S Y S T E M  ---------------

OS: Windows 11 , 64 bit Build 22621 (10.0.22621.2506)
OS uptime: 0 days 20:27 hours

CPU:total 4 (initial active 4) (2 cores per cpu, 2 threads per core) family 6 model 126 stepping 5 microcode 0xa6, cmov, cx8, fxsr, mmx, sse, sse2, sse3, ssse3, sse4.1, sse4.2, popcnt, avx, avx2, aes, clmul, erms, 3dnowpref, lzcnt, ht, tsc, tscinvbit, bmi1, bmi2, adx, evex, sha, fma

Memory: 4k page, system-wide physical 3836M (17M free)
TotalPageFile size 15612M (AvailPageFile size 1M)
current process WorkingSet (physical memory assigned to process): 93M, peak: 126M
current process commit charge ("private bytes"): 171M, peak: 195M

vm_info: OpenJDK 64-Bit Server VM (11.0.20+8-LTS) for windows-amd64 JRE (11.0.20+8-LTS), built on Jul  7 2023 17:05:21 by "MicrosoftCorporation" with MS VC++ 15.9 (VS2017)

END.
