#
# There is insufficient memory for the Java Runtime Environment to continue.
# Native memory allocation (malloc) failed to allocate 1458256 bytes for Chunk::new
# Possible reasons:
#   The system is out of physical RAM or swap space
#   The process is running with CompressedOops enabled, and the Java Heap may be blocking the growth of the native heap
# Possible solutions:
#   Reduce memory load on the system
#   Increase physical memory or swap space
#   Check if swap backing store is full
#   Decrease Java heap size (-Xmx/-Xms)
#   Decrease number of Java threads
#   Decrease Java thread stack sizes (-Xss)
#   Set larger code cache with -XX:ReservedCodeCacheSize=
#   JVM is running with Unscaled Compressed Oops mode in which the Java heap is
#     placed in the first 4GB address space. The Java Heap base address is the
#     maximum limit for the native heap growth. Please use -XX:HeapBaseMinAddress
#     to set the Java Heap base and to place the Java Heap above 4GB virtual address.
# This output file may be truncated or incomplete.
#
#  Out of Memory Error (arena.cpp:197), pid=16488, tid=1052
#
# JRE version: OpenJDK Runtime Environment Microsoft-8035250 (11.0.20+8) (build 11.0.20+8-LTS)
# Java VM: OpenJDK 64-Bit Server VM Microsoft-8035250 (11.0.20+8-LTS, mixed mode, tiered, compressed oops, g1 gc, windows-amd64)
# No core dump will be written. Minidumps are not enabled by default on client versions of Windows
#

---------------  S U M M A R Y ------------

Command Line: -XX:MaxMetaspaceSize=512m --add-opens=java.base/java.util=ALL-UNNAMED --add-opens=java.base/java.lang=ALL-UNNAMED --add-opens=java.base/java.lang.invoke=ALL-UNNAMED --add-opens=java.prefs/java.util.prefs=ALL-UNNAMED --add-opens=java.base/java.nio.charset=ALL-UNNAMED --add-opens=java.base/java.net=ALL-UNNAMED --add-opens=java.base/java.util.concurrent.atomic=ALL-UNNAMED -Xmx2048m -Dfile.encoding=windows-1252 -Duser.country=US -Duser.language=en -Duser.variant org.gradle.launcher.daemon.bootstrap.GradleDaemon 8.0.1

Host: Intel(R) Core(TM) i3-1005G1 CPU @ 1.20GHz, 4 cores, 3G,  Windows 11 , 64 bit Build 22621 (10.0.22621.2506)
Time: Tue Dec 19 23:38:04 2023 SE Asia Standard Time elapsed time: 51.126756 seconds (0d 0h 0m 51s)

---------------  T H R E A D  ---------------

Current thread (0x000001e11fc73800):  JavaThread "C2 CompilerThread0" daemon [_thread_in_native, id=1052, stack(0x0000001ae3800000,0x0000001ae3900000)]


Current CompileTask:
C2:  51126 2318       4       java.net.URLClassLoader$1::run (5 bytes)

Stack: [0x0000001ae3800000,0x0000001ae3900000]
Native frames: (J=compiled Java code, j=interpreted, Vv=VM code, C=native code)
V  [jvm.dll+0x62e9da]
V  [jvm.dll+0x7bc4e9]
V  [jvm.dll+0x7bdbd8]
V  [jvm.dll+0x7be2b3]
V  [jvm.dll+0x2505a8]
V  [jvm.dll+0xc263c]
V  [jvm.dll+0xc2bfc]
V  [jvm.dll+0x35fdc7]
V  [jvm.dll+0x19f201]
V  [jvm.dll+0x2098c5]
V  [jvm.dll+0x20893d]
V  [jvm.dll+0x18a7de]
V  [jvm.dll+0x2181ec]
V  [jvm.dll+0x21642b]
V  [jvm.dll+0x77efc0]
V  [jvm.dll+0x777db4]
V  [jvm.dll+0x62d845]
C  [ucrtbase.dll+0x29363]
C  [KERNEL32.DLL+0x1257d]
C  [ntdll.dll+0x5aa58]


---------------  P R O C E S S  ---------------

Threads class SMR info:
_java_thread_list=0x000001e1223b45e0, length=24, elements={
0x000001e17f741000, 0x000001e11fc1e800, 0x000001e11fc29000, 0x000001e11fc6e000,
0x000001e11fc6f000, 0x000001e11fc72800, 0x000001e11fc73800, 0x000001e11fde0800,
0x000001e11fde6800, 0x000001e11fef0800, 0x000001e121d2f800, 0x000001e1210ed800,
0x000001e121cae800, 0x000001e120136800, 0x000001e120137000, 0x000001e120093800,
0x000001e11fe41800, 0x000001e120014000, 0x000001e120155800, 0x000001e120157000,
0x000001e120aeb000, 0x000001e120ae9800, 0x000001e120aea800, 0x000001e120aec800
}

Java Threads: ( => current thread )
  0x000001e17f741000 JavaThread "main" [_thread_blocked, id=19828, stack(0x0000001ae2c00000,0x0000001ae2d00000)]
  0x000001e11fc1e800 JavaThread "Reference Handler" daemon [_thread_blocked, id=18696, stack(0x0000001ae3300000,0x0000001ae3400000)]
  0x000001e11fc29000 JavaThread "Finalizer" daemon [_thread_blocked, id=15644, stack(0x0000001ae3400000,0x0000001ae3500000)]
  0x000001e11fc6e000 JavaThread "Signal Dispatcher" daemon [_thread_blocked, id=3020, stack(0x0000001ae3500000,0x0000001ae3600000)]
  0x000001e11fc6f000 JavaThread "Attach Listener" daemon [_thread_blocked, id=20640, stack(0x0000001ae3600000,0x0000001ae3700000)]
  0x000001e11fc72800 JavaThread "Service Thread" daemon [_thread_blocked, id=10644, stack(0x0000001ae3700000,0x0000001ae3800000)]
=>0x000001e11fc73800 JavaThread "C2 CompilerThread0" daemon [_thread_in_native, id=1052, stack(0x0000001ae3800000,0x0000001ae3900000)]
  0x000001e11fde0800 JavaThread "C1 CompilerThread0" daemon [_thread_blocked, id=8060, stack(0x0000001ae3900000,0x0000001ae3a00000)]
  0x000001e11fde6800 JavaThread "Sweeper thread" daemon [_thread_blocked, id=15888, stack(0x0000001ae3a00000,0x0000001ae3b00000)]
  0x000001e11fef0800 JavaThread "Common-Cleaner" daemon [_thread_blocked, id=16976, stack(0x0000001ae3b00000,0x0000001ae3c00000)]
  0x000001e121d2f800 JavaThread "Daemon health stats" [_thread_blocked, id=18520, stack(0x0000001ae3e00000,0x0000001ae3f00000)]
  0x000001e1210ed800 JavaThread "Incoming local TCP Connector on port 1200" [_thread_in_native, id=16816, stack(0x0000001ae3f00000,0x0000001ae4000000)]
  0x000001e121cae800 JavaThread "Daemon periodic checks" [_thread_blocked, id=17652, stack(0x0000001ae4000000,0x0000001ae4100000)]
  0x000001e120136800 JavaThread "Daemon" [_thread_blocked, id=13076, stack(0x0000001ae4100000,0x0000001ae4200000)]
  0x000001e120137000 JavaThread "Handler for socket connection from /127.0.0.1:1200 to /127.0.0.1:1215" [_thread_in_native, id=7416, stack(0x0000001ae4200000,0x0000001ae4300000)]
  0x000001e120093800 JavaThread "Cancel handler" [_thread_blocked, id=1104, stack(0x0000001ae4300000,0x0000001ae4400000)]
  0x000001e11fe41800 JavaThread "Daemon worker" [_thread_in_native, id=20792, stack(0x0000001ae4400000,0x0000001ae4500000)]
  0x000001e120014000 JavaThread "Asynchronous log dispatcher for DefaultDaemonConnection: socket connection from /127.0.0.1:1200 to /127.0.0.1:1215" [_thread_blocked, id=17552, stack(0x0000001ae4500000,0x0000001ae4600000)]
  0x000001e120155800 JavaThread "Stdin handler" [_thread_blocked, id=1916, stack(0x0000001ae4600000,0x0000001ae4700000)]
  0x000001e120157000 JavaThread "Daemon client event forwarder" [_thread_blocked, id=20260, stack(0x0000001ae4700000,0x0000001ae4800000)]
  0x000001e120aeb000 JavaThread "Cache worker for journal cache (C:\Users\ASUS\.gradle\caches\journal-1)" [_thread_blocked, id=2328, stack(0x0000001ae4a00000,0x0000001ae4b00000)]
  0x000001e120ae9800 JavaThread "File lock request listener" [_thread_in_native, id=912, stack(0x0000001ae4b00000,0x0000001ae4c00000)]
  0x000001e120aea800 JavaThread "Cache worker for file hash cache (C:\Users\ASUS\.gradle\caches\8.0.1\fileHashes)" [_thread_blocked, id=18552, stack(0x0000001ae4c00000,0x0000001ae4d00000)]
  0x000001e120aec800 JavaThread "File lock release action executor" [_thread_blocked, id=18352, stack(0x0000001ae4d00000,0x0000001ae4e00000)]

Other Threads:
  0x000001e11fc0a000 VMThread "VM Thread" [stack: 0x0000001ae3200000,0x0000001ae3300000] [id=14548]
  0x000001e11ff38000 WatcherThread [stack: 0x0000001ae3c00000,0x0000001ae3d00000] [id=8224]
  0x000001e17f759800 GCTaskThread "GC Thread#0" [stack: 0x0000001ae2d00000,0x0000001ae2e00000] [id=2640]
  0x000001e1202fb800 GCTaskThread "GC Thread#1" [stack: 0x0000001ae3d00000,0x0000001ae3e00000] [id=6636]
  0x000001e11feae800 GCTaskThread "GC Thread#2" [stack: 0x0000001ae4800000,0x0000001ae4900000] [id=20064]
  0x000001e1202c9000 GCTaskThread "GC Thread#3" [stack: 0x0000001ae4900000,0x0000001ae4a00000] [id=8268]
  0x000001e17f78a800 ConcurrentGCThread "G1 Main Marker" [stack: 0x0000001ae2e00000,0x0000001ae2f00000] [id=21100]
  0x000001e17f78c000 ConcurrentGCThread "G1 Conc#0" [stack: 0x0000001ae2f00000,0x0000001ae3000000] [id=18964]
  0x000001e17f7d5000 ConcurrentGCThread "G1 Refine#0" [stack: 0x0000001ae3000000,0x0000001ae3100000] [id=20264]
  0x000001e17f7d7000 ConcurrentGCThread "G1 Young RemSet Sampling" [stack: 0x0000001ae3100000,0x0000001ae3200000] [id=17756]

Threads with active compile tasks:
C2 CompilerThread0    51168 2318       4       java.net.URLClassLoader$1::run (5 bytes)

VM state:not at safepoint (normal execution)

VM Mutex/Monitor currently owned by a thread: None

Heap address: 0x0000000080000000, size: 2048 MB, Compressed Oops mode: 32-bit
Narrow klass base: 0x0000000000000000, Narrow klass shift: 3
Compressed class space size: 528482304 Address: 0x0000000100000000

Heap:
 garbage-first heap   total 61440K, used 33278K [0x0000000080000000, 0x0000000100000000)
  region size 1024K, 17 young (17408K), 2 survivors (2048K)
 Metaspace       used 24133K, capacity 24699K, committed 24832K, reserved 538624K
  class space    used 2963K, capacity 3203K, committed 3328K, reserved 516096K
Heap Regions: E=young(eden), S=young(survivor), O=old, HS=humongous(starts), HC=humongous(continues), CS=collection set, F=free, A=archive, TAMS=top-at-mark-start (previous, next)
|   0|0x0000000080000000, 0x0000000080100000, 0x0000000080100000|100%| O|  |TAMS 0x0000000080100000, 0x0000000080000000| Untracked 
|   1|0x0000000080100000, 0x0000000080200000, 0x0000000080200000|100%| O|  |TAMS 0x0000000080200000, 0x0000000080100000| Untracked 
|   2|0x0000000080200000, 0x0000000080300000, 0x0000000080300000|100%| O|  |TAMS 0x0000000080300000, 0x0000000080200000| Untracked 
|   3|0x0000000080300000, 0x0000000080400000, 0x0000000080400000|100%|HS|  |TAMS 0x0000000080400000, 0x0000000080300000| Complete 
|   4|0x0000000080400000, 0x0000000080500000, 0x0000000080500000|100%|HC|  |TAMS 0x0000000080500000, 0x0000000080400000| Complete 
|   5|0x0000000080500000, 0x0000000080600000, 0x0000000080600000|100%|HC|  |TAMS 0x0000000080600000, 0x0000000080500000| Complete 
|   6|0x0000000080600000, 0x0000000080700000, 0x0000000080700000|100%|HC|  |TAMS 0x0000000080700000, 0x0000000080600000| Complete 
|   7|0x0000000080700000, 0x0000000080800000, 0x0000000080800000|100%| O|  |TAMS 0x0000000080800000, 0x0000000080700000| Untracked 
|   8|0x0000000080800000, 0x0000000080900000, 0x0000000080900000|100%| O|  |TAMS 0x0000000080900000, 0x0000000080800000| Untracked 
|   9|0x0000000080900000, 0x0000000080a00000, 0x0000000080a00000|100%| O|  |TAMS 0x0000000080a00000, 0x0000000080900000| Untracked 
|  10|0x0000000080a00000, 0x0000000080b00000, 0x0000000080b00000|100%| O|  |TAMS 0x0000000080b00000, 0x0000000080a00000| Untracked 
|  11|0x0000000080b00000, 0x0000000080c00000, 0x0000000080c00000|100%| O|  |TAMS 0x0000000080c00000, 0x0000000080b00000| Untracked 
|  12|0x0000000080c00000, 0x0000000080d00000, 0x0000000080d00000|100%| O|  |TAMS 0x0000000080d00000, 0x0000000080c00000| Untracked 
|  13|0x0000000080d00000, 0x0000000080e00000, 0x0000000080e00000|100%| O|  |TAMS 0x0000000080e00000, 0x0000000080d00000| Untracked 
|  14|0x0000000080e00000, 0x0000000080f00000, 0x0000000080f00000|100%| O|  |TAMS 0x0000000080f00000, 0x0000000080e00000| Untracked 
|  15|0x0000000080f00000, 0x0000000081000000, 0x0000000081000000|100%| O|  |TAMS 0x0000000081000000, 0x0000000080f00000| Untracked 
|  16|0x0000000081000000, 0x0000000081100000, 0x0000000081100000|100%| O|  |TAMS 0x0000000081100000, 0x0000000081000000| Untracked 
|  17|0x0000000081100000, 0x000000008117bc00, 0x0000000081200000| 48%| O|  |TAMS 0x000000008117bc00, 0x0000000081100000| Untracked 
|  18|0x0000000081200000, 0x0000000081200000, 0x0000000081300000|  0%| F|  |TAMS 0x0000000081200000, 0x0000000081200000| Untracked 
|  19|0x0000000081300000, 0x0000000081300000, 0x0000000081400000|  0%| F|  |TAMS 0x0000000081300000, 0x0000000081300000| Untracked 
|  20|0x0000000081400000, 0x0000000081400000, 0x0000000081500000|  0%| F|  |TAMS 0x0000000081400000, 0x0000000081400000| Untracked 
|  21|0x0000000081500000, 0x0000000081500000, 0x0000000081600000|  0%| F|  |TAMS 0x0000000081500000, 0x0000000081500000| Untracked 
|  22|0x0000000081600000, 0x0000000081600000, 0x0000000081700000|  0%| F|  |TAMS 0x0000000081600000, 0x0000000081600000| Untracked 
|  23|0x0000000081700000, 0x0000000081700000, 0x0000000081800000|  0%| F|  |TAMS 0x0000000081700000, 0x0000000081700000| Untracked 
|  24|0x0000000081800000, 0x0000000081800000, 0x0000000081900000|  0%| F|  |TAMS 0x0000000081800000, 0x0000000081800000| Untracked 
|  25|0x0000000081900000, 0x0000000081900000, 0x0000000081a00000|  0%| F|  |TAMS 0x0000000081900000, 0x0000000081900000| Untracked 
|  26|0x0000000081a00000, 0x0000000081a00000, 0x0000000081b00000|  0%| F|  |TAMS 0x0000000081a00000, 0x0000000081a00000| Untracked 
|  27|0x0000000081b00000, 0x0000000081b00000, 0x0000000081c00000|  0%| F|  |TAMS 0x0000000081b00000, 0x0000000081b00000| Untracked 
|  28|0x0000000081c00000, 0x0000000081c00000, 0x0000000081d00000|  0%| F|  |TAMS 0x0000000081c00000, 0x0000000081c00000| Untracked 
|  29|0x0000000081d00000, 0x0000000081d00000, 0x0000000081e00000|  0%| F|  |TAMS 0x0000000081d00000, 0x0000000081d00000| Untracked 
|  30|0x0000000081e00000, 0x0000000081e00000, 0x0000000081f00000|  0%| F|  |TAMS 0x0000000081e00000, 0x0000000081e00000| Untracked 
|  31|0x0000000081f00000, 0x0000000081f00000, 0x0000000082000000|  0%| F|  |TAMS 0x0000000081f00000, 0x0000000081f00000| Untracked 
|  32|0x0000000082000000, 0x0000000082000000, 0x0000000082100000|  0%| F|  |TAMS 0x0000000082000000, 0x0000000082000000| Untracked 
|  33|0x0000000082100000, 0x0000000082100000, 0x0000000082200000|  0%| F|  |TAMS 0x0000000082100000, 0x0000000082100000| Untracked 
|  34|0x0000000082200000, 0x0000000082200000, 0x0000000082300000|  0%| F|  |TAMS 0x0000000082200000, 0x0000000082200000| Untracked 
|  35|0x0000000082300000, 0x0000000082300000, 0x0000000082400000|  0%| F|  |TAMS 0x0000000082300000, 0x0000000082300000| Untracked 
|  36|0x0000000082400000, 0x0000000082400000, 0x0000000082500000|  0%| F|  |TAMS 0x0000000082400000, 0x0000000082400000| Untracked 
|  37|0x0000000082500000, 0x0000000082503e90, 0x0000000082600000|  1%| S|CS|TAMS 0x0000000082500000, 0x0000000082500000| Complete 
|  38|0x0000000082600000, 0x0000000082700000, 0x0000000082700000|100%| S|CS|TAMS 0x0000000082600000, 0x0000000082600000| Complete 
|  39|0x0000000082700000, 0x0000000082700000, 0x0000000082800000|  0%| F|  |TAMS 0x0000000082700000, 0x0000000082700000| Untracked 
|  40|0x0000000082800000, 0x0000000082800000, 0x0000000082900000|  0%| F|  |TAMS 0x0000000082800000, 0x0000000082800000| Untracked 
|  41|0x0000000082900000, 0x0000000082900000, 0x0000000082a00000|  0%| F|  |TAMS 0x0000000082900000, 0x0000000082900000| Untracked 
|  42|0x0000000082a00000, 0x0000000082a00000, 0x0000000082b00000|  0%| F|  |TAMS 0x0000000082a00000, 0x0000000082a00000| Untracked 
|  43|0x0000000082b00000, 0x0000000082b00000, 0x0000000082c00000|  0%| F|  |TAMS 0x0000000082b00000, 0x0000000082b00000| Untracked 
|  44|0x0000000082c00000, 0x0000000082c00000, 0x0000000082d00000|  0%| F|  |TAMS 0x0000000082c00000, 0x0000000082c00000| Untracked 
|  45|0x0000000082d00000, 0x0000000082e00000, 0x0000000082e00000|100%| E|  |TAMS 0x0000000082d00000, 0x0000000082d00000| Complete 
|  46|0x0000000082e00000, 0x0000000082f00000, 0x0000000082f00000|100%| E|CS|TAMS 0x0000000082e00000, 0x0000000082e00000| Complete 
|  47|0x0000000082f00000, 0x0000000083000000, 0x0000000083000000|100%| E|CS|TAMS 0x0000000082f00000, 0x0000000082f00000| Complete 
|  48|0x0000000083000000, 0x0000000083100000, 0x0000000083100000|100%| E|CS|TAMS 0x0000000083000000, 0x0000000083000000| Complete 
|  49|0x0000000083100000, 0x0000000083200000, 0x0000000083200000|100%| E|CS|TAMS 0x0000000083100000, 0x0000000083100000| Complete 
|  50|0x0000000083200000, 0x0000000083300000, 0x0000000083300000|100%| E|CS|TAMS 0x0000000083200000, 0x0000000083200000| Complete 
|  51|0x0000000083300000, 0x0000000083400000, 0x0000000083400000|100%| E|CS|TAMS 0x0000000083300000, 0x0000000083300000| Complete 
|  52|0x0000000083400000, 0x0000000083500000, 0x0000000083500000|100%| E|CS|TAMS 0x0000000083400000, 0x0000000083400000| Complete 
|  53|0x0000000083500000, 0x0000000083600000, 0x0000000083600000|100%| E|CS|TAMS 0x0000000083500000, 0x0000000083500000| Complete 
|  54|0x0000000083600000, 0x0000000083700000, 0x0000000083700000|100%| E|CS|TAMS 0x0000000083600000, 0x0000000083600000| Complete 
|  55|0x0000000083700000, 0x0000000083800000, 0x0000000083800000|100%| E|CS|TAMS 0x0000000083700000, 0x0000000083700000| Complete 
|  56|0x0000000083800000, 0x0000000083900000, 0x0000000083900000|100%| E|CS|TAMS 0x0000000083800000, 0x0000000083800000| Complete 
|  57|0x0000000083900000, 0x0000000083a00000, 0x0000000083a00000|100%| E|CS|TAMS 0x0000000083900000, 0x0000000083900000| Complete 
|  58|0x0000000083a00000, 0x0000000083b00000, 0x0000000083b00000|100%| E|CS|TAMS 0x0000000083a00000, 0x0000000083a00000| Complete 
|  59|0x0000000083b00000, 0x0000000083c00000, 0x0000000083c00000|100%| E|CS|TAMS 0x0000000083b00000, 0x0000000083b00000| Complete 

Card table byte_map: [0x000001e118ab0000,0x000001e118eb0000] _byte_map_base: 0x000001e1186b0000

Marking Bits (Prev, Next): (CMBitMap*) 0x000001e17f781ce0, (CMBitMap*) 0x000001e17f781ca8
 Prev Bits: [0x000001e11b2b0000, 0x000001e11d2b0000)
 Next Bits: [0x000001e1192b0000, 0x000001e11b2b0000)

Polling page: 0x000001e17ef10000

Metaspace:

Usage:
  Non-class:     20.99 MB capacity,    20.67 MB ( 98%) used,   278.29 KB (  1%) free+waste,    48.06 KB ( <1%) overhead. 
      Class:      3.13 MB capacity,     2.89 MB ( 93%) used,   215.58 KB (  7%) free+waste,    23.81 KB ( <1%) overhead. 
       Both:     24.12 MB capacity,    23.57 MB ( 98%) used,   493.87 KB (  2%) free+waste,    71.88 KB ( <1%) overhead. 

Virtual space:
  Non-class space:       22.00 MB reserved,      21.00 MB ( 95%) committed 
      Class space:      504.00 MB reserved,       3.25 MB ( <1%) committed 
             Both:      526.00 MB reserved,      24.25 MB (  5%) committed 

Chunk freelists:
   Non-Class:  8.00 KB
       Class:  29.00 KB
        Both:  37.00 KB

MaxMetaspaceSize: 512.00 MB
CompressedClassSpaceSize: 504.00 MB
Initial GC threshold: 20.80 MB
Current GC threshold: 34.79 MB
CDS: off

CodeHeap 'non-profiled nmethods': size=120064Kb used=1168Kb max_used=1168Kb free=118895Kb
 bounds [0x000001e111570000, 0x000001e1117e0000, 0x000001e118ab0000]
CodeHeap 'profiled nmethods': size=120000Kb used=4986Kb max_used=4986Kb free=115014Kb
 bounds [0x000001e10a040000, 0x000001e10a520000, 0x000001e111570000]
CodeHeap 'non-nmethods': size=5696Kb used=1241Kb max_used=1273Kb free=4454Kb
 bounds [0x000001e109ab0000, 0x000001e109d20000, 0x000001e10a040000]
 total_blobs=2821 nmethods=2312 adapters=421
 compilation: enabled
              stopped_count=0, restarted_count=0
 full_count=0

Compilation events (20 events):
Event: 50.493 Thread 0x000001e11fde0800 2310       3       java.util.LinkedList::unlink (91 bytes)
Event: 50.493 Thread 0x000001e11fde0800 nmethod 2310 0x000001e10a512290 code [0x000001e10a512460, 0x000001e10a512838]
Event: 50.494 Thread 0x000001e11fde0800 2311       3       java.util.LinkedList$ListItr::<init> (47 bytes)
Event: 50.494 Thread 0x000001e11fde0800 nmethod 2311 0x000001e10a512990 code [0x000001e10a512b60, 0x000001e10a512e48]
Event: 50.494 Thread 0x000001e11fde0800 2313       3       org.gradle.internal.service.DefaultServiceMethodFactory::toServiceMethod (11 bytes)
Event: 50.494 Thread 0x000001e11fde0800 nmethod 2313 0x000001e10a512f90 code [0x000001e10a513140, 0x000001e10a513308]
Event: 50.494 Thread 0x000001e11fde0800 2314   !   3       org.gradle.internal.service.MethodHandleBasedServiceMethodFactory::toServiceMethod (51 bytes)
Event: 50.496 Thread 0x000001e11fde0800 nmethod 2314 0x000001e10a513410 code [0x000001e10a513780, 0x000001e10a514ce8]
Event: 50.496 Thread 0x000001e11fde0800 2315       3       java.lang.reflect.Method::getGenericParameterTypes (5 bytes)
Event: 50.498 Thread 0x000001e11fde0800 nmethod 2315 0x000001e10a515410 code [0x000001e10a5156e0, 0x000001e10a516738]
Event: 50.499 Thread 0x000001e11fc73800 nmethod 2308 0x000001e111693190 code [0x000001e111693340, 0x000001e111693a88]
Event: 50.683 Thread 0x000001e11fde0800 2316   !   3       org.gradle.internal.classloader.TransformingClassLoader::findClass (203 bytes)
Event: 50.684 Thread 0x000001e11fc73800 2318       4       java.net.URLClassLoader$1::run (5 bytes)
Event: 50.689 Thread 0x000001e11fde0800 nmethod 2316 0x000001e10a516c10 code [0x000001e10a517160, 0x000001e10a519a78]
Event: 50.689 Thread 0x000001e11fde0800 2317       3       org.gradle.initialization.MixInLegacyTypesClassLoader::shouldTransform (42 bytes)
Event: 50.690 Thread 0x000001e11fde0800 nmethod 2317 0x000001e10a51aa90 code [0x000001e10a51ac80, 0x000001e10a51b078]
Event: 50.903 Thread 0x000001e11fde0800 2319       3       org.gradle.internal.service.AbstractServiceMethod::<init> (42 bytes)
Event: 50.906 Thread 0x000001e11fde0800 nmethod 2319 0x000001e10a51b210 code [0x000001e10a51b580, 0x000001e10a51d088]
Event: 50.940 Thread 0x000001e11fde0800 2320       3       org.gradle.internal.service.DefaultServiceRegistry$FactoryMethodService::<init> (22 bytes)
Event: 50.941 Thread 0x000001e11fde0800 nmethod 2320 0x000001e10a51d810 code [0x000001e10a51da60, 0x000001e10a51e4a8]

GC Heap History (14 events):
Event: 6.669 GC heap before
{Heap before GC invocations=0 (full 0):
 garbage-first heap   total 61440K, used 13312K [0x0000000080000000, 0x0000000100000000)
  region size 1024K, 14 young (14336K), 0 survivors (0K)
 Metaspace       used 6802K, capacity 6993K, committed 7168K, reserved 524288K
  class space    used 574K, capacity 650K, committed 768K, reserved 516096K
}
Event: 6.828 GC heap after
{Heap after GC invocations=1 (full 0):
 garbage-first heap   total 61440K, used 4285K [0x0000000080000000, 0x0000000100000000)
  region size 1024K, 2 young (2048K), 2 survivors (2048K)
 Metaspace       used 6802K, capacity 6993K, committed 7168K, reserved 524288K
  class space    used 574K, capacity 650K, committed 768K, reserved 516096K
}
Event: 12.693 GC heap before
{Heap before GC invocations=1 (full 0):
 garbage-first heap   total 61440K, used 24765K [0x0000000080000000, 0x0000000100000000)
  region size 1024K, 18 young (18432K), 2 survivors (2048K)
 Metaspace       used 10697K, capacity 10911K, committed 11264K, reserved 526336K
  class space    used 1099K, capacity 1173K, committed 1280K, reserved 516096K
}
Event: 12.700 GC heap after
{Heap after GC invocations=2 (full 0):
 garbage-first heap   total 61440K, used 10665K [0x0000000080000000, 0x0000000100000000)
  region size 1024K, 3 young (3072K), 3 survivors (3072K)
 Metaspace       used 10697K, capacity 10911K, committed 11264K, reserved 526336K
  class space    used 1099K, capacity 1173K, committed 1280K, reserved 516096K
}
Event: 18.444 GC heap before
{Heap before GC invocations=2 (full 0):
 garbage-first heap   total 61440K, used 29097K [0x0000000080000000, 0x0000000100000000)
  region size 1024K, 22 young (22528K), 3 survivors (3072K)
 Metaspace       used 10945K, capacity 11203K, committed 11520K, reserved 526336K
  class space    used 1115K, capacity 1206K, committed 1280K, reserved 516096K
}
Event: 18.450 GC heap after
{Heap after GC invocations=3 (full 0):
 garbage-first heap   total 61440K, used 11077K [0x0000000080000000, 0x0000000100000000)
  region size 1024K, 1 young (1024K), 1 survivors (1024K)
 Metaspace       used 10945K, capacity 11203K, committed 11520K, reserved 526336K
  class space    used 1115K, capacity 1206K, committed 1280K, reserved 516096K
}
Event: 23.691 GC heap before
{Heap before GC invocations=3 (full 0):
 garbage-first heap   total 61440K, used 36677K [0x0000000080000000, 0x0000000100000000)
  region size 1024K, 26 young (26624K), 1 survivors (1024K)
 Metaspace       used 13297K, capacity 13643K, committed 13952K, reserved 528384K
  class space    used 1432K, capacity 1553K, committed 1664K, reserved 516096K
}
Event: 23.701 GC heap after
{Heap after GC invocations=4 (full 0):
 garbage-first heap   total 61440K, used 16084K [0x0000000080000000, 0x0000000100000000)
  region size 1024K, 4 young (4096K), 4 survivors (4096K)
 Metaspace       used 13297K, capacity 13643K, committed 13952K, reserved 528384K
  class space    used 1432K, capacity 1553K, committed 1664K, reserved 516096K
}
Event: 43.432 GC heap before
{Heap before GC invocations=4 (full 0):
 garbage-first heap   total 61440K, used 37588K [0x0000000080000000, 0x0000000100000000)
  region size 1024K, 25 young (25600K), 4 survivors (4096K)
 Metaspace       used 19083K, capacity 19491K, committed 19840K, reserved 534528K
  class space    used 2173K, capacity 2308K, committed 2432K, reserved 516096K
}
Event: 43.548 GC heap after
{Heap after GC invocations=5 (full 0):
 garbage-first heap   total 61440K, used 17769K [0x0000000080000000, 0x0000000100000000)
  region size 1024K, 2 young (2048K), 2 survivors (2048K)
 Metaspace       used 19083K, capacity 19491K, committed 19840K, reserved 534528K
  class space    used 2173K, capacity 2308K, committed 2432K, reserved 516096K
}
Event: 45.227 GC heap before
{Heap before GC invocations=5 (full 0):
 garbage-first heap   total 61440K, used 26985K [0x0000000080000000, 0x0000000100000000)
  region size 1024K, 12 young (12288K), 2 survivors (2048K)
 Metaspace       used 20567K, capacity 21004K, committed 21248K, reserved 536576K
  class space    used 2392K, capacity 2543K, committed 2560K, reserved 516096K
}
Event: 45.236 GC heap after
{Heap after GC invocations=6 (full 0):
 garbage-first heap   total 61440K, used 18366K [0x0000000080000000, 0x0000000100000000)
  region size 1024K, 1 young (1024K), 1 survivors (1024K)
 Metaspace       used 20567K, capacity 21004K, committed 21248K, reserved 536576K
  class space    used 2392K, capacity 2543K, committed 2560K, reserved 516096K
}
Event: 48.564 GC heap before
{Heap before GC invocations=7 (full 0):
 garbage-first heap   total 61440K, used 37822K [0x0000000080000000, 0x0000000100000000)
  region size 1024K, 21 young (21504K), 1 survivors (1024K)
 Metaspace       used 22497K, capacity 22950K, committed 23168K, reserved 536576K
  class space    used 2700K, capacity 2852K, committed 2944K, reserved 516096K
}
Event: 48.572 GC heap after
{Heap after GC invocations=8 (full 0):
 garbage-first heap   total 61440K, used 18942K [0x0000000080000000, 0x0000000100000000)
  region size 1024K, 2 young (2048K), 2 survivors (2048K)
 Metaspace       used 22497K, capacity 22950K, committed 23168K, reserved 536576K
  class space    used 2700K, capacity 2852K, committed 2944K, reserved 516096K
}

Deoptimization events (20 events):
Event: 46.951 Thread 0x000001e11fe41800 Uncommon trap: trap_request=0xffffffc6 fr.pc=0x000001e1115f6a54 relative=0x0000000000000114
Event: 46.951 Thread 0x000001e11fe41800 Uncommon trap: reason=bimorphic_or_optimized_type_check action=maybe_recompile pc=0x000001e1115f6a54 method=java.util.AbstractList$Itr.next()Ljava/lang/Object; @ 14 c2
Event: 46.951 Thread 0x000001e11fe41800 DEOPT PACKING pc=0x000001e1115f6a54 sp=0x0000001ae44fbfd0
Event: 46.951 Thread 0x000001e11fe41800 DEOPT UNPACKING pc=0x000001e109ab85af sp=0x0000001ae44fbf68 mode 2
Event: 46.951 Thread 0x000001e11fe41800 Uncommon trap: trap_request=0xffffff4d fr.pc=0x000001e1115efb5c relative=0x000000000000051c
Event: 46.951 Thread 0x000001e11fe41800 Uncommon trap: reason=unstable_if action=reinterpret pc=0x000001e1115efb5c method=java.io.File.getName()Ljava/lang/String; @ 16 c2
Event: 46.951 Thread 0x000001e11fe41800 DEOPT PACKING pc=0x000001e1115efb5c sp=0x0000001ae44fca10
Event: 46.952 Thread 0x000001e11fe41800 DEOPT UNPACKING pc=0x000001e109ab85af sp=0x0000001ae44fc9e0 mode 2
Event: 46.952 Thread 0x000001e11fe41800 Uncommon trap: trap_request=0xffffff4d fr.pc=0x000001e1115eb734 relative=0x0000000000000474
Event: 46.952 Thread 0x000001e11fe41800 Uncommon trap: reason=unstable_if action=reinterpret pc=0x000001e1115eb734 method=java.lang.String.substring(I)Ljava/lang/String; @ 34 c2
Event: 46.952 Thread 0x000001e11fe41800 DEOPT PACKING pc=0x000001e1115eb734 sp=0x0000001ae44fc990
Event: 46.952 Thread 0x000001e11fe41800 DEOPT UNPACKING pc=0x000001e109ab85af sp=0x0000001ae44fc968 mode 2
Event: 47.273 Thread 0x000001e11fe41800 Uncommon trap: trap_request=0xffffffcc fr.pc=0x000001e11167ed74 relative=0x00000000000002b4
Event: 47.273 Thread 0x000001e11fe41800 Uncommon trap: reason=intrinsic_or_type_checked_inlining action=make_not_entrant pc=0x000001e11167ed74 method=java.util.Arrays.copyOf([Ljava/lang/Object;ILjava/lang/Class;)[Ljava/lang/Object; @ 35 c2
Event: 47.273 Thread 0x000001e11fe41800 DEOPT PACKING pc=0x000001e11167ed74 sp=0x0000001ae44fd330
Event: 47.273 Thread 0x000001e11fe41800 DEOPT UNPACKING pc=0x000001e109ab85af sp=0x0000001ae44fd2c0 mode 2
Event: 49.808 Thread 0x000001e11fe41800 Uncommon trap: trap_request=0xffffff4d fr.pc=0x000001e111686a80 relative=0x0000000000004440
Event: 49.808 Thread 0x000001e11fe41800 Uncommon trap: reason=unstable_if action=reinterpret pc=0x000001e111686a80 method=jdk.internal.loader.BuiltinClassLoader.loadClassOrNull(Ljava/lang/String;Z)Ljava/lang/Class; @ 17 c2
Event: 49.808 Thread 0x000001e11fe41800 DEOPT PACKING pc=0x000001e111686a80 sp=0x0000001ae44f41e0
Event: 49.808 Thread 0x000001e11fe41800 DEOPT UNPACKING pc=0x000001e109ab85af sp=0x0000001ae44f4130 mode 2

Classes redefined (0 events):
No events

Internal exceptions (20 events):
Event: 36.314 Thread 0x000001e17f741000 Exception <a 'java/io/IOException'{0x00000000833e9698}> (0x00000000833e9698) thrown at [s\src\hotspot\share\prims\jni.cpp, line 617]
Event: 41.488 Thread 0x000001e11fe41800 Exception <a 'java/lang/NoSuchMethodError'{0x0000000082d5f9f0}: 'long java.lang.invoke.DirectMethodHandle$Holder.invokeInterface(java.lang.Object, java.lang.Object)'> (0x0000000082d5f9f0) thrown at [s\src\hotspot\share\interpreter\linkResolver.cpp, line 773]
Event: 41.605 Thread 0x000001e11fe41800 Exception <a 'java/lang/NoSuchMethodError'{0x0000000082dafec0}: 'java.lang.Object java.lang.invoke.DirectMethodHandle$Holder.invokeVirtual(java.lang.Object, java.lang.Object, java.lang.Object)'> (0x0000000082dafec0) thrown at [s\src\hotspot\share\interpreter\linkResolver.cpp, line 773]
Event: 44.000 Thread 0x000001e11fe41800 Exception <a 'java/lang/NoSuchMethodError'{0x0000000083852d40}: 'java.lang.Object java.lang.invoke.Invokers$Holder.linkToTargetMethod(java.lang.Object, java.lang.Object, java.lang.Object, java.lang.Object, java.lang.Object, java.lang.Object)'> (0x0000000083852d40) thrown at [s\src\hotspot\share\interpreter\linkResolver.cpp, line 773]
Event: 44.009 Thread 0x000001e11fe41800 Exception <a 'java/lang/NoSuchMethodError'{0x000000008387fae0}: 'void java.lang.invoke.DirectMethodHandle$Holder.invokeSpecial(java.lang.Object, java.lang.Object, java.lang.Object, java.lang.Object, java.lang.Object, java.lang.Object)'> (0x000000008387fae0) thrown at [s\src\hotspot\share\interpreter\linkResolver.cpp, line 773]
Event: 44.016 Thread 0x000001e11fe41800 Exception <a 'java/lang/NoSuchMethodError'{0x00000000838acd18}: 'java.lang.Object java.lang.invoke.DirectMethodHandle$Holder.invokeSpecial(java.lang.Object, java.lang.Object, java.lang.Object, java.lang.Object, java.lang.Object, java.lang.Object, java.lang.Object, java.lang.Object, int, int)'> (0x00000000838acd18) thrown at [s\src\hotspot\share\interpreter\linkResolver.cpp, line 773]
Event: 44.199 Thread 0x000001e11fe41800 Exception <a 'java/lang/NoSuchMethodError'{0x00000000837c9d60}: 'java.lang.Object java.lang.invoke.DirectMethodHandle$Holder.invokeStatic(java.lang.Object, java.lang.Object, java.lang.Object, int, java.lang.Object, java.lang.Object)'> (0x00000000837c9d60) thrown at [s\src\hotspot\share\interpreter\linkResolver.cpp, line 773]
Event: 44.200 Thread 0x000001e11fe41800 Exception <a 'java/lang/NoSuchMethodError'{0x00000000837d11c8}: 'java.lang.Object java.lang.invoke.Invokers$Holder.linkToTargetMethod(java.lang.Object, java.lang.Object, int, java.lang.Object, java.lang.Object, java.lang.Object)'> (0x00000000837d11c8) thrown at [s\src\hotspot\share\interpreter\linkResolver.cpp, line 773]
Event: 44.787 Thread 0x000001e11fe41800 Exception <a 'java/lang/NoSuchMethodError'{0x000000008340ac78}: 'void java.lang.invoke.DelegatingMethodHandle$Holder.reinvoke_L(java.lang.Object, java.lang.Object, java.lang.Object, java.lang.Object, java.lang.Object, java.lang.Object, java.lang.Object, java.lang.Object, java.lang.Object, java.lang.Object, java.lang.Object)'> (0x000000008340ac78) thrown at [s\src\hotspot\share\interpreter\linkResolver.cpp, line 773]
Event: 44.789 Thread 0x000001e11fe41800 Exception <a 'java/lang/NoSuchMethodError'{0x0000000083413030}: 'java.lang.Object java.lang.invoke.DirectMethodHandle$Holder.invokeSpecial(java.lang.Object, java.lang.Object, java.lang.Object, java.lang.Object, java.lang.Object, java.lang.Object, java.lang.Object, java.lang.Object, java.lang.Object, java.lang.Object, java.lang.Object)'> (0x0000000083413030) thrown at [s\src\hotspot\share\interpreter\linkResolver.cpp, line 773]
Event: 44.799 Thread 0x000001e11fe41800 Exception <a 'java/lang/NoSuchMethodError'{0x00000000834177a0}: 'java.lang.Object java.lang.invoke.Invokers$Holder.invoker(java.lang.Object, java.lang.Object, java.lang.Object, java.lang.Object, java.lang.Object, java.lang.Object, java.lang.Object, java.lang.Object, java.lang.Object, java.lang.Object, java.lang.Object)'> (0x00000000834177a0) thrown at [s\src\hotspot\share\interpreter\linkResolver.cpp, line 773]
Event: 44.799 Thread 0x000001e11fe41800 Exception <a 'java/lang/NoSuchMethodError'{0x000000008341c7f0}: 'java.lang.Object java.lang.invoke.DirectMethodHandle$Holder.invokeSpecial(java.lang.Object, java.lang.Object, java.lang.Object, java.lang.Object, java.lang.Object, java.lang.Object, java.lang.Object, java.lang.Object, java.lang.Object, java.lang.Object, java.lang.Object, java.lang.Object)'> (0x000000008341c7f0) thrown at [s\src\hotspot\share\interpreter\linkResolver.cpp, line 773]
Event: 45.025 Thread 0x000001e11fe41800 Exception <a 'java/lang/NoSuchMethodError'{0x00000000833740f8}: 'java.lang.Object java.lang.invoke.DirectMethodHandle$Holder.invokeSpecial(java.lang.Object, java.lang.Object, java.lang.Object, java.lang.Object, java.lang.Object, java.lang.Object, java.lang.Object, java.lang.Object, java.lang.Object)'> (0x00000000833740f8) thrown at [s\src\hotspot\share\interpreter\linkResolver.cpp, line 773]
Event: 46.140 Thread 0x000001e11fe41800 Exception <a 'java/lang/NoSuchMethodError'{0x000000008356cf18}: 'void java.lang.invoke.DirectMethodHandle$Holder.invokeStaticInit(java.lang.Object)'> (0x000000008356cf18) thrown at [s\src\hotspot\share\interpreter\linkResolver.cpp, line 773]
Event: 46.185 Thread 0x000001e11fe41800 Exception <a 'java/lang/NoSuchMethodError'{0x000000008340f200}: 'java.lang.Object java.lang.invoke.DirectMethodHandle$Holder.invokeStatic(java.lang.Object, java.lang.Object, java.lang.Object, int)'> (0x000000008340f200) thrown at [s\src\hotspot\share\interpreter\linkResolver.cpp, line 773]
Event: 46.185 Thread 0x000001e11fe41800 Exception <a 'java/lang/NoSuchMethodError'{0x00000000834133c8}: 'java.lang.Object java.lang.invoke.DirectMethodHandle$Holder.invokeSpecial(java.lang.Object, java.lang.Object, java.lang.Object, java.lang.Object, int)'> (0x00000000834133c8) thrown at [s\src\hotspot\share\interpreter\linkResolver.cpp, line 773]
Event: 46.185 Thread 0x000001e11fe41800 Exception <a 'java/lang/NoSuchMethodError'{0x0000000083416db0}: 'java.lang.Object java.lang.invoke.Invokers$Holder.linkToTargetMethod(java.lang.Object, java.lang.Object, int, java.lang.Object)'> (0x0000000083416db0) thrown at [s\src\hotspot\share\interpreter\linkResolver.cpp, line 773]
Event: 49.847 Thread 0x000001e11fe41800 Exception <a 'java/lang/NoSuchMethodError'{0x000000008383df20}: 'int java.lang.invoke.DirectMethodHandle$Holder.invokeSpecialIFC(java.lang.Object, java.lang.Object, java.lang.Object, java.lang.Object)'> (0x000000008383df20) thrown at [s\src\hotspot\share\interpreter\linkResolver.cpp, line 773]
Event: 49.887 Thread 0x000001e11fe41800 Exception <a 'java/lang/NoSuchMethodError'{0x000000008384c120}: 'java.lang.Object java.lang.invoke.DirectMethodHandle$Holder.invokeInterface(java.lang.Object, java.lang.Object, java.lang.Object)'> (0x000000008384c120) thrown at [s\src\hotspot\share\interpreter\linkResolver.cpp, line 773]
Event: 49.888 Thread 0x000001e11fe41800 Exception <a 'java/lang/IncompatibleClassChangeError'{0x000000008384f5f8}: Found class java.lang.Object, but interface was expected> (0x000000008384f5f8) thrown at [s\src\hotspot\share\interpreter\linkResolver.cpp, line 839]

Events (20 events):
Event: 50.903 loading class org/gradle/internal/resource/local/LocallyAvailableResourceFinder
Event: 50.903 loading class org/gradle/internal/resource/local/LocallyAvailableResourceFinder done
Event: 50.904 loading class org/gradle/api/internal/artifacts/ivyservice/ivyresolve/ResolverProviderFactory
Event: 50.904 loading class org/gradle/api/internal/artifacts/ivyservice/ivyresolve/ResolverProviderFactory done
Event: 50.939 loading class org/gradle/internal/component/external/model/ModuleComponentArtifactMetadata
Event: 50.939 loading class org/gradle/internal/component/external/model/ModuleComponentArtifactMetadata done
Event: 50.940 loading class org/gradle/internal/component/model/ComponentArtifactMetadata
Event: 50.940 loading class org/gradle/internal/component/model/ComponentArtifactMetadata done
Event: 50.941 loading class org/gradle/internal/resource/cached/DefaultExternalResourceFileStore
Event: 50.941 loading class org/gradle/internal/resource/cached/DefaultExternalResourceFileStore done
Event: 50.943 loading class org/gradle/api/internal/artifacts/transform/TransformationNodeDependencyResolver
Event: 50.943 loading class org/gradle/api/internal/artifacts/transform/TransformationNodeDependencyResolver done
Event: 50.943 loading class org/gradle/api/internal/artifacts/ivyservice/projectmodule/DefaultProjectLocalComponentProvider
Event: 50.943 loading class org/gradle/api/internal/artifacts/ivyservice/projectmodule/DefaultProjectLocalComponentProvider done
Event: 50.981 loading class org/gradle/internal/component/local/model/LocalComponentGraphResolveState
Event: 50.981 loading class org/gradle/internal/component/local/model/LocalComponentGraphResolveState done
Event: 50.982 loading class org/gradle/internal/component/model/ComponentGraphResolveState
Event: 50.982 loading class org/gradle/internal/component/model/ComponentGraphResolveState done
Event: 50.982 loading class org/gradle/internal/component/local/model/BuildableLocalComponentMetadata
Event: 50.982 loading class org/gradle/internal/component/local/model/BuildableLocalComponentMetadata done


Dynamic libraries:
0x00007ff740a30000 - 0x00007ff740a3d000 	C:\Program Files\Microsoft\jdk-11.0.20.8-hotspot\bin\java.exe
0x00007ffd74410000 - 0x00007ffd74627000 	C:\WINDOWS\SYSTEM32\ntdll.dll
0x00007ffd73f20000 - 0x00007ffd73fe4000 	C:\WINDOWS\System32\KERNEL32.DLL
0x00007ffd71780000 - 0x00007ffd71b25000 	C:\WINDOWS\System32\KERNELBASE.dll
0x00007ffd71b30000 - 0x00007ffd71c41000 	C:\WINDOWS\System32\ucrtbase.dll
0x00007ffd5cb20000 - 0x00007ffd5cb37000 	C:\Program Files\Microsoft\jdk-11.0.20.8-hotspot\bin\jli.dll
0x00007ffd72270000 - 0x00007ffd7241e000 	C:\WINDOWS\System32\USER32.dll
0x00007ffd71e80000 - 0x00007ffd71ea6000 	C:\WINDOWS\System32\win32u.dll
0x00007ffd73ef0000 - 0x00007ffd73f19000 	C:\WINDOWS\System32\GDI32.dll
0x00007ffd71eb0000 - 0x00007ffd71fc9000 	C:\WINDOWS\System32\gdi32full.dll
0x00007ffd72040000 - 0x00007ffd720da000 	C:\WINDOWS\System32\msvcp_win.dll
0x00007ffd3d8c0000 - 0x00007ffd3d8d5000 	C:\Program Files\Microsoft\jdk-11.0.20.8-hotspot\bin\VCRUNTIME140.dll
0x00007ffd5d800000 - 0x00007ffd5da93000 	C:\WINDOWS\WinSxS\amd64_microsoft.windows.common-controls_6595b64144ccf1df_6.0.22621.2506_none_270c5ae97388e100\COMCTL32.dll
0x00007ffd72160000 - 0x00007ffd72207000 	C:\WINDOWS\System32\msvcrt.dll
0x00007ffd73440000 - 0x00007ffd73471000 	C:\WINDOWS\System32\IMM32.DLL
0x00007ffd120d0000 - 0x00007ffd1216b000 	C:\Program Files\Microsoft\jdk-11.0.20.8-hotspot\bin\msvcp140.dll
0x00007ffd0e110000 - 0x00007ffd0eca6000 	C:\Program Files\Microsoft\jdk-11.0.20.8-hotspot\bin\server\jvm.dll
0x00007ffd73d80000 - 0x00007ffd73e31000 	C:\WINDOWS\System32\ADVAPI32.dll
0x00007ffd72540000 - 0x00007ffd725e6000 	C:\WINDOWS\System32\sechost.dll
0x00007ffd74230000 - 0x00007ffd74347000 	C:\WINDOWS\System32\RPCRT4.dll
0x00007ffd73ff0000 - 0x00007ffd73ff8000 	C:\WINDOWS\System32\PSAPI.DLL
0x00007ffd5de30000 - 0x00007ffd5de39000 	C:\WINDOWS\SYSTEM32\WSOCK32.dll
0x00007ffd73e70000 - 0x00007ffd73ee1000 	C:\WINDOWS\System32\WS2_32.dll
0x00007ffd66660000 - 0x00007ffd66694000 	C:\WINDOWS\SYSTEM32\WINMM.dll
0x00007ffd6c610000 - 0x00007ffd6c61a000 	C:\WINDOWS\SYSTEM32\VERSION.dll
0x00007ffd70780000 - 0x00007ffd70798000 	C:\WINDOWS\SYSTEM32\kernel.appcore.dll
0x00007ffd5cbc0000 - 0x00007ffd5cbd0000 	C:\Program Files\Microsoft\jdk-11.0.20.8-hotspot\bin\verify.dll
0x00007ffd6efd0000 - 0x00007ffd6f203000 	C:\WINDOWS\SYSTEM32\DBGHELP.DLL
0x00007ffd730b0000 - 0x00007ffd73439000 	C:\WINDOWS\System32\combase.dll
0x00007ffd72e30000 - 0x00007ffd72f07000 	C:\WINDOWS\System32\OLEAUT32.dll
0x00007ffd62020000 - 0x00007ffd62052000 	C:\WINDOWS\SYSTEM32\dbgcore.DLL
0x00007ffd720e0000 - 0x00007ffd7215a000 	C:\WINDOWS\System32\bcryptPrimitives.dll
0x00007ffd18f80000 - 0x00007ffd18fa8000 	C:\Program Files\Microsoft\jdk-11.0.20.8-hotspot\bin\java.dll
0x00007ffd5c8f0000 - 0x00007ffd5c8fa000 	C:\Program Files\Microsoft\jdk-11.0.20.8-hotspot\bin\jimage.dll
0x00007ffd315b0000 - 0x00007ffd315c8000 	C:\Program Files\Microsoft\jdk-11.0.20.8-hotspot\bin\zip.dll
0x00007ffd734a0000 - 0x00007ffd73cf9000 	C:\WINDOWS\System32\SHELL32.dll
0x00007ffd6f6a0000 - 0x00007ffd6ff94000 	C:\WINDOWS\SYSTEM32\windows.storage.dll
0x00007ffd6f560000 - 0x00007ffd6f69e000 	C:\WINDOWS\SYSTEM32\wintypes.dll
0x00007ffd72c30000 - 0x00007ffd72d23000 	C:\WINDOWS\System32\SHCORE.dll
0x00007ffd72210000 - 0x00007ffd7226e000 	C:\WINDOWS\System32\shlwapi.dll
0x00007ffd716b0000 - 0x00007ffd716d6000 	C:\WINDOWS\SYSTEM32\profapi.dll
0x00007ffd2f9d0000 - 0x00007ffd2f9e9000 	C:\Program Files\Microsoft\jdk-11.0.20.8-hotspot\bin\net.dll
0x00007ffd65ee0000 - 0x00007ffd66017000 	C:\WINDOWS\SYSTEM32\WINHTTP.dll
0x00007ffd70c70000 - 0x00007ffd70cd9000 	C:\WINDOWS\system32\mswsock.dll
0x00007ffd2f8a0000 - 0x00007ffd2f8b3000 	C:\Program Files\Microsoft\jdk-11.0.20.8-hotspot\bin\nio.dll
0x00007ffd68a20000 - 0x00007ffd68a47000 	C:\Users\ASUS\.gradle\native\68d5fa5c4cc2d200863cafc0d521ce42e7d3e7ee720ec0a83991735586a16f82\windows-amd64\native-platform.dll
0x00007ffd0a890000 - 0x00007ffd0a9d4000 	C:\Users\ASUS\.gradle\native\e376f236ea51e6404a007f0833ffe2c6e607c4080706a723a18a27aeea778392\windows-amd64\native-platform-file-events.dll
0x00007ffd5c810000 - 0x00007ffd5c819000 	C:\Program Files\Microsoft\jdk-11.0.20.8-hotspot\bin\management.dll
0x00007ffd5c6a0000 - 0x00007ffd5c6ab000 	C:\Program Files\Microsoft\jdk-11.0.20.8-hotspot\bin\management_ext.dll
0x00007ffd70ed0000 - 0x00007ffd70eeb000 	C:\WINDOWS\SYSTEM32\CRYPTSP.dll
0x00007ffd706e0000 - 0x00007ffd70715000 	C:\WINDOWS\system32\rsaenh.dll
0x00007ffd70d60000 - 0x00007ffd70d8c000 	C:\WINDOWS\SYSTEM32\USERENV.dll
0x00007ffd71110000 - 0x00007ffd71138000 	C:\WINDOWS\SYSTEM32\bcrypt.dll
0x00007ffd70ec0000 - 0x00007ffd70ecc000 	C:\WINDOWS\SYSTEM32\CRYPTBASE.dll
0x00007ffd70240000 - 0x00007ffd7026d000 	C:\WINDOWS\SYSTEM32\IPHLPAPI.DLL
0x00007ffd73d70000 - 0x00007ffd73d79000 	C:\WINDOWS\System32\NSI.dll
0x00007ffd68db0000 - 0x00007ffd68dc9000 	C:\WINDOWS\SYSTEM32\dhcpcsvc6.DLL
0x00007ffd666b0000 - 0x00007ffd666cf000 	C:\WINDOWS\SYSTEM32\dhcpcsvc.DLL
0x00007ffd70270000 - 0x00007ffd70369000 	C:\WINDOWS\SYSTEM32\DNSAPI.dll

dbghelp: loaded successfully - version: 4.0.5 - missing functions: none
symbol engine: initialized successfully - sym options: 0x614 - pdb path: .;C:\Program Files\Microsoft\jdk-11.0.20.8-hotspot\bin;C:\WINDOWS\SYSTEM32;C:\WINDOWS\WinSxS\amd64_microsoft.windows.common-controls_6595b64144ccf1df_6.0.22621.2506_none_270c5ae97388e100;C:\Program Files\Microsoft\jdk-11.0.20.8-hotspot\bin\server;C:\Users\ASUS\.gradle\native\68d5fa5c4cc2d200863cafc0d521ce42e7d3e7ee720ec0a83991735586a16f82\windows-amd64;C:\Users\ASUS\.gradle\native\e376f236ea51e6404a007f0833ffe2c6e607c4080706a723a18a27aeea778392\windows-amd64

VM Arguments:
jvm_args: -XX:MaxMetaspaceSize=512m --add-opens=java.base/java.util=ALL-UNNAMED --add-opens=java.base/java.lang=ALL-UNNAMED --add-opens=java.base/java.lang.invoke=ALL-UNNAMED --add-opens=java.prefs/java.util.prefs=ALL-UNNAMED --add-opens=java.base/java.nio.charset=ALL-UNNAMED --add-opens=java.base/java.net=ALL-UNNAMED --add-opens=java.base/java.util.concurrent.atomic=ALL-UNNAMED -Xmx2048m -Dfile.encoding=windows-1252 -Duser.country=US -Duser.language=en -Duser.variant 
java_command: org.gradle.launcher.daemon.bootstrap.GradleDaemon 8.0.1
java_class_path (initial): C:\Users\ASUS\.gradle\wrapper\dists\gradle-8.0.1-all\aro4hu1c3oeioove7l0i4i14o\gradle-8.0.1\lib\gradle-launcher-8.0.1.jar
Launcher Type: SUN_STANDARD

[Global flags]
     intx CICompilerCount                          = 3                                         {product} {ergonomic}
   size_t CompressedClassSpaceSize                 = 528482304                                 {product} {ergonomic}
     uint ConcGCThreads                            = 1                                         {product} {ergonomic}
     uint G1ConcRefinementThreads                  = 4                                         {product} {ergonomic}
   size_t G1HeapRegionSize                         = 1048576                                   {product} {ergonomic}
    uintx GCDrainStackTargetSize                   = 64                                        {product} {ergonomic}
   size_t InitialHeapSize                          = 62914560                                  {product} {ergonomic}
   size_t MarkStackSize                            = 4194304                                   {product} {ergonomic}
   size_t MaxHeapSize                              = 2147483648                                {product} {command line}
   size_t MaxMetaspaceSize                         = 536870912                                 {product} {command line}
   size_t MaxNewSize                               = 1287651328                                {product} {ergonomic}
   size_t MinHeapDeltaBytes                        = 1048576                                   {product} {ergonomic}
    uintx NonNMethodCodeHeapSize                   = 5830732                                {pd product} {ergonomic}
    uintx NonProfiledCodeHeapSize                  = 122913754                              {pd product} {ergonomic}
    uintx ProfiledCodeHeapSize                     = 122913754                              {pd product} {ergonomic}
    uintx ReservedCodeCacheSize                    = 251658240                              {pd product} {ergonomic}
     bool SegmentedCodeCache                       = true                                      {product} {ergonomic}
     bool UseCompressedClassPointers               = true                                 {lp64_product} {ergonomic}
     bool UseCompressedOops                        = true                                 {lp64_product} {ergonomic}
     bool UseG1GC                                  = true                                      {product} {ergonomic}
     bool UseLargePagesIndividualAllocation        = false                                  {pd product} {ergonomic}

Logging:
Log output configuration:
 #0: stdout all=warning uptime,level,tags
 #1: stderr all=off uptime,level,tags

Environment Variables:
JAVA_HOME=C:\Program Files\Microsoft\jdk-11.0.20.8-hotspot\
CLASSPATH=C:\Users\ASUS\OneDrive\Dokumen\SEMS 5\project\MarkieBakery\android\\gradle\wrapper\gradle-wrapper.jar
PATH=C:\Users\ASUS\OneDrive\Dokumen\SEMS 5\project\MarkieBakery\node_modules\.bin;C:\Users\ASUS\OneDrive\Dokumen\SEMS 5\project\MarkieBakery\node_modules\.bin;C:\Users\ASUS\OneDrive\Dokumen\SEMS 5\project\node_modules\.bin;C:\Users\ASUS\OneDrive\Dokumen\SEMS 5\node_modules\.bin;C:\Users\ASUS\OneDrive\Dokumen\node_modules\.bin;C:\Users\ASUS\OneDrive\node_modules\.bin;C:\Users\ASUS\node_modules\.bin;C:\Users\node_modules\.bin;C:\node_modules\.bin;C:\Users\ASUS\AppData\Roaming\npm\node_modules\npm\node_modules\@npmcli\run-script\lib\node-gyp-bin;C:\Users\ASUS\OneDrive\Dokumen\SEMS 5\project\MarkieBakery\node_modules\.bin;C:\Users\ASUS\OneDrive\Dokumen\SEMS 5\project\MarkieBakery\node_modules\.bin;C:\Users\ASUS\OneDrive\Dokumen\SEMS 5\project\node_modules\.bin;C:\Users\ASUS\OneDrive\Dokumen\SEMS 5\node_modules\.bin;C:\Users\ASUS\OneDrive\Dokumen\node_modules\.bin;C:\Users\ASUS\OneDrive\node_modules\.bin;C:\Users\ASUS\node_modules\.bin;C:\Users\node_modules\.bin;C:\node_modules\.bin;C:\Users\ASUS\AppData\Roaming\npm\node_modules\npm\node_modules\@npmcli\run-script\lib\node-gyp-bin;C:\Program Files\Microsoft\jdk-11.0.20.8-hotspot\bin;C:\Program Files (x86)\Seagate Software\NOTES\;C:\Program Files (x86)\Seagate Software\NOTES\DATA\;C:\Program Files (x86)\Borland\Delphi for .NET Preview\aspx\bin\;C:\Program Files (x86)\Borland\Delphi for .NET Preview\aspx\framework\;C:\Program Files (x86)\Borland\Delphi for .NET Preview\bin\;C:\Program Files (x86)\Borland\Delphi7\Bin;C:\Program Files (x86)\Borland\Delphi7\Projects\Bpl\;C:\ProgramData\Oracle\Java\javapath;C:\WINDOWS\system32;C:\WINDOWS;C:\WINDOWS\System32\Wbem;C:\WINDOWS\System32\WindowsPowerShell\v1.0\;C:\WINDOWS\System32\OpenSSH\;C:\Program Files\dotnet\;C:\Program Files\Microsoft SQL Server\120\DTS\Binn\;C:\Program Files\Microsoft SQL Server\Client SDK\ODBC\110\Tools\Binn\;C:\Program Files (x86)\Microsoft SQL Server\120\Tools\Binn\;C:\Program Files\Microsoft SQL Server\120\Tools\Binn\;C:\Program Files (x86)\Microsoft SQL Ser
USERNAME=ASUS
LANG=en_US.UTF-8
OS=Windows_NT
PROCESSOR_IDENTIFIER=Intel64 Family 6 Model 126 Stepping 5, GenuineIntel
TMP=C:\Users\ASUS\AppData\Local\Temp
TEMP=C:\Users\ASUS\AppData\Local\Temp



---------------  S Y S T E M  ---------------

OS: Windows 11 , 64 bit Build 22621 (10.0.22621.2506)
OS uptime: 1 days 10:31 hours

CPU:total 4 (initial active 4) (2 cores per cpu, 2 threads per core) family 6 model 126 stepping 5 microcode 0xa6, cmov, cx8, fxsr, mmx, sse, sse2, sse3, ssse3, sse4.1, sse4.2, popcnt, avx, avx2, aes, clmul, erms, 3dnowpref, lzcnt, ht, tsc, tscinvbit, bmi1, bmi2, adx, evex, sha, fma

Memory: 4k page, system-wide physical 3836M (84M free)
TotalPageFile size 15612M (AvailPageFile size 2M)
current process WorkingSet (physical memory assigned to process): 116M, peak: 119M
current process commit charge ("private bytes"): 194M, peak: 196M

vm_info: OpenJDK 64-Bit Server VM (11.0.20+8-LTS) for windows-amd64 JRE (11.0.20+8-LTS), built on Jul  7 2023 17:05:21 by "MicrosoftCorporation" with MS VC++ 15.9 (VS2017)

END.
