#
# There is insufficient memory for the Java Runtime Environment to continue.
# Native memory allocation (malloc) failed to allocate 800496 bytes for Chunk::new
# Possible reasons:
#   The system is out of physical RAM or swap space
#   The process is running with CompressedOops enabled, and the Java Heap may be blocking the growth of the native heap
# Possible solutions:
#   Reduce memory load on the system
#   Increase physical memory or swap space
#   Check if swap backing store is full
#   Decrease Java heap size (-Xmx/-Xms)
#   Decrease number of Java threads
#   Decrease Java thread stack sizes (-Xss)
#   Set larger code cache with -XX:ReservedCodeCacheSize=
#   JVM is running with Unscaled Compressed Oops mode in which the Java heap is
#     placed in the first 4GB address space. The Java Heap base address is the
#     maximum limit for the native heap growth. Please use -XX:HeapBaseMinAddress
#     to set the Java Heap base and to place the Java Heap above 4GB virtual address.
# This output file may be truncated or incomplete.
#
#  Out of Memory Error (arena.cpp:197), pid=5100, tid=4200
#
# JRE version: OpenJDK Runtime Environment Microsoft-8035250 (11.0.20+8) (build 11.0.20+8-LTS)
# Java VM: OpenJDK 64-Bit Server VM Microsoft-8035250 (11.0.20+8-LTS, mixed mode, tiered, compressed oops, g1 gc, windows-amd64)
# No core dump will be written. Minidumps are not enabled by default on client versions of Windows
#

---------------  S U M M A R Y ------------

Command Line: -XX:MaxMetaspaceSize=512m --add-opens=java.base/java.util=ALL-UNNAMED --add-opens=java.base/java.lang=ALL-UNNAMED --add-opens=java.base/java.lang.invoke=ALL-UNNAMED --add-opens=java.prefs/java.util.prefs=ALL-UNNAMED --add-opens=java.base/java.nio.charset=ALL-UNNAMED --add-opens=java.base/java.net=ALL-UNNAMED --add-opens=java.base/java.util.concurrent.atomic=ALL-UNNAMED -Xmx2048m -Dfile.encoding=windows-1252 -Duser.country=US -Duser.language=en -Duser.variant org.gradle.launcher.daemon.bootstrap.GradleDaemon 8.0.1

Host: Intel(R) Core(TM) i3-1005G1 CPU @ 1.20GHz, 4 cores, 3G,  Windows 11 , 64 bit Build 22621 (10.0.22621.2506)
Time: Tue Dec 19 23:38:04 2023 SE Asia Standard Time elapsed time: 48.883489 seconds (0d 0h 0m 48s)

---------------  T H R E A D  ---------------

Current thread (0x000002ae594d4000):  JavaThread "C2 CompilerThread0" daemon [_thread_in_native, id=4200, stack(0x000000beeaf00000,0x000000beeb000000)]


Current CompileTask:
C2:  48883 2324       4       java.net.URLClassLoader$1::run (5 bytes)

Stack: [0x000000beeaf00000,0x000000beeb000000]
Native frames: (J=compiled Java code, j=interpreted, Vv=VM code, C=native code)
V  [jvm.dll+0x62e9da]
V  [jvm.dll+0x7bc4e9]
V  [jvm.dll+0x7bdbd8]
V  [jvm.dll+0x7be2b3]
V  [jvm.dll+0x2505a8]
V  [jvm.dll+0xc263c]
V  [jvm.dll+0xc2bfc]
V  [jvm.dll+0x2c56a4]
V  [jvm.dll+0x536a1c]
V  [jvm.dll+0x209056]
V  [jvm.dll+0x20b223]
V  [jvm.dll+0x20881b]
V  [jvm.dll+0x18a7de]
V  [jvm.dll+0x2181ec]
V  [jvm.dll+0x21642b]
V  [jvm.dll+0x77efc0]
V  [jvm.dll+0x777db4]
V  [jvm.dll+0x62d845]
C  [ucrtbase.dll+0x29363]
C  [KERNEL32.DLL+0x1257d]
C  [ntdll.dll+0x5aa58]


---------------  P R O C E S S  ---------------

Threads class SMR info:
_java_thread_list=0x000002ae5bb7b8c0, length=24, elements={
0x000002ae3a470800, 0x000002ae5947e800, 0x000002ae59489800, 0x000002ae5947c000,
0x000002ae594ce800, 0x000002ae594d1800, 0x000002ae594d4000, 0x000002ae59640800,
0x000002ae59649000, 0x000002ae59758800, 0x000002ae5aefb800, 0x000002ae5a476000,
0x000002ae5a311000, 0x000002ae5b0bc800, 0x000002ae5a5f6800, 0x000002ae5acc0000,
0x000002ae59bcc000, 0x000002ae5b414800, 0x000002ae598ec800, 0x000002ae5a4c6800,
0x000002ae5a4c7000, 0x000002ae5a4c4000, 0x000002ae5a4c3000, 0x000002ae5a4c4800
}

Java Threads: ( => current thread )
  0x000002ae3a470800 JavaThread "main" [_thread_blocked, id=11004, stack(0x000000beea300000,0x000000beea400000)]
  0x000002ae5947e800 JavaThread "Reference Handler" daemon [_thread_blocked, id=3412, stack(0x000000beeaa00000,0x000000beeab00000)]
  0x000002ae59489800 JavaThread "Finalizer" daemon [_thread_blocked, id=10764, stack(0x000000beeab00000,0x000000beeac00000)]
  0x000002ae5947c000 JavaThread "Signal Dispatcher" daemon [_thread_blocked, id=124, stack(0x000000beeac00000,0x000000beead00000)]
  0x000002ae594ce800 JavaThread "Attach Listener" daemon [_thread_blocked, id=11444, stack(0x000000beead00000,0x000000beeae00000)]
  0x000002ae594d1800 JavaThread "Service Thread" daemon [_thread_blocked, id=3132, stack(0x000000beeae00000,0x000000beeaf00000)]
=>0x000002ae594d4000 JavaThread "C2 CompilerThread0" daemon [_thread_in_native, id=4200, stack(0x000000beeaf00000,0x000000beeb000000)]
  0x000002ae59640800 JavaThread "C1 CompilerThread0" daemon [_thread_blocked, id=19068, stack(0x000000beeb000000,0x000000beeb100000)]
  0x000002ae59649000 JavaThread "Sweeper thread" daemon [_thread_blocked, id=14848, stack(0x000000beeb100000,0x000000beeb200000)]
  0x000002ae59758800 JavaThread "Common-Cleaner" daemon [_thread_blocked, id=16716, stack(0x000000beeb200000,0x000000beeb300000)]
  0x000002ae5aefb800 JavaThread "Daemon health stats" [_thread_blocked, id=15684, stack(0x000000beeb500000,0x000000beeb600000)]
  0x000002ae5a476000 JavaThread "Incoming local TCP Connector on port 1203" [_thread_in_native, id=13740, stack(0x000000beeb600000,0x000000beeb700000)]
  0x000002ae5a311000 JavaThread "Daemon periodic checks" [_thread_blocked, id=15672, stack(0x000000beeb700000,0x000000beeb800000)]
  0x000002ae5b0bc800 JavaThread "Daemon" [_thread_blocked, id=3448, stack(0x000000beeb800000,0x000000beeb900000)]
  0x000002ae5a5f6800 JavaThread "Handler for socket connection from /127.0.0.1:1203 to /127.0.0.1:1204" [_thread_in_native, id=11320, stack(0x000000beeb900000,0x000000beeba00000)]
  0x000002ae5acc0000 JavaThread "Cancel handler" [_thread_blocked, id=19324, stack(0x000000beeba00000,0x000000beebb00000)]
  0x000002ae59bcc000 JavaThread "Daemon worker" [_thread_in_vm, id=19688, stack(0x000000beebb00000,0x000000beebc00000)]
  0x000002ae5b414800 JavaThread "Asynchronous log dispatcher for DefaultDaemonConnection: socket connection from /127.0.0.1:1203 to /127.0.0.1:1204" [_thread_blocked, id=7804, stack(0x000000beebc00000,0x000000beebd00000)]
  0x000002ae598ec800 JavaThread "Stdin handler" [_thread_blocked, id=3572, stack(0x000000beebd00000,0x000000beebe00000)]
  0x000002ae5a4c6800 JavaThread "Daemon client event forwarder" [_thread_blocked, id=13700, stack(0x000000beebe00000,0x000000beebf00000)]
  0x000002ae5a4c7000 JavaThread "Cache worker for journal cache (C:\Users\ASUS\.gradle\caches\journal-1)" [_thread_blocked, id=6496, stack(0x000000beec100000,0x000000beec200000)]
  0x000002ae5a4c4000 JavaThread "File lock request listener" [_thread_in_native, id=3860, stack(0x000000beec200000,0x000000beec300000)]
  0x000002ae5a4c3000 JavaThread "File lock release action executor" [_thread_blocked, id=12504, stack(0x000000beec300000,0x000000beec400000)]
  0x000002ae5a4c4800 JavaThread "Cache worker for file hash cache (C:\Users\ASUS\.gradle\caches\8.0.1\fileHashes)" [_thread_blocked, id=1312, stack(0x000000beec400000,0x000000beec500000)]

Other Threads:
  0x000002ae5946b800 VMThread "VM Thread" [stack: 0x000000beea900000,0x000000beeaa00000] [id=1368]
  0x000002ae5976b000 WatcherThread [stack: 0x000000beeb300000,0x000000beeb400000] [id=13832]
  0x000002ae3a489800 GCTaskThread "GC Thread#0" [stack: 0x000000beea400000,0x000000beea500000] [id=8620]
  0x000002ae59998800 GCTaskThread "GC Thread#1" [stack: 0x000000beeb400000,0x000000beeb500000] [id=17264]
  0x000002ae5a1d8000 GCTaskThread "GC Thread#2" [stack: 0x000000beebf00000,0x000000beec000000] [id=17300]
  0x000002ae5a1d9000 GCTaskThread "GC Thread#3" [stack: 0x000000beec000000,0x000000beec100000] [id=19504]
  0x000002ae3a4ba800 ConcurrentGCThread "G1 Main Marker" [stack: 0x000000beea500000,0x000000beea600000] [id=11116]
  0x000002ae3a4bc000 ConcurrentGCThread "G1 Conc#0" [stack: 0x000000beea600000,0x000000beea700000] [id=19584]
  0x000002ae3a505000 ConcurrentGCThread "G1 Refine#0" [stack: 0x000000beea700000,0x000000beea800000] [id=19376]
  0x000002ae3a507000 ConcurrentGCThread "G1 Young RemSet Sampling" [stack: 0x000000beea800000,0x000000beea900000] [id=6576]

Threads with active compile tasks:
C2 CompilerThread0    48925 2324       4       java.net.URLClassLoader$1::run (5 bytes)

VM state:not at safepoint (normal execution)

VM Mutex/Monitor currently owned by a thread: None

Heap address: 0x0000000080000000, size: 2048 MB, Compressed Oops mode: 32-bit
Narrow klass base: 0x0000000000000000, Narrow klass shift: 3
Compressed class space size: 528482304 Address: 0x0000000100000000

Heap:
 garbage-first heap   total 61440K, used 26415K [0x0000000080000000, 0x0000000100000000)
  region size 1024K, 10 young (10240K), 2 survivors (2048K)
 Metaspace       used 23935K, capacity 24502K, committed 24624K, reserved 538624K
  class space    used 2924K, capacity 3139K, committed 3200K, reserved 516096K
Heap Regions: E=young(eden), S=young(survivor), O=old, HS=humongous(starts), HC=humongous(continues), CS=collection set, F=free, A=archive, TAMS=top-at-mark-start (previous, next)
|   0|0x0000000080000000, 0x0000000080100000, 0x0000000080100000|100%| O|  |TAMS 0x0000000080100000, 0x0000000080000000| Untracked 
|   1|0x0000000080100000, 0x0000000080200000, 0x0000000080200000|100%| O|  |TAMS 0x0000000080200000, 0x0000000080100000| Untracked 
|   2|0x0000000080200000, 0x0000000080300000, 0x0000000080300000|100%| O|  |TAMS 0x0000000080300000, 0x0000000080200000| Untracked 
|   3|0x0000000080300000, 0x0000000080400000, 0x0000000080400000|100%|HS|  |TAMS 0x0000000080400000, 0x0000000080300000| Complete 
|   4|0x0000000080400000, 0x0000000080500000, 0x0000000080500000|100%|HC|  |TAMS 0x0000000080500000, 0x0000000080400000| Complete 
|   5|0x0000000080500000, 0x0000000080600000, 0x0000000080600000|100%|HC|  |TAMS 0x0000000080600000, 0x0000000080500000| Complete 
|   6|0x0000000080600000, 0x0000000080700000, 0x0000000080700000|100%|HC|  |TAMS 0x0000000080700000, 0x0000000080600000| Complete 
|   7|0x0000000080700000, 0x0000000080800000, 0x0000000080800000|100%| O|  |TAMS 0x0000000080800000, 0x0000000080700000| Untracked 
|   8|0x0000000080800000, 0x0000000080900000, 0x0000000080900000|100%| O|  |TAMS 0x0000000080900000, 0x0000000080800000| Untracked 
|   9|0x0000000080900000, 0x0000000080a00000, 0x0000000080a00000|100%| O|  |TAMS 0x0000000080a00000, 0x0000000080900000| Untracked 
|  10|0x0000000080a00000, 0x0000000080b00000, 0x0000000080b00000|100%| O|  |TAMS 0x0000000080b00000, 0x0000000080a00000| Untracked 
|  11|0x0000000080b00000, 0x0000000080c00000, 0x0000000080c00000|100%| O|  |TAMS 0x0000000080c00000, 0x0000000080b00000| Untracked 
|  12|0x0000000080c00000, 0x0000000080d00000, 0x0000000080d00000|100%| O|  |TAMS 0x0000000080d00000, 0x0000000080c00000| Untracked 
|  13|0x0000000080d00000, 0x0000000080e00000, 0x0000000080e00000|100%| O|  |TAMS 0x0000000080e00000, 0x0000000080d00000| Untracked 
|  14|0x0000000080e00000, 0x0000000080f00000, 0x0000000080f00000|100%| O|  |TAMS 0x0000000080f00000, 0x0000000080e00000| Untracked 
|  15|0x0000000080f00000, 0x0000000081000000, 0x0000000081000000|100%| O|  |TAMS 0x0000000081000000, 0x0000000080f00000| Untracked 
|  16|0x0000000081000000, 0x0000000081100000, 0x0000000081100000|100%| O|  |TAMS 0x0000000081100000, 0x0000000081000000| Untracked 
|  17|0x0000000081100000, 0x0000000081187e00, 0x0000000081200000| 53%| O|  |TAMS 0x0000000081187e00, 0x0000000081100000| Untracked 
|  18|0x0000000081200000, 0x0000000081200000, 0x0000000081300000|  0%| F|  |TAMS 0x0000000081200000, 0x0000000081200000| Untracked 
|  19|0x0000000081300000, 0x0000000081300000, 0x0000000081400000|  0%| F|  |TAMS 0x0000000081300000, 0x0000000081300000| Untracked 
|  20|0x0000000081400000, 0x0000000081400000, 0x0000000081500000|  0%| F|  |TAMS 0x0000000081400000, 0x0000000081400000| Untracked 
|  21|0x0000000081500000, 0x0000000081500000, 0x0000000081600000|  0%| F|  |TAMS 0x0000000081500000, 0x0000000081500000| Untracked 
|  22|0x0000000081600000, 0x0000000081600000, 0x0000000081700000|  0%| F|  |TAMS 0x0000000081600000, 0x0000000081600000| Untracked 
|  23|0x0000000081700000, 0x0000000081700000, 0x0000000081800000|  0%| F|  |TAMS 0x0000000081700000, 0x0000000081700000| Untracked 
|  24|0x0000000081800000, 0x0000000081800000, 0x0000000081900000|  0%| F|  |TAMS 0x0000000081800000, 0x0000000081800000| Untracked 
|  25|0x0000000081900000, 0x0000000081900000, 0x0000000081a00000|  0%| F|  |TAMS 0x0000000081900000, 0x0000000081900000| Untracked 
|  26|0x0000000081a00000, 0x0000000081a00000, 0x0000000081b00000|  0%| F|  |TAMS 0x0000000081a00000, 0x0000000081a00000| Untracked 
|  27|0x0000000081b00000, 0x0000000081b00000, 0x0000000081c00000|  0%| F|  |TAMS 0x0000000081b00000, 0x0000000081b00000| Untracked 
|  28|0x0000000081c00000, 0x0000000081c00000, 0x0000000081d00000|  0%| F|  |TAMS 0x0000000081c00000, 0x0000000081c00000| Untracked 
|  29|0x0000000081d00000, 0x0000000081d00000, 0x0000000081e00000|  0%| F|  |TAMS 0x0000000081d00000, 0x0000000081d00000| Untracked 
|  30|0x0000000081e00000, 0x0000000081e00000, 0x0000000081f00000|  0%| F|  |TAMS 0x0000000081e00000, 0x0000000081e00000| Untracked 
|  31|0x0000000081f00000, 0x0000000081f00000, 0x0000000082000000|  0%| F|  |TAMS 0x0000000081f00000, 0x0000000081f00000| Untracked 
|  32|0x0000000082000000, 0x0000000082000000, 0x0000000082100000|  0%| F|  |TAMS 0x0000000082000000, 0x0000000082000000| Untracked 
|  33|0x0000000082100000, 0x0000000082100000, 0x0000000082200000|  0%| F|  |TAMS 0x0000000082100000, 0x0000000082100000| Untracked 
|  34|0x0000000082200000, 0x0000000082200000, 0x0000000082300000|  0%| F|  |TAMS 0x0000000082200000, 0x0000000082200000| Untracked 
|  35|0x0000000082300000, 0x0000000082343f70, 0x0000000082400000| 26%| S|CS|TAMS 0x0000000082300000, 0x0000000082300000| Complete 
|  36|0x0000000082400000, 0x0000000082500000, 0x0000000082500000|100%| S|CS|TAMS 0x0000000082400000, 0x0000000082400000| Complete 
|  37|0x0000000082500000, 0x0000000082500000, 0x0000000082600000|  0%| F|  |TAMS 0x0000000082500000, 0x0000000082500000| Untracked 
|  38|0x0000000082600000, 0x0000000082600000, 0x0000000082700000|  0%| F|  |TAMS 0x0000000082600000, 0x0000000082600000| Untracked 
|  39|0x0000000082700000, 0x0000000082700000, 0x0000000082800000|  0%| F|  |TAMS 0x0000000082700000, 0x0000000082700000| Untracked 
|  40|0x0000000082800000, 0x0000000082800000, 0x0000000082900000|  0%| F|  |TAMS 0x0000000082800000, 0x0000000082800000| Untracked 
|  41|0x0000000082900000, 0x0000000082900000, 0x0000000082a00000|  0%| F|  |TAMS 0x0000000082900000, 0x0000000082900000| Untracked 
|  42|0x0000000082a00000, 0x0000000082a00000, 0x0000000082b00000|  0%| F|  |TAMS 0x0000000082a00000, 0x0000000082a00000| Untracked 
|  43|0x0000000082b00000, 0x0000000082b00000, 0x0000000082c00000|  0%| F|  |TAMS 0x0000000082b00000, 0x0000000082b00000| Untracked 
|  44|0x0000000082c00000, 0x0000000082c00000, 0x0000000082d00000|  0%| F|  |TAMS 0x0000000082c00000, 0x0000000082c00000| Untracked 
|  45|0x0000000082d00000, 0x0000000082d00000, 0x0000000082e00000|  0%| F|  |TAMS 0x0000000082d00000, 0x0000000082d00000| Untracked 
|  46|0x0000000082e00000, 0x0000000082e00000, 0x0000000082f00000|  0%| F|  |TAMS 0x0000000082e00000, 0x0000000082e00000| Untracked 
|  47|0x0000000082f00000, 0x0000000082f00000, 0x0000000083000000|  0%| F|  |TAMS 0x0000000082f00000, 0x0000000082f00000| Untracked 
|  48|0x0000000083000000, 0x0000000083000000, 0x0000000083100000|  0%| F|  |TAMS 0x0000000083000000, 0x0000000083000000| Untracked 
|  49|0x0000000083100000, 0x0000000083100000, 0x0000000083200000|  0%| F|  |TAMS 0x0000000083100000, 0x0000000083100000| Untracked 
|  50|0x0000000083200000, 0x0000000083200000, 0x0000000083300000|  0%| F|  |TAMS 0x0000000083200000, 0x0000000083200000| Untracked 
|  51|0x0000000083300000, 0x0000000083300000, 0x0000000083400000|  0%| F|  |TAMS 0x0000000083300000, 0x0000000083300000| Untracked 
|  52|0x0000000083400000, 0x00000000834a9b40, 0x0000000083500000| 66%| E|  |TAMS 0x0000000083400000, 0x0000000083400000| Complete 
|  53|0x0000000083500000, 0x0000000083600000, 0x0000000083600000|100%| E|CS|TAMS 0x0000000083500000, 0x0000000083500000| Complete 
|  54|0x0000000083600000, 0x0000000083700000, 0x0000000083700000|100%| E|CS|TAMS 0x0000000083600000, 0x0000000083600000| Complete 
|  55|0x0000000083700000, 0x0000000083800000, 0x0000000083800000|100%| E|CS|TAMS 0x0000000083700000, 0x0000000083700000| Complete 
|  56|0x0000000083800000, 0x0000000083900000, 0x0000000083900000|100%| E|CS|TAMS 0x0000000083800000, 0x0000000083800000| Complete 
|  57|0x0000000083900000, 0x0000000083a00000, 0x0000000083a00000|100%| E|CS|TAMS 0x0000000083900000, 0x0000000083900000| Complete 
|  58|0x0000000083a00000, 0x0000000083b00000, 0x0000000083b00000|100%| E|CS|TAMS 0x0000000083a00000, 0x0000000083a00000| Complete 
|  59|0x0000000083b00000, 0x0000000083c00000, 0x0000000083c00000|100%| E|CS|TAMS 0x0000000083b00000, 0x0000000083b00000| Complete 

Card table byte_map: [0x000002ae51fe0000,0x000002ae523e0000] _byte_map_base: 0x000002ae51be0000

Marking Bits (Prev, Next): (CMBitMap*) 0x000002ae3a4b1d00, (CMBitMap*) 0x000002ae3a4b1cc8
 Prev Bits: [0x000002ae547e0000, 0x000002ae567e0000)
 Next Bits: [0x000002ae527e0000, 0x000002ae547e0000)

Polling page: 0x000002ae38420000

Metaspace:

Usage:
  Non-class:     20.86 MB capacity,    20.52 MB ( 98%) used,   304.00 KB (  1%) free+waste,    47.81 KB ( <1%) overhead. 
      Class:      3.07 MB capacity,     2.86 MB ( 93%) used,   191.21 KB (  6%) free+waste,    23.69 KB ( <1%) overhead. 
       Both:     23.93 MB capacity,    23.37 MB ( 98%) used,   495.21 KB (  2%) free+waste,    71.50 KB ( <1%) overhead. 

Virtual space:
  Non-class space:       22.00 MB reserved,      20.92 MB ( 95%) committed 
      Class space:      504.00 MB reserved,       3.13 MB ( <1%) committed 
             Both:      526.00 MB reserved,      24.05 MB (  5%) committed 

Chunk freelists:
   Non-Class:  61.00 KB
       Class:  29.00 KB
        Both:  90.00 KB

MaxMetaspaceSize: 512.00 MB
CompressedClassSpaceSize: 504.00 MB
Initial GC threshold: 20.80 MB
Current GC threshold: 35.08 MB
CDS: off

CodeHeap 'non-profiled nmethods': size=120064Kb used=1156Kb max_used=1156Kb free=118907Kb
 bounds [0x000002ae4a6a0000, 0x000002ae4a910000, 0x000002ae51be0000]
CodeHeap 'profiled nmethods': size=120000Kb used=4929Kb max_used=4929Kb free=115071Kb
 bounds [0x000002ae43170000, 0x000002ae43650000, 0x000002ae4a6a0000]
CodeHeap 'non-nmethods': size=5696Kb used=1241Kb max_used=1273Kb free=4454Kb
 bounds [0x000002ae42be0000, 0x000002ae42e50000, 0x000002ae43170000]
 total_blobs=2828 nmethods=2319 adapters=421
 compilation: enabled
              stopped_count=0, restarted_count=0
 full_count=0

Compilation events (20 events):
Event: 48.341 Thread 0x000002ae59640800 nmethod 2314 0x000002ae43636710 code [0x000002ae436368e0, 0x000002ae43636d58]
Event: 48.372 Thread 0x000002ae59640800 2315       3       java.lang.Class::privateGetDeclaredConstructors (79 bytes)
Event: 48.372 Thread 0x000002ae59640800 nmethod 2315 0x000002ae43636e90 code [0x000002ae436370a0, 0x000002ae436375a8]
Event: 48.398 Thread 0x000002ae59640800 2316       3       java.lang.Package$VersionInfo::<init> (44 bytes)
Event: 48.398 Thread 0x000002ae59640800 nmethod 2316 0x000002ae43637790 code [0x000002ae43637960, 0x000002ae43637d58]
Event: 48.414 Thread 0x000002ae59640800 2317       3       org.gradle.internal.service.DefaultServiceRegistry$SingletonService::getAll (23 bytes)
Event: 48.415 Thread 0x000002ae59640800 nmethod 2317 0x000002ae43637e10 code [0x000002ae43637fe0, 0x000002ae43638268]
Event: 48.645 Thread 0x000002ae594d4000 2318       4       java.lang.ClassNotFoundException::<init> (7 bytes)
Event: 48.654 Thread 0x000002ae594d4000 nmethod 2318 0x000002ae4a7c0510 code [0x000002ae4a7c06c0, 0x000002ae4a7c0e08]
Event: 48.728 Thread 0x000002ae59640800 2319       3       java.util.LinkedList$ListItr::<init> (47 bytes)
Event: 48.728 Thread 0x000002ae59640800 nmethod 2319 0x000002ae43638390 code [0x000002ae43638560, 0x000002ae43638848]
Event: 48.730 Thread 0x000002ae59640800 2321   !   3       org.gradle.internal.service.MethodHandleBasedServiceMethodFactory::toServiceMethod (51 bytes)
Event: 48.732 Thread 0x000002ae59640800 nmethod 2321 0x000002ae43638990 code [0x000002ae43638d00, 0x000002ae4363a268]
Event: 48.732 Thread 0x000002ae59640800 2322       3       java.lang.reflect.Method::getGenericParameterTypes (5 bytes)
Event: 48.734 Thread 0x000002ae59640800 nmethod 2322 0x000002ae4363a990 code [0x000002ae4363ac60, 0x000002ae4363bcb8]
Event: 48.734 Thread 0x000002ae59640800 2323       3       java.lang.reflect.Method::hasGenericInformation (13 bytes)
Event: 48.734 Thread 0x000002ae59640800 nmethod 2323 0x000002ae4363c190 code [0x000002ae4363c340, 0x000002ae4363c4b8]
Event: 48.784 Thread 0x000002ae594d4000 2324       4       java.net.URLClassLoader$1::run (5 bytes)
Event: 48.784 Thread 0x000002ae59640800 2325   !   3       org.gradle.internal.classloader.TransformingClassLoader::findClass (203 bytes)
Event: 48.789 Thread 0x000002ae59640800 nmethod 2325 0x000002ae4363c590 code [0x000002ae4363cae0, 0x000002ae4363f3f8]

GC Heap History (14 events):
Event: 8.127 GC heap before
{Heap before GC invocations=0 (full 0):
 garbage-first heap   total 61440K, used 13312K [0x0000000080000000, 0x0000000100000000)
  region size 1024K, 14 young (14336K), 0 survivors (0K)
 Metaspace       used 6812K, capacity 6989K, committed 7168K, reserved 524288K
  class space    used 574K, capacity 650K, committed 768K, reserved 516096K
}
Event: 8.138 GC heap after
{Heap after GC invocations=1 (full 0):
 garbage-first heap   total 61440K, used 4285K [0x0000000080000000, 0x0000000100000000)
  region size 1024K, 2 young (2048K), 2 survivors (2048K)
 Metaspace       used 6812K, capacity 6989K, committed 7168K, reserved 524288K
  class space    used 574K, capacity 650K, committed 768K, reserved 516096K
}
Event: 12.777 GC heap before
{Heap before GC invocations=1 (full 0):
 garbage-first heap   total 61440K, used 20669K [0x0000000080000000, 0x0000000100000000)
  region size 1024K, 14 young (14336K), 2 survivors (2048K)
 Metaspace       used 10012K, capacity 10246K, committed 10368K, reserved 526336K
  class space    used 1014K, capacity 1102K, committed 1152K, reserved 516096K
}
Event: 12.784 GC heap after
{Heap after GC invocations=2 (full 0):
 garbage-first heap   total 61440K, used 10548K [0x0000000080000000, 0x0000000100000000)
  region size 1024K, 2 young (2048K), 2 survivors (2048K)
 Metaspace       used 10012K, capacity 10246K, committed 10368K, reserved 526336K
  class space    used 1014K, capacity 1102K, committed 1152K, reserved 516096K
}
Event: 18.526 GC heap before
{Heap before GC invocations=2 (full 0):
 garbage-first heap   total 61440K, used 32052K [0x0000000080000000, 0x0000000100000000)
  region size 1024K, 23 young (23552K), 2 survivors (2048K)
 Metaspace       used 10948K, capacity 11199K, committed 11520K, reserved 526336K
  class space    used 1115K, capacity 1206K, committed 1280K, reserved 516096K
}
Event: 18.531 GC heap after
{Heap after GC invocations=3 (full 0):
 garbage-first heap   total 61440K, used 11157K [0x0000000080000000, 0x0000000100000000)
  region size 1024K, 1 young (1024K), 1 survivors (1024K)
 Metaspace       used 10948K, capacity 11199K, committed 11520K, reserved 526336K
  class space    used 1115K, capacity 1206K, committed 1280K, reserved 516096K
}
Event: 21.464 GC heap before
{Heap before GC invocations=3 (full 0):
 garbage-first heap   total 61440K, used 35733K [0x0000000080000000, 0x0000000100000000)
  region size 1024K, 24 young (24576K), 1 survivors (1024K)
 Metaspace       used 11429K, capacity 11703K, committed 11904K, reserved 528384K
  class space    used 1220K, capacity 1310K, committed 1408K, reserved 516096K
}
Event: 21.472 GC heap after
{Heap after GC invocations=4 (full 0):
 garbage-first heap   total 61440K, used 15453K [0x0000000080000000, 0x0000000100000000)
  region size 1024K, 3 young (3072K), 3 survivors (3072K)
 Metaspace       used 11429K, capacity 11703K, committed 11904K, reserved 528384K
  class space    used 1220K, capacity 1310K, committed 1408K, reserved 516096K
}
Event: 39.594 GC heap before
{Heap before GC invocations=4 (full 0):
 garbage-first heap   total 61440K, used 37981K [0x0000000080000000, 0x0000000100000000)
  region size 1024K, 25 young (25600K), 3 survivors (3072K)
 Metaspace       used 18471K, capacity 18809K, committed 18944K, reserved 534528K
  class space    used 2088K, capacity 2209K, committed 2304K, reserved 516096K
}
Event: 39.764 GC heap after
{Heap after GC invocations=5 (full 0):
 garbage-first heap   total 61440K, used 17957K [0x0000000080000000, 0x0000000100000000)
  region size 1024K, 3 young (3072K), 3 survivors (3072K)
 Metaspace       used 18471K, capacity 18809K, committed 18944K, reserved 534528K
  class space    used 2088K, capacity 2209K, committed 2304K, reserved 516096K
}
Event: 41.921 GC heap before
{Heap before GC invocations=5 (full 0):
 garbage-first heap   total 61440K, used 31269K [0x0000000080000000, 0x0000000100000000)
  region size 1024K, 18 young (18432K), 3 survivors (3072K)
 Metaspace       used 20653K, capacity 21130K, committed 21296K, reserved 536576K
  class space    used 2414K, capacity 2607K, committed 2688K, reserved 516096K
}
Event: 41.930 GC heap after
{Heap after GC invocations=6 (full 0):
 garbage-first heap   total 61440K, used 18629K [0x0000000080000000, 0x0000000100000000)
  region size 1024K, 1 young (1024K), 1 survivors (1024K)
 Metaspace       used 20653K, capacity 21130K, committed 21296K, reserved 536576K
  class space    used 2414K, capacity 2607K, committed 2688K, reserved 516096K
}
Event: 47.601 GC heap before
{Heap before GC invocations=7 (full 0):
 garbage-first heap   total 61440K, used 40133K [0x0000000080000000, 0x0000000100000000)
  region size 1024K, 23 young (23552K), 1 survivors (1024K)
 Metaspace       used 23015K, capacity 23614K, committed 23984K, reserved 538624K
  class space    used 2766K, capacity 2992K, committed 3072K, reserved 516096K
}
Event: 47.618 GC heap after
{Heap after GC invocations=8 (full 0):
 garbage-first heap   total 61440K, used 19247K [0x0000000080000000, 0x0000000100000000)
  region size 1024K, 2 young (2048K), 2 survivors (2048K)
 Metaspace       used 23015K, capacity 23614K, committed 23984K, reserved 538624K
  class space    used 2766K, capacity 2992K, committed 3072K, reserved 516096K
}

Deoptimization events (20 events):
Event: 44.194 Thread 0x000002ae59bcc000 Uncommon trap: trap_request=0xffffffc6 fr.pc=0x000002ae4a721354 relative=0x0000000000000114
Event: 44.194 Thread 0x000002ae59bcc000 Uncommon trap: reason=bimorphic_or_optimized_type_check action=maybe_recompile pc=0x000002ae4a721354 method=java.util.AbstractList$Itr.next()Ljava/lang/Object; @ 14 c2
Event: 44.194 Thread 0x000002ae59bcc000 DEOPT PACKING pc=0x000002ae4a721354 sp=0x000000beebbfc6b0
Event: 44.194 Thread 0x000002ae59bcc000 DEOPT UNPACKING pc=0x000002ae42be85af sp=0x000000beebbfc648 mode 2
Event: 44.195 Thread 0x000002ae59bcc000 Uncommon trap: trap_request=0xffffff4d fr.pc=0x000002ae4a71a05c relative=0x000000000000051c
Event: 44.195 Thread 0x000002ae59bcc000 Uncommon trap: reason=unstable_if action=reinterpret pc=0x000002ae4a71a05c method=java.io.File.getName()Ljava/lang/String; @ 16 c2
Event: 44.195 Thread 0x000002ae59bcc000 DEOPT PACKING pc=0x000002ae4a71a05c sp=0x000000beebbfd0f0
Event: 44.195 Thread 0x000002ae59bcc000 DEOPT UNPACKING pc=0x000002ae42be85af sp=0x000000beebbfd0c0 mode 2
Event: 44.195 Thread 0x000002ae59bcc000 Uncommon trap: trap_request=0xffffff4d fr.pc=0x000002ae4a715fb4 relative=0x0000000000000474
Event: 44.195 Thread 0x000002ae59bcc000 Uncommon trap: reason=unstable_if action=reinterpret pc=0x000002ae4a715fb4 method=java.lang.String.substring(I)Ljava/lang/String; @ 34 c2
Event: 44.195 Thread 0x000002ae59bcc000 DEOPT PACKING pc=0x000002ae4a715fb4 sp=0x000000beebbfd070
Event: 44.195 Thread 0x000002ae59bcc000 DEOPT UNPACKING pc=0x000002ae42be85af sp=0x000000beebbfd048 mode 2
Event: 44.875 Thread 0x000002ae59bcc000 Uncommon trap: trap_request=0xffffffcc fr.pc=0x000002ae4a7ad8f4 relative=0x00000000000002b4
Event: 44.875 Thread 0x000002ae59bcc000 Uncommon trap: reason=intrinsic_or_type_checked_inlining action=make_not_entrant pc=0x000002ae4a7ad8f4 method=java.util.Arrays.copyOf([Ljava/lang/Object;ILjava/lang/Class;)[Ljava/lang/Object; @ 35 c2
Event: 44.875 Thread 0x000002ae59bcc000 DEOPT PACKING pc=0x000002ae4a7ad8f4 sp=0x000000beebbfda10
Event: 44.875 Thread 0x000002ae59bcc000 DEOPT UNPACKING pc=0x000002ae42be85af sp=0x000000beebbfd9a0 mode 2
Event: 47.573 Thread 0x000002ae59bcc000 Uncommon trap: trap_request=0xffffff4d fr.pc=0x000002ae4a7b3b80 relative=0x0000000000004440
Event: 47.574 Thread 0x000002ae59bcc000 Uncommon trap: reason=unstable_if action=reinterpret pc=0x000002ae4a7b3b80 method=jdk.internal.loader.BuiltinClassLoader.loadClassOrNull(Ljava/lang/String;Z)Ljava/lang/Class; @ 17 c2
Event: 47.575 Thread 0x000002ae59bcc000 DEOPT PACKING pc=0x000002ae4a7b3b80 sp=0x000000beebbf47f0
Event: 47.580 Thread 0x000002ae59bcc000 DEOPT UNPACKING pc=0x000002ae42be85af sp=0x000000beebbf4740 mode 2

Classes redefined (0 events):
No events

Internal exceptions (20 events):
Event: 34.328 Thread 0x000002ae3a470800 Exception <a 'java/io/IOException'{0x0000000082e7c2f8}> (0x0000000082e7c2f8) thrown at [s\src\hotspot\share\prims\jni.cpp, line 617]
Event: 38.755 Thread 0x000002ae59bcc000 Exception <a 'java/lang/NoSuchMethodError'{0x000000008296ac08}: 'long java.lang.invoke.DirectMethodHandle$Holder.invokeInterface(java.lang.Object, java.lang.Object)'> (0x000000008296ac08) thrown at [s\src\hotspot\share\interpreter\linkResolver.cpp, line 773]
Event: 39.045 Thread 0x000002ae59bcc000 Exception <a 'java/lang/NoSuchMethodError'{0x00000000829f4e18}: 'java.lang.Object java.lang.invoke.DirectMethodHandle$Holder.invokeVirtual(java.lang.Object, java.lang.Object, java.lang.Object)'> (0x00000000829f4e18) thrown at [s\src\hotspot\share\interpreter\linkResolver.cpp, line 773]
Event: 40.964 Thread 0x000002ae59bcc000 Exception <a 'java/lang/NoSuchMethodError'{0x00000000835ce6e0}: 'java.lang.Object java.lang.invoke.Invokers$Holder.linkToTargetMethod(java.lang.Object, java.lang.Object, java.lang.Object, java.lang.Object, java.lang.Object, java.lang.Object)'> (0x00000000835ce6e0) thrown at [s\src\hotspot\share\interpreter\linkResolver.cpp, line 773]
Event: 40.970 Thread 0x000002ae59bcc000 Exception <a 'java/lang/NoSuchMethodError'{0x00000000835fc808}: 'void java.lang.invoke.DirectMethodHandle$Holder.invokeSpecial(java.lang.Object, java.lang.Object, java.lang.Object, java.lang.Object, java.lang.Object, java.lang.Object)'> (0x00000000835fc808) thrown at [s\src\hotspot\share\interpreter\linkResolver.cpp, line 773]
Event: 40.977 Thread 0x000002ae59bcc000 Exception <a 'java/lang/NoSuchMethodError'{0x000000008342aef8}: 'java.lang.Object java.lang.invoke.DirectMethodHandle$Holder.invokeSpecial(java.lang.Object, java.lang.Object, java.lang.Object, java.lang.Object, java.lang.Object, java.lang.Object, java.lang.Object, java.lang.Object, int, int)'> (0x000000008342aef8) thrown at [s\src\hotspot\share\interpreter\linkResolver.cpp, line 773]
Event: 41.087 Thread 0x000002ae59bcc000 Exception <a 'java/lang/NoSuchMethodError'{0x000000008334e580}: 'java.lang.Object java.lang.invoke.DirectMethodHandle$Holder.invokeStatic(java.lang.Object, java.lang.Object, java.lang.Object, int, java.lang.Object, java.lang.Object)'> (0x000000008334e580) thrown at [s\src\hotspot\share\interpreter\linkResolver.cpp, line 773]
Event: 41.204 Thread 0x000002ae59bcc000 Exception <a 'java/lang/NoSuchMethodError'{0x0000000083355c30}: 'java.lang.Object java.lang.invoke.Invokers$Holder.linkToTargetMethod(java.lang.Object, java.lang.Object, int, java.lang.Object, java.lang.Object, java.lang.Object)'> (0x0000000083355c30) thrown at [s\src\hotspot\share\interpreter\linkResolver.cpp, line 773]
Event: 41.481 Thread 0x000002ae59bcc000 Exception <a 'java/lang/NoSuchMethodError'{0x000000008319dfa8}: 'void java.lang.invoke.DelegatingMethodHandle$Holder.reinvoke_L(java.lang.Object, java.lang.Object, java.lang.Object, java.lang.Object, java.lang.Object, java.lang.Object, java.lang.Object, java.lang.Object, java.lang.Object, java.lang.Object, java.lang.Object)'> (0x000000008319dfa8) thrown at [s\src\hotspot\share\interpreter\linkResolver.cpp, line 773]
Event: 41.485 Thread 0x000002ae59bcc000 Exception <a 'java/lang/NoSuchMethodError'{0x00000000831a6420}: 'java.lang.Object java.lang.invoke.DirectMethodHandle$Holder.invokeSpecial(java.lang.Object, java.lang.Object, java.lang.Object, java.lang.Object, java.lang.Object, java.lang.Object, java.lang.Object, java.lang.Object, java.lang.Object, java.lang.Object, java.lang.Object)'> (0x00000000831a6420) thrown at [s\src\hotspot\share\interpreter\linkResolver.cpp, line 773]
Event: 41.486 Thread 0x000002ae59bcc000 Exception <a 'java/lang/NoSuchMethodError'{0x00000000831aab90}: 'java.lang.Object java.lang.invoke.Invokers$Holder.invoker(java.lang.Object, java.lang.Object, java.lang.Object, java.lang.Object, java.lang.Object, java.lang.Object, java.lang.Object, java.lang.Object, java.lang.Object, java.lang.Object, java.lang.Object)'> (0x00000000831aab90) thrown at [s\src\hotspot\share\interpreter\linkResolver.cpp, line 773]
Event: 41.487 Thread 0x000002ae59bcc000 Exception <a 'java/lang/NoSuchMethodError'{0x00000000831aff10}: 'java.lang.Object java.lang.invoke.DirectMethodHandle$Holder.invokeSpecial(java.lang.Object, java.lang.Object, java.lang.Object, java.lang.Object, java.lang.Object, java.lang.Object, java.lang.Object, java.lang.Object, java.lang.Object, java.lang.Object, java.lang.Object, java.lang.Object)'> (0x00000000831aff10) thrown at [s\src\hotspot\share\interpreter\linkResolver.cpp, line 773]
Event: 41.629 Thread 0x000002ae59bcc000 Exception <a 'java/lang/NoSuchMethodError'{0x0000000082f0e1e0}: 'java.lang.Object java.lang.invoke.DirectMethodHandle$Holder.invokeSpecial(java.lang.Object, java.lang.Object, java.lang.Object, java.lang.Object, java.lang.Object, java.lang.Object, java.lang.Object, java.lang.Object, java.lang.Object)'> (0x0000000082f0e1e0) thrown at [s\src\hotspot\share\interpreter\linkResolver.cpp, line 773]
Event: 42.818 Thread 0x000002ae59bcc000 Exception <a 'java/lang/NoSuchMethodError'{0x000000008361dfe0}: 'void java.lang.invoke.DirectMethodHandle$Holder.invokeStaticInit(java.lang.Object)'> (0x000000008361dfe0) thrown at [s\src\hotspot\share\interpreter\linkResolver.cpp, line 773]
Event: 42.856 Thread 0x000002ae59bcc000 Exception <a 'java/lang/NoSuchMethodError'{0x00000000836c0700}: 'java.lang.Object java.lang.invoke.DirectMethodHandle$Holder.invokeStatic(java.lang.Object, java.lang.Object, java.lang.Object, int)'> (0x00000000836c0700) thrown at [s\src\hotspot\share\interpreter\linkResolver.cpp, line 773]
Event: 42.857 Thread 0x000002ae59bcc000 Exception <a 'java/lang/NoSuchMethodError'{0x00000000836c48c8}: 'java.lang.Object java.lang.invoke.DirectMethodHandle$Holder.invokeSpecial(java.lang.Object, java.lang.Object, java.lang.Object, java.lang.Object, int)'> (0x00000000836c48c8) thrown at [s\src\hotspot\share\interpreter\linkResolver.cpp, line 773]
Event: 42.857 Thread 0x000002ae59bcc000 Exception <a 'java/lang/NoSuchMethodError'{0x00000000836c82b0}: 'java.lang.Object java.lang.invoke.Invokers$Holder.linkToTargetMethod(java.lang.Object, java.lang.Object, int, java.lang.Object)'> (0x00000000836c82b0) thrown at [s\src\hotspot\share\interpreter\linkResolver.cpp, line 773]
Event: 47.635 Thread 0x000002ae59bcc000 Exception <a 'java/lang/NoSuchMethodError'{0x0000000083b44058}: 'int java.lang.invoke.DirectMethodHandle$Holder.invokeSpecialIFC(java.lang.Object, java.lang.Object, java.lang.Object, java.lang.Object)'> (0x0000000083b44058) thrown at [s\src\hotspot\share\interpreter\linkResolver.cpp, line 773]
Event: 47.688 Thread 0x000002ae59bcc000 Exception <a 'java/lang/NoSuchMethodError'{0x0000000083b52010}: 'java.lang.Object java.lang.invoke.DirectMethodHandle$Holder.invokeInterface(java.lang.Object, java.lang.Object, java.lang.Object)'> (0x0000000083b52010) thrown at [s\src\hotspot\share\interpreter\linkResolver.cpp, line 773]
Event: 47.688 Thread 0x000002ae59bcc000 Exception <a 'java/lang/IncompatibleClassChangeError'{0x0000000083b554e8}: Found class java.lang.Object, but interface was expected> (0x0000000083b554e8) thrown at [s\src\hotspot\share\interpreter\linkResolver.cpp, line 839]

Events (20 events):
Event: 48.780 loading class org/gradle/api/internal/artifacts/ivyservice/resolveengine/artifact/ResolvedVariantCache
Event: 48.780 loading class org/gradle/api/internal/artifacts/ivyservice/resolveengine/artifact/ResolvedVariantCache done
Event: 48.781 loading class org/gradle/api/internal/artifacts/ComponentSelectorConverter
Event: 48.781 loading class org/gradle/api/internal/artifacts/ComponentSelectorConverter done
Event: 48.781 loading class org/gradle/internal/execution/steps/Step
Event: 48.781 loading class org/gradle/internal/execution/steps/Step done
Event: 48.782 loading class org/gradle/internal/execution/steps/DeferredExecutionAwareStep
Event: 48.782 loading class org/gradle/internal/execution/steps/DeferredExecutionAwareStep done
Event: 48.782 loading class org/gradle/api/internal/artifacts/mvnsettings/LocalMavenRepositoryLocator
Event: 48.782 loading class org/gradle/api/internal/artifacts/mvnsettings/LocalMavenRepositoryLocator done
Event: 48.782 loading class org/gradle/internal/resource/cached/ExternalResourceFileStore
Event: 48.782 loading class org/gradle/internal/resource/cached/ExternalResourceFileStore done
Event: 48.783 loading class org/gradle/internal/resource/local/FileStore
Event: 48.783 loading class org/gradle/internal/resource/local/FileStore done
Event: 48.783 loading class org/gradle/internal/resource/local/FileStoreSearcher
Event: 48.783 loading class org/gradle/internal/resource/local/FileStoreSearcher done
Event: 48.783 loading class org/gradle/internal/resource/cached/CachedExternalResourceIndex
Event: 48.783 loading class org/gradle/internal/resource/cached/CachedExternalResourceIndex done
Event: 48.784 loading class org/gradle/api/internal/artifacts/ArtifactDependencyResolver
Event: 48.784 loading class org/gradle/api/internal/artifacts/ArtifactDependencyResolver done


Dynamic libraries:
0x00007ff740a30000 - 0x00007ff740a3d000 	C:\Program Files\Microsoft\jdk-11.0.20.8-hotspot\bin\java.exe
0x00007ffd74410000 - 0x00007ffd74627000 	C:\WINDOWS\SYSTEM32\ntdll.dll
0x00007ffd73f20000 - 0x00007ffd73fe4000 	C:\WINDOWS\System32\KERNEL32.DLL
0x00007ffd71780000 - 0x00007ffd71b25000 	C:\WINDOWS\System32\KERNELBASE.dll
0x00007ffd71b30000 - 0x00007ffd71c41000 	C:\WINDOWS\System32\ucrtbase.dll
0x00007ffd5cb20000 - 0x00007ffd5cb37000 	C:\Program Files\Microsoft\jdk-11.0.20.8-hotspot\bin\jli.dll
0x00007ffd72270000 - 0x00007ffd7241e000 	C:\WINDOWS\System32\USER32.dll
0x00007ffd71e80000 - 0x00007ffd71ea6000 	C:\WINDOWS\System32\win32u.dll
0x00007ffd73ef0000 - 0x00007ffd73f19000 	C:\WINDOWS\System32\GDI32.dll
0x00007ffd71eb0000 - 0x00007ffd71fc9000 	C:\WINDOWS\System32\gdi32full.dll
0x00007ffd72040000 - 0x00007ffd720da000 	C:\WINDOWS\System32\msvcp_win.dll
0x00007ffd3d8c0000 - 0x00007ffd3d8d5000 	C:\Program Files\Microsoft\jdk-11.0.20.8-hotspot\bin\VCRUNTIME140.dll
0x00007ffd5d800000 - 0x00007ffd5da93000 	C:\WINDOWS\WinSxS\amd64_microsoft.windows.common-controls_6595b64144ccf1df_6.0.22621.2506_none_270c5ae97388e100\COMCTL32.dll
0x00007ffd72160000 - 0x00007ffd72207000 	C:\WINDOWS\System32\msvcrt.dll
0x00007ffd73440000 - 0x00007ffd73471000 	C:\WINDOWS\System32\IMM32.DLL
0x00007ffd120d0000 - 0x00007ffd1216b000 	C:\Program Files\Microsoft\jdk-11.0.20.8-hotspot\bin\msvcp140.dll
0x00007ffd0e110000 - 0x00007ffd0eca6000 	C:\Program Files\Microsoft\jdk-11.0.20.8-hotspot\bin\server\jvm.dll
0x00007ffd73d80000 - 0x00007ffd73e31000 	C:\WINDOWS\System32\ADVAPI32.dll
0x00007ffd72540000 - 0x00007ffd725e6000 	C:\WINDOWS\System32\sechost.dll
0x00007ffd74230000 - 0x00007ffd74347000 	C:\WINDOWS\System32\RPCRT4.dll
0x00007ffd73ff0000 - 0x00007ffd73ff8000 	C:\WINDOWS\System32\PSAPI.DLL
0x00007ffd5de30000 - 0x00007ffd5de39000 	C:\WINDOWS\SYSTEM32\WSOCK32.dll
0x00007ffd73e70000 - 0x00007ffd73ee1000 	C:\WINDOWS\System32\WS2_32.dll
0x00007ffd66660000 - 0x00007ffd66694000 	C:\WINDOWS\SYSTEM32\WINMM.dll
0x00007ffd6c610000 - 0x00007ffd6c61a000 	C:\WINDOWS\SYSTEM32\VERSION.dll
0x00007ffd70780000 - 0x00007ffd70798000 	C:\WINDOWS\SYSTEM32\kernel.appcore.dll
0x00007ffd5cbc0000 - 0x00007ffd5cbd0000 	C:\Program Files\Microsoft\jdk-11.0.20.8-hotspot\bin\verify.dll
0x00007ffd6efd0000 - 0x00007ffd6f203000 	C:\WINDOWS\SYSTEM32\DBGHELP.DLL
0x00007ffd730b0000 - 0x00007ffd73439000 	C:\WINDOWS\System32\combase.dll
0x00007ffd72e30000 - 0x00007ffd72f07000 	C:\WINDOWS\System32\OLEAUT32.dll
0x00007ffd62020000 - 0x00007ffd62052000 	C:\WINDOWS\SYSTEM32\dbgcore.DLL
0x00007ffd720e0000 - 0x00007ffd7215a000 	C:\WINDOWS\System32\bcryptPrimitives.dll
0x00007ffd18f80000 - 0x00007ffd18fa8000 	C:\Program Files\Microsoft\jdk-11.0.20.8-hotspot\bin\java.dll
0x00007ffd5c8f0000 - 0x00007ffd5c8fa000 	C:\Program Files\Microsoft\jdk-11.0.20.8-hotspot\bin\jimage.dll
0x00007ffd315b0000 - 0x00007ffd315c8000 	C:\Program Files\Microsoft\jdk-11.0.20.8-hotspot\bin\zip.dll
0x00007ffd734a0000 - 0x00007ffd73cf9000 	C:\WINDOWS\System32\SHELL32.dll
0x00007ffd6f6a0000 - 0x00007ffd6ff94000 	C:\WINDOWS\SYSTEM32\windows.storage.dll
0x00007ffd6f560000 - 0x00007ffd6f69e000 	C:\WINDOWS\SYSTEM32\wintypes.dll
0x00007ffd72c30000 - 0x00007ffd72d23000 	C:\WINDOWS\System32\SHCORE.dll
0x00007ffd72210000 - 0x00007ffd7226e000 	C:\WINDOWS\System32\shlwapi.dll
0x00007ffd716b0000 - 0x00007ffd716d6000 	C:\WINDOWS\SYSTEM32\profapi.dll
0x00007ffd2f9d0000 - 0x00007ffd2f9e9000 	C:\Program Files\Microsoft\jdk-11.0.20.8-hotspot\bin\net.dll
0x00007ffd65ee0000 - 0x00007ffd66017000 	C:\WINDOWS\SYSTEM32\WINHTTP.dll
0x00007ffd70c70000 - 0x00007ffd70cd9000 	C:\WINDOWS\system32\mswsock.dll
0x00007ffd2f8a0000 - 0x00007ffd2f8b3000 	C:\Program Files\Microsoft\jdk-11.0.20.8-hotspot\bin\nio.dll
0x00007ffd68a20000 - 0x00007ffd68a47000 	C:\Users\ASUS\.gradle\native\68d5fa5c4cc2d200863cafc0d521ce42e7d3e7ee720ec0a83991735586a16f82\windows-amd64\native-platform.dll
0x00007ffd0a890000 - 0x00007ffd0a9d4000 	C:\Users\ASUS\.gradle\native\e376f236ea51e6404a007f0833ffe2c6e607c4080706a723a18a27aeea778392\windows-amd64\native-platform-file-events.dll
0x00007ffd5c810000 - 0x00007ffd5c819000 	C:\Program Files\Microsoft\jdk-11.0.20.8-hotspot\bin\management.dll
0x00007ffd5c6a0000 - 0x00007ffd5c6ab000 	C:\Program Files\Microsoft\jdk-11.0.20.8-hotspot\bin\management_ext.dll
0x00007ffd70ed0000 - 0x00007ffd70eeb000 	C:\WINDOWS\SYSTEM32\CRYPTSP.dll
0x00007ffd706e0000 - 0x00007ffd70715000 	C:\WINDOWS\system32\rsaenh.dll
0x00007ffd70d60000 - 0x00007ffd70d8c000 	C:\WINDOWS\SYSTEM32\USERENV.dll
0x00007ffd71110000 - 0x00007ffd71138000 	C:\WINDOWS\SYSTEM32\bcrypt.dll
0x00007ffd70ec0000 - 0x00007ffd70ecc000 	C:\WINDOWS\SYSTEM32\CRYPTBASE.dll
0x00007ffd70240000 - 0x00007ffd7026d000 	C:\WINDOWS\SYSTEM32\IPHLPAPI.DLL
0x00007ffd73d70000 - 0x00007ffd73d79000 	C:\WINDOWS\System32\NSI.dll
0x00007ffd68db0000 - 0x00007ffd68dc9000 	C:\WINDOWS\SYSTEM32\dhcpcsvc6.DLL
0x00007ffd666b0000 - 0x00007ffd666cf000 	C:\WINDOWS\SYSTEM32\dhcpcsvc.DLL
0x00007ffd70270000 - 0x00007ffd70369000 	C:\WINDOWS\SYSTEM32\DNSAPI.dll

dbghelp: loaded successfully - version: 4.0.5 - missing functions: none
symbol engine: initialized successfully - sym options: 0x614 - pdb path: .;C:\Program Files\Microsoft\jdk-11.0.20.8-hotspot\bin;C:\WINDOWS\SYSTEM32;C:\WINDOWS\WinSxS\amd64_microsoft.windows.common-controls_6595b64144ccf1df_6.0.22621.2506_none_270c5ae97388e100;C:\Program Files\Microsoft\jdk-11.0.20.8-hotspot\bin\server;C:\Users\ASUS\.gradle\native\68d5fa5c4cc2d200863cafc0d521ce42e7d3e7ee720ec0a83991735586a16f82\windows-amd64;C:\Users\ASUS\.gradle\native\e376f236ea51e6404a007f0833ffe2c6e607c4080706a723a18a27aeea778392\windows-amd64

VM Arguments:
jvm_args: -XX:MaxMetaspaceSize=512m --add-opens=java.base/java.util=ALL-UNNAMED --add-opens=java.base/java.lang=ALL-UNNAMED --add-opens=java.base/java.lang.invoke=ALL-UNNAMED --add-opens=java.prefs/java.util.prefs=ALL-UNNAMED --add-opens=java.base/java.nio.charset=ALL-UNNAMED --add-opens=java.base/java.net=ALL-UNNAMED --add-opens=java.base/java.util.concurrent.atomic=ALL-UNNAMED -Xmx2048m -Dfile.encoding=windows-1252 -Duser.country=US -Duser.language=en -Duser.variant 
java_command: org.gradle.launcher.daemon.bootstrap.GradleDaemon 8.0.1
java_class_path (initial): C:\Users\ASUS\.gradle\wrapper\dists\gradle-8.0.1-all\aro4hu1c3oeioove7l0i4i14o\gradle-8.0.1\lib\gradle-launcher-8.0.1.jar
Launcher Type: SUN_STANDARD

[Global flags]
     intx CICompilerCount                          = 3                                         {product} {ergonomic}
   size_t CompressedClassSpaceSize                 = 528482304                                 {product} {ergonomic}
     uint ConcGCThreads                            = 1                                         {product} {ergonomic}
     uint G1ConcRefinementThreads                  = 4                                         {product} {ergonomic}
   size_t G1HeapRegionSize                         = 1048576                                   {product} {ergonomic}
    uintx GCDrainStackTargetSize                   = 64                                        {product} {ergonomic}
   size_t InitialHeapSize                          = 62914560                                  {product} {ergonomic}
   size_t MarkStackSize                            = 4194304                                   {product} {ergonomic}
   size_t MaxHeapSize                              = 2147483648                                {product} {command line}
   size_t MaxMetaspaceSize                         = 536870912                                 {product} {command line}
   size_t MaxNewSize                               = 1287651328                                {product} {ergonomic}
   size_t MinHeapDeltaBytes                        = 1048576                                   {product} {ergonomic}
    uintx NonNMethodCodeHeapSize                   = 5830732                                {pd product} {ergonomic}
    uintx NonProfiledCodeHeapSize                  = 122913754                              {pd product} {ergonomic}
    uintx ProfiledCodeHeapSize                     = 122913754                              {pd product} {ergonomic}
    uintx ReservedCodeCacheSize                    = 251658240                              {pd product} {ergonomic}
     bool SegmentedCodeCache                       = true                                      {product} {ergonomic}
     bool UseCompressedClassPointers               = true                                 {lp64_product} {ergonomic}
     bool UseCompressedOops                        = true                                 {lp64_product} {ergonomic}
     bool UseG1GC                                  = true                                      {product} {ergonomic}
     bool UseLargePagesIndividualAllocation        = false                                  {pd product} {ergonomic}

Logging:
Log output configuration:
 #0: stdout all=warning uptime,level,tags
 #1: stderr all=off uptime,level,tags

Environment Variables:
JAVA_HOME=C:\Program Files\Microsoft\jdk-11.0.20.8-hotspot\
CLASSPATH=C:\Users\ASUS\OneDrive\Dokumen\SEMS 5\project\MarkieBakery\android\\gradle\wrapper\gradle-wrapper.jar
PATH=C:\Users\ASUS\OneDrive\Dokumen\SEMS 5\project\MarkieBakery\node_modules\.bin;C:\Users\ASUS\OneDrive\Dokumen\SEMS 5\project\MarkieBakery\node_modules\.bin;C:\Users\ASUS\OneDrive\Dokumen\SEMS 5\project\node_modules\.bin;C:\Users\ASUS\OneDrive\Dokumen\SEMS 5\node_modules\.bin;C:\Users\ASUS\OneDrive\Dokumen\node_modules\.bin;C:\Users\ASUS\OneDrive\node_modules\.bin;C:\Users\ASUS\node_modules\.bin;C:\Users\node_modules\.bin;C:\node_modules\.bin;C:\Users\ASUS\AppData\Roaming\npm\node_modules\npm\node_modules\@npmcli\run-script\lib\node-gyp-bin;C:\Users\ASUS\OneDrive\Dokumen\SEMS 5\project\MarkieBakery\node_modules\.bin;C:\Users\ASUS\OneDrive\Dokumen\SEMS 5\project\MarkieBakery\node_modules\.bin;C:\Users\ASUS\OneDrive\Dokumen\SEMS 5\project\node_modules\.bin;C:\Users\ASUS\OneDrive\Dokumen\SEMS 5\node_modules\.bin;C:\Users\ASUS\OneDrive\Dokumen\node_modules\.bin;C:\Users\ASUS\OneDrive\node_modules\.bin;C:\Users\ASUS\node_modules\.bin;C:\Users\node_modules\.bin;C:\node_modules\.bin;C:\Users\ASUS\AppData\Roaming\npm\node_modules\npm\node_modules\@npmcli\run-script\lib\node-gyp-bin;C:\Program Files\Microsoft\jdk-11.0.20.8-hotspot\bin;C:\Program Files (x86)\Seagate Software\NOTES\;C:\Program Files (x86)\Seagate Software\NOTES\DATA\;C:\Program Files (x86)\Borland\Delphi for .NET Preview\aspx\bin\;C:\Program Files (x86)\Borland\Delphi for .NET Preview\aspx\framework\;C:\Program Files (x86)\Borland\Delphi for .NET Preview\bin\;C:\Program Files (x86)\Borland\Delphi7\Bin;C:\Program Files (x86)\Borland\Delphi7\Projects\Bpl\;C:\ProgramData\Oracle\Java\javapath;C:\WINDOWS\system32;C:\WINDOWS;C:\WINDOWS\System32\Wbem;C:\WINDOWS\System32\WindowsPowerShell\v1.0\;C:\WINDOWS\System32\OpenSSH\;C:\Program Files\dotnet\;C:\Program Files\Microsoft SQL Server\120\DTS\Binn\;C:\Program Files\Microsoft SQL Server\Client SDK\ODBC\110\Tools\Binn\;C:\Program Files (x86)\Microsoft SQL Server\120\Tools\Binn\;C:\Program Files\Microsoft SQL Server\120\Tools\Binn\;C:\Program Files (x86)\Microsoft SQL Ser
USERNAME=ASUS
LANG=en_US.UTF-8
OS=Windows_NT
PROCESSOR_IDENTIFIER=Intel64 Family 6 Model 126 Stepping 5, GenuineIntel
TMP=C:\Users\ASUS\AppData\Local\Temp
TEMP=C:\Users\ASUS\AppData\Local\Temp



---------------  S Y S T E M  ---------------

OS: Windows 11 , 64 bit Build 22621 (10.0.22621.2506)
OS uptime: 1 days 10:31 hours

CPU:total 4 (initial active 4) (2 cores per cpu, 2 threads per core) family 6 model 126 stepping 5 microcode 0xa6, cmov, cx8, fxsr, mmx, sse, sse2, sse3, ssse3, sse4.1, sse4.2, popcnt, avx, avx2, aes, clmul, erms, 3dnowpref, lzcnt, ht, tsc, tscinvbit, bmi1, bmi2, adx, evex, sha, fma

Memory: 4k page, system-wide physical 3836M (84M free)
TotalPageFile size 15612M (AvailPageFile size 2M)
current process WorkingSet (physical memory assigned to process): 105M, peak: 109M
current process commit charge ("private bytes"): 183M, peak: 189M

vm_info: OpenJDK 64-Bit Server VM (11.0.20+8-LTS) for windows-amd64 JRE (11.0.20+8-LTS), built on Jul  7 2023 17:05:21 by "MicrosoftCorporation" with MS VC++ 15.9 (VS2017)

END.
